WARNING 2025-07-27 15:18:12,608 log 33808 3048 Not Found: /.well-known/appspecific/com.chrome.devtools.json
WARNING 2025-07-27 15:18:17,651 log 33808 3048 Not Found: /.well-known/appspecific/com.chrome.devtools.json
WARNING 2025-07-27 15:18:23,770 log 33808 3048 Not Found: /.well-known/appspecific/com.chrome.devtools.json
WARNING 2025-07-27 15:18:48,174 log 33808 3048 Not Found: /.well-known/appspecific/com.chrome.devtools.json
WARNING 2025-07-27 15:18:53,729 log 33808 3048 Not Found: /.well-known/appspecific/com.chrome.devtools.json
WARNING 2025-07-27 15:22:28,232 log 29940 3212 Not Found: /.well-known/appspecific/com.chrome.devtools.json
WARNING 2025-07-27 15:22:35,432 log 29940 3212 Method Not Allowed: /auth/register/
WARNING 2025-07-27 15:22:35,527 log 29940 3212 Not Found: /favicon.ico
INFO 2025-07-27 15:23:01,705 views 29940 34124 User registered successfully: space@gmail.com
WARNING 2025-07-27 18:04:47,273 log 5404 13572 Unauthorized: /auth/jwt/create/
WARNING 2025-07-27 18:04:48,112 log 5404 13572 Unauthorized: /auth/jwt/create/
WARNING 2025-07-27 18:05:20,896 log 5404 13572 Method Not Allowed: /auth/jwt/create/
WARNING 2025-07-27 18:05:20,994 log 5404 13572 Not Found: /favicon.ico
WARNING 2025-07-27 23:37:05,753 log 36620 31308 Method Not Allowed: /auth/register/
WARNING 2025-07-27 23:37:05,860 log 36620 31308 Not Found: /favicon.ico
WARNING 2025-07-29 22:21:55,790 log 33988 27056 Not Found: /
WARNING 2025-07-29 22:21:55,845 log 33988 27056 Not Found: /favicon.ico
WARNING 2025-07-30 00:05:43,312 log 33988 27056 Not Found: /favicon.ico
WARNING 2025-07-30 00:05:48,092 log 33988 27056 Not Found: /favicon.ico
WARNING 2025-07-30 23:07:48,396 log 2128 20188 Not Found: /
WARNING 2025-07-30 23:07:48,449 log 2128 20188 Not Found: /favicon.ico
INFO 2025-07-30 23:09:19,397 views 2128 30020 User registered successfully: pen@gmail.com
WARNING 2025-07-30 23:13:31,569 log 2128 20188 Unauthorized: /auth/jwt/create/
WARNING 2025-07-30 23:13:32,440 log 2128 20188 Unauthorized: /auth/jwt/create/
ERROR 2025-08-02 01:28:51,899 log 32156 21240 Internal Server Error: /auth/jwt/create/
Traceback (most recent call last):
  File "C:\Users\Abhishek\Chatapp\backend\venv\Lib\site-packages\django\db\backends\utils.py", line 105, in _execute
    return self.cursor.execute(sql, params)
           ~~~~~~~~~~~~~~~~~~~^^^^^^^^^^^^^
psycopg2.errors.UndefinedColumn: column auth_user.name does not exist
LINE 1: ...uperuser", "auth_user"."id", "auth_user"."email", "auth_user...
                                                             ^


The above exception was the direct cause of the following exception:

Traceback (most recent call last):
  File "C:\Users\Abhishek\Chatapp\backend\venv\Lib\site-packages\asgiref\sync.py", line 489, in thread_handler
    raise exc_info[1]
  File "C:\Users\Abhishek\Chatapp\backend\venv\Lib\site-packages\django\core\handlers\exception.py", line 42, in inner
    response = await get_response(request)
               ^^^^^^^^^^^^^^^^^^^^^^^^^^^
  File "C:\Users\Abhishek\Chatapp\backend\venv\Lib\site-packages\asgiref\sync.py", line 489, in thread_handler
    raise exc_info[1]
  File "C:\Users\Abhishek\Chatapp\backend\venv\Lib\site-packages\django\core\handlers\base.py", line 253, in _get_response_async
    response = await wrapped_callback(
               ^^^^^^^^^^^^^^^^^^^^^^^
        request, *callback_args, **callback_kwargs
        ^^^^^^^^^^^^^^^^^^^^^^^^^^^^^^^^^^^^^^^^^^
    )
    ^
  File "C:\Users\Abhishek\Chatapp\backend\venv\Lib\site-packages\asgiref\sync.py", line 439, in __call__
    ret = await asyncio.shield(exec_coro)
          ^^^^^^^^^^^^^^^^^^^^^^^^^^^^^^^
  File "C:\Users\Abhishek\Chatapp\backend\venv\Lib\site-packages\asgiref\current_thread_executor.py", line 40, in run
    result = self.fn(*self.args, **self.kwargs)
  File "C:\Users\Abhishek\Chatapp\backend\venv\Lib\site-packages\asgiref\sync.py", line 493, in thread_handler
    return func(*args, **kwargs)
  File "C:\Users\Abhishek\Chatapp\backend\venv\Lib\site-packages\django\views\decorators\csrf.py", line 65, in _view_wrapper
    return view_func(request, *args, **kwargs)
  File "C:\Users\Abhishek\Chatapp\backend\venv\Lib\site-packages\django\views\generic\base.py", line 105, in view
    return self.dispatch(request, *args, **kwargs)
           ~~~~~~~~~~~~~^^^^^^^^^^^^^^^^^^^^^^^^^^
  File "C:\Users\Abhishek\Chatapp\backend\venv\Lib\site-packages\rest_framework\views.py", line 515, in dispatch
    response = self.handle_exception(exc)
  File "C:\Users\Abhishek\Chatapp\backend\venv\Lib\site-packages\rest_framework\views.py", line 475, in handle_exception
    self.raise_uncaught_exception(exc)
    ~~~~~~~~~~~~~~~~~~~~~~~~~~~~~^^^^^
  File "C:\Users\Abhishek\Chatapp\backend\venv\Lib\site-packages\rest_framework\views.py", line 486, in raise_uncaught_exception
    raise exc
  File "C:\Users\Abhishek\Chatapp\backend\venv\Lib\site-packages\rest_framework\views.py", line 512, in dispatch
    response = handler(request, *args, **kwargs)
  File "C:\Users\Abhishek\Chatapp\backend\venv\Lib\site-packages\rest_framework_simplejwt\views.py", line 46, in post
    serializer.is_valid(raise_exception=True)
    ~~~~~~~~~~~~~~~~~~~^^^^^^^^^^^^^^^^^^^^^^
  File "C:\Users\Abhishek\Chatapp\backend\venv\Lib\site-packages\rest_framework\serializers.py", line 225, in is_valid
    self._validated_data = self.run_validation(self.initial_data)
                           ~~~~~~~~~~~~~~~~~~~^^^^^^^^^^^^^^^^^^^
  File "C:\Users\Abhishek\Chatapp\backend\venv\Lib\site-packages\rest_framework\serializers.py", line 447, in run_validation
    value = self.validate(value)
  File "C:\Users\Abhishek\Chatapp\backend\venv\Lib\site-packages\rest_framework_simplejwt\serializers.py", line 73, in validate
    data = super().validate(attrs)
  File "C:\Users\Abhishek\Chatapp\backend\venv\Lib\site-packages\rest_framework_simplejwt\serializers.py", line 54, in validate
    self.user = authenticate(**authenticate_kwargs)
                ~~~~~~~~~~~~^^^^^^^^^^^^^^^^^^^^^^^
  File "C:\Users\Abhishek\Chatapp\backend\venv\Lib\site-packages\django\views\decorators\debug.py", line 75, in sensitive_variables_wrapper
    return func(*func_args, **func_kwargs)
  File "C:\Users\Abhishek\Chatapp\backend\venv\Lib\site-packages\django\contrib\auth\__init__.py", line 114, in authenticate
    user = backend.authenticate(request, **credentials)
  File "C:\Users\Abhishek\Chatapp\backend\venv\Lib\site-packages\django\contrib\auth\backends.py", line 65, in authenticate
    user = UserModel._default_manager.get_by_natural_key(username)
  File "C:\Users\Abhishek\Chatapp\backend\venv\Lib\site-packages\django\contrib\auth\base_user.py", line 37, in get_by_natural_key
    return self.get(**{self.model.USERNAME_FIELD: username})
           ~~~~~~~~^^^^^^^^^^^^^^^^^^^^^^^^^^^^^^^^^^^^^^^^^
  File "C:\Users\Abhishek\Chatapp\backend\venv\Lib\site-packages\django\db\models\manager.py", line 87, in manager_method
    return getattr(self.get_queryset(), name)(*args, **kwargs)
           ~~~~~~~~~~~~~~~~~~~~~~~~~~~~~~~~~~^^^^^^^^^^^^^^^^^
  File "C:\Users\Abhishek\Chatapp\backend\venv\Lib\site-packages\django\db\models\query.py", line 629, in get
    num = len(clone)
  File "C:\Users\Abhishek\Chatapp\backend\venv\Lib\site-packages\django\db\models\query.py", line 366, in __len__
    self._fetch_all()
    ~~~~~~~~~~~~~~~^^
  File "C:\Users\Abhishek\Chatapp\backend\venv\Lib\site-packages\django\db\models\query.py", line 1949, in _fetch_all
    self._result_cache = list(self._iterable_class(self))
                         ~~~~^^^^^^^^^^^^^^^^^^^^^^^^^^^^
  File "C:\Users\Abhishek\Chatapp\backend\venv\Lib\site-packages\django\db\models\query.py", line 91, in __iter__
    results = compiler.execute_sql(
        chunked_fetch=self.chunked_fetch, chunk_size=self.chunk_size
    )
  File "C:\Users\Abhishek\Chatapp\backend\venv\Lib\site-packages\django\db\models\sql\compiler.py", line 1623, in execute_sql
    cursor.execute(sql, params)
    ~~~~~~~~~~~~~~^^^^^^^^^^^^^
  File "C:\Users\Abhishek\Chatapp\backend\venv\Lib\site-packages\django\db\backends\utils.py", line 122, in execute
    return super().execute(sql, params)
           ~~~~~~~~~~~~~~~^^^^^^^^^^^^^
  File "C:\Users\Abhishek\Chatapp\backend\venv\Lib\site-packages\django\db\backends\utils.py", line 79, in execute
    return self._execute_with_wrappers(
           ~~~~~~~~~~~~~~~~~~~~~~~~~~~^
        sql, params, many=False, executor=self._execute
        ^^^^^^^^^^^^^^^^^^^^^^^^^^^^^^^^^^^^^^^^^^^^^^^
    )
    ^
  File "C:\Users\Abhishek\Chatapp\backend\venv\Lib\site-packages\django\db\backends\utils.py", line 92, in _execute_with_wrappers
    return executor(sql, params, many, context)
  File "C:\Users\Abhishek\Chatapp\backend\venv\Lib\site-packages\django\db\backends\utils.py", line 100, in _execute
    with self.db.wrap_database_errors:
         ^^^^^^^^^^^^^^^^^^^^^^^^^^^^
  File "C:\Users\Abhishek\Chatapp\backend\venv\Lib\site-packages\django\db\utils.py", line 91, in __exit__
    raise dj_exc_value.with_traceback(traceback) from exc_value
  File "C:\Users\Abhishek\Chatapp\backend\venv\Lib\site-packages\django\db\backends\utils.py", line 105, in _execute
    return self.cursor.execute(sql, params)
           ~~~~~~~~~~~~~~~~~~~^^^^^^^^^^^^^
django.db.utils.ProgrammingError: column auth_user.name does not exist
LINE 1: ...uperuser", "auth_user"."id", "auth_user"."email", "auth_user...
                                                             ^

ERROR 2025-08-02 01:33:34,972 log 32156 21240 Internal Server Error: /auth/jwt/create/
Traceback (most recent call last):
  File "C:\Users\Abhishek\Chatapp\backend\venv\Lib\site-packages\django\db\backends\utils.py", line 105, in _execute
    return self.cursor.execute(sql, params)
           ~~~~~~~~~~~~~~~~~~~^^^^^^^^^^^^^
psycopg2.errors.UndefinedColumn: column auth_user.name does not exist
LINE 1: ...uperuser", "auth_user"."id", "auth_user"."email", "auth_user...
                                                             ^


The above exception was the direct cause of the following exception:

Traceback (most recent call last):
  File "C:\Users\Abhishek\Chatapp\backend\venv\Lib\site-packages\asgiref\sync.py", line 489, in thread_handler
    raise exc_info[1]
  File "C:\Users\Abhishek\Chatapp\backend\venv\Lib\site-packages\django\core\handlers\exception.py", line 42, in inner
    response = await get_response(request)
               ^^^^^^^^^^^^^^^^^^^^^^^^^^^
  File "C:\Users\Abhishek\Chatapp\backend\venv\Lib\site-packages\asgiref\sync.py", line 489, in thread_handler
    raise exc_info[1]
  File "C:\Users\Abhishek\Chatapp\backend\venv\Lib\site-packages\django\core\handlers\base.py", line 253, in _get_response_async
    response = await wrapped_callback(
               ^^^^^^^^^^^^^^^^^^^^^^^
        request, *callback_args, **callback_kwargs
        ^^^^^^^^^^^^^^^^^^^^^^^^^^^^^^^^^^^^^^^^^^
    )
    ^
  File "C:\Users\Abhishek\Chatapp\backend\venv\Lib\site-packages\asgiref\sync.py", line 439, in __call__
    ret = await asyncio.shield(exec_coro)
          ^^^^^^^^^^^^^^^^^^^^^^^^^^^^^^^
  File "C:\Users\Abhishek\Chatapp\backend\venv\Lib\site-packages\asgiref\current_thread_executor.py", line 40, in run
    result = self.fn(*self.args, **self.kwargs)
  File "C:\Users\Abhishek\Chatapp\backend\venv\Lib\site-packages\asgiref\sync.py", line 493, in thread_handler
    return func(*args, **kwargs)
  File "C:\Users\Abhishek\Chatapp\backend\venv\Lib\site-packages\django\views\decorators\csrf.py", line 65, in _view_wrapper
    return view_func(request, *args, **kwargs)
  File "C:\Users\Abhishek\Chatapp\backend\venv\Lib\site-packages\django\views\generic\base.py", line 105, in view
    return self.dispatch(request, *args, **kwargs)
           ~~~~~~~~~~~~~^^^^^^^^^^^^^^^^^^^^^^^^^^
  File "C:\Users\Abhishek\Chatapp\backend\venv\Lib\site-packages\rest_framework\views.py", line 515, in dispatch
    response = self.handle_exception(exc)
  File "C:\Users\Abhishek\Chatapp\backend\venv\Lib\site-packages\rest_framework\views.py", line 475, in handle_exception
    self.raise_uncaught_exception(exc)
    ~~~~~~~~~~~~~~~~~~~~~~~~~~~~~^^^^^
  File "C:\Users\Abhishek\Chatapp\backend\venv\Lib\site-packages\rest_framework\views.py", line 486, in raise_uncaught_exception
    raise exc
  File "C:\Users\Abhishek\Chatapp\backend\venv\Lib\site-packages\rest_framework\views.py", line 512, in dispatch
    response = handler(request, *args, **kwargs)
  File "C:\Users\Abhishek\Chatapp\backend\venv\Lib\site-packages\rest_framework_simplejwt\views.py", line 46, in post
    serializer.is_valid(raise_exception=True)
    ~~~~~~~~~~~~~~~~~~~^^^^^^^^^^^^^^^^^^^^^^
  File "C:\Users\Abhishek\Chatapp\backend\venv\Lib\site-packages\rest_framework\serializers.py", line 225, in is_valid
    self._validated_data = self.run_validation(self.initial_data)
                           ~~~~~~~~~~~~~~~~~~~^^^^^^^^^^^^^^^^^^^
  File "C:\Users\Abhishek\Chatapp\backend\venv\Lib\site-packages\rest_framework\serializers.py", line 447, in run_validation
    value = self.validate(value)
  File "C:\Users\Abhishek\Chatapp\backend\venv\Lib\site-packages\rest_framework_simplejwt\serializers.py", line 73, in validate
    data = super().validate(attrs)
  File "C:\Users\Abhishek\Chatapp\backend\venv\Lib\site-packages\rest_framework_simplejwt\serializers.py", line 54, in validate
    self.user = authenticate(**authenticate_kwargs)
                ~~~~~~~~~~~~^^^^^^^^^^^^^^^^^^^^^^^
  File "C:\Users\Abhishek\Chatapp\backend\venv\Lib\site-packages\django\views\decorators\debug.py", line 75, in sensitive_variables_wrapper
    return func(*func_args, **func_kwargs)
  File "C:\Users\Abhishek\Chatapp\backend\venv\Lib\site-packages\django\contrib\auth\__init__.py", line 114, in authenticate
    user = backend.authenticate(request, **credentials)
  File "C:\Users\Abhishek\Chatapp\backend\venv\Lib\site-packages\django\contrib\auth\backends.py", line 65, in authenticate
    user = UserModel._default_manager.get_by_natural_key(username)
  File "C:\Users\Abhishek\Chatapp\backend\venv\Lib\site-packages\django\contrib\auth\base_user.py", line 37, in get_by_natural_key
    return self.get(**{self.model.USERNAME_FIELD: username})
           ~~~~~~~~^^^^^^^^^^^^^^^^^^^^^^^^^^^^^^^^^^^^^^^^^
  File "C:\Users\Abhishek\Chatapp\backend\venv\Lib\site-packages\django\db\models\manager.py", line 87, in manager_method
    return getattr(self.get_queryset(), name)(*args, **kwargs)
           ~~~~~~~~~~~~~~~~~~~~~~~~~~~~~~~~~~^^^^^^^^^^^^^^^^^
  File "C:\Users\Abhishek\Chatapp\backend\venv\Lib\site-packages\django\db\models\query.py", line 629, in get
    num = len(clone)
  File "C:\Users\Abhishek\Chatapp\backend\venv\Lib\site-packages\django\db\models\query.py", line 366, in __len__
    self._fetch_all()
    ~~~~~~~~~~~~~~~^^
  File "C:\Users\Abhishek\Chatapp\backend\venv\Lib\site-packages\django\db\models\query.py", line 1949, in _fetch_all
    self._result_cache = list(self._iterable_class(self))
                         ~~~~^^^^^^^^^^^^^^^^^^^^^^^^^^^^
  File "C:\Users\Abhishek\Chatapp\backend\venv\Lib\site-packages\django\db\models\query.py", line 91, in __iter__
    results = compiler.execute_sql(
        chunked_fetch=self.chunked_fetch, chunk_size=self.chunk_size
    )
  File "C:\Users\Abhishek\Chatapp\backend\venv\Lib\site-packages\django\db\models\sql\compiler.py", line 1623, in execute_sql
    cursor.execute(sql, params)
    ~~~~~~~~~~~~~~^^^^^^^^^^^^^
  File "C:\Users\Abhishek\Chatapp\backend\venv\Lib\site-packages\django\db\backends\utils.py", line 122, in execute
    return super().execute(sql, params)
           ~~~~~~~~~~~~~~~^^^^^^^^^^^^^
  File "C:\Users\Abhishek\Chatapp\backend\venv\Lib\site-packages\django\db\backends\utils.py", line 79, in execute
    return self._execute_with_wrappers(
           ~~~~~~~~~~~~~~~~~~~~~~~~~~~^
        sql, params, many=False, executor=self._execute
        ^^^^^^^^^^^^^^^^^^^^^^^^^^^^^^^^^^^^^^^^^^^^^^^
    )
    ^
  File "C:\Users\Abhishek\Chatapp\backend\venv\Lib\site-packages\django\db\backends\utils.py", line 92, in _execute_with_wrappers
    return executor(sql, params, many, context)
  File "C:\Users\Abhishek\Chatapp\backend\venv\Lib\site-packages\django\db\backends\utils.py", line 100, in _execute
    with self.db.wrap_database_errors:
         ^^^^^^^^^^^^^^^^^^^^^^^^^^^^
  File "C:\Users\Abhishek\Chatapp\backend\venv\Lib\site-packages\django\db\utils.py", line 91, in __exit__
    raise dj_exc_value.with_traceback(traceback) from exc_value
  File "C:\Users\Abhishek\Chatapp\backend\venv\Lib\site-packages\django\db\backends\utils.py", line 105, in _execute
    return self.cursor.execute(sql, params)
           ~~~~~~~~~~~~~~~~~~~^^^^^^^^^^^^^
django.db.utils.ProgrammingError: column auth_user.name does not exist
LINE 1: ...uperuser", "auth_user"."id", "auth_user"."email", "auth_user...
                                                             ^

WARNING 2025-08-02 01:39:44,062 log 27080 20900 Unauthorized: /auth/jwt/create/
WARNING 2025-08-02 01:39:44,781 log 27080 20900 Unauthorized: /auth/jwt/create/
WARNING 2025-08-02 19:42:23,350 log 32052 31196 Not Found: /
WARNING 2025-08-02 19:42:23,401 log 32052 31196 Not Found: /favicon.ico
WARNING 2025-08-02 19:42:39,896 log 32052 31196 Unauthorized: /auth/subjects/
WARNING 2025-08-02 19:42:59,450 log 32052 31196 Not Found: /auth/subkect
WARNING 2025-08-02 19:43:10,349 log 32052 31196 Unauthorized: /auth/subjects/
WARNING 2025-08-02 20:32:48,814 log 32052 31196 Unauthorized: /auth/subjects/
WARNING 2025-08-02 21:31:10,818 log 17784 11604 Not Found: /
WARNING 2025-08-02 21:31:18,101 log 17784 11604 Not Found: /.well-known/appspecific/com.chrome.devtools.json
INFO 2025-08-05 08:53:51,852 autoreload 44906 130973726392320 Watching for file changes with StatReloader
WARNING 2025-08-05 08:54:35,785 log 44906 130972923143744 Method Not Allowed: /auth/jwt/create
WARNING 2025-08-05 08:54:36,138 log 44906 130972923143744 Not Found: /favicon.ico
INFO 2025-08-05 09:05:21,446 autoreload 44906 130973726392320 /home/abhishekubuntu/RagBag/backend/RagBag-backend/accounts/serializers.py changed, reloading.
INFO 2025-08-05 09:05:23,081 autoreload 45788 128261603876864 Watching for file changes with StatReloader
INFO 2025-08-05 09:05:26,561 autoreload 45843 138826119106560 Watching for file changes with StatReloader
ERROR 2025-08-05 09:06:38,531 log 45843 138825315591744 Internal Server Error: /auth/subjects/
Traceback (most recent call last):
  File "/home/abhishekubuntu/RagBag/.venv/lib/python3.10/site-packages/django/core/handlers/exception.py", line 55, in inner
    response = get_response(request)
  File "/home/abhishekubuntu/RagBag/.venv/lib/python3.10/site-packages/django/core/handlers/base.py", line 197, in _get_response
    response = wrapped_callback(request, *callback_args, **callback_kwargs)
  File "/home/abhishekubuntu/RagBag/.venv/lib/python3.10/site-packages/django/views/decorators/csrf.py", line 65, in _view_wrapper
    return view_func(request, *args, **kwargs)
  File "/home/abhishekubuntu/RagBag/.venv/lib/python3.10/site-packages/django/views/generic/base.py", line 105, in view
    return self.dispatch(request, *args, **kwargs)
  File "/home/abhishekubuntu/RagBag/.venv/lib/python3.10/site-packages/rest_framework/views.py", line 515, in dispatch
    response = self.handle_exception(exc)
  File "/home/abhishekubuntu/RagBag/.venv/lib/python3.10/site-packages/rest_framework/views.py", line 475, in handle_exception
    self.raise_uncaught_exception(exc)
  File "/home/abhishekubuntu/RagBag/.venv/lib/python3.10/site-packages/rest_framework/views.py", line 486, in raise_uncaught_exception
    raise exc
  File "/home/abhishekubuntu/RagBag/.venv/lib/python3.10/site-packages/rest_framework/views.py", line 512, in dispatch
    response = handler(request, *args, **kwargs)
  File "/home/abhishekubuntu/RagBag/.venv/lib/python3.10/site-packages/rest_framework/generics.py", line 243, in get
    return self.list(request, *args, **kwargs)
  File "/home/abhishekubuntu/RagBag/.venv/lib/python3.10/site-packages/rest_framework/mixins.py", line 46, in list
    return Response(serializer.data)
  File "/home/abhishekubuntu/RagBag/.venv/lib/python3.10/site-packages/rest_framework/serializers.py", line 797, in data
    ret = super().data
  File "/home/abhishekubuntu/RagBag/.venv/lib/python3.10/site-packages/rest_framework/serializers.py", line 251, in data
    self._data = self.to_representation(self.instance)
  File "/home/abhishekubuntu/RagBag/.venv/lib/python3.10/site-packages/rest_framework/serializers.py", line 715, in to_representation
    return [
  File "/home/abhishekubuntu/RagBag/.venv/lib/python3.10/site-packages/rest_framework/serializers.py", line 716, in <listcomp>
    self.child.to_representation(item) for item in iterable
  File "/home/abhishekubuntu/RagBag/.venv/lib/python3.10/site-packages/rest_framework/serializers.py", line 525, in to_representation
    for field in fields:
  File "/home/abhishekubuntu/RagBag/.venv/lib/python3.10/site-packages/rest_framework/serializers.py", line 386, in _readable_fields
    for field in self.fields.values():
  File "/home/abhishekubuntu/RagBag/.venv/lib/python3.10/site-packages/django/utils/functional.py", line 47, in __get__
    res = instance.__dict__[self.name] = self.func(instance)
  File "/home/abhishekubuntu/RagBag/.venv/lib/python3.10/site-packages/rest_framework/serializers.py", line 374, in fields
    for key, value in self.get_fields().items():
  File "/home/abhishekubuntu/RagBag/.venv/lib/python3.10/site-packages/rest_framework/serializers.py", line 1105, in get_fields
    field_class, field_kwargs = self.build_field(
  File "/home/abhishekubuntu/RagBag/.venv/lib/python3.10/site-packages/rest_framework/serializers.py", line 1251, in build_field
    return self.build_unknown_field(field_name, model_class)
  File "/home/abhishekubuntu/RagBag/.venv/lib/python3.10/site-packages/rest_framework/serializers.py", line 1369, in build_unknown_field
    raise ImproperlyConfigured(
django.core.exceptions.ImproperlyConfigured: Field name `iduser` is not valid for model `Subject` in `accounts.serializers.SubjectSerializer`.
INFO 2025-08-05 09:09:21,059 autoreload 45843 138826119106560 /home/abhishekubuntu/RagBag/backend/RagBag-backend/accounts/serializers.py changed, reloading.
INFO 2025-08-05 09:09:22,884 autoreload 46395 129138461224960 Watching for file changes with StatReloader
INFO 2025-08-05 09:09:25,280 autoreload 46395 129138461224960 /home/abhishekubuntu/RagBag/backend/RagBag-backend/accounts/serializers.py changed, reloading.
INFO 2025-08-05 09:09:26,137 autoreload 46424 139822835363840 Watching for file changes with StatReloader
INFO 2025-08-05 09:09:56,294 autoreload 46424 139822835363840 /home/abhishekubuntu/RagBag/backend/RagBag-backend/accounts/serializers.py changed, reloading.
INFO 2025-08-05 09:09:58,012 autoreload 46498 136098978181120 Watching for file changes with StatReloader
INFO 2025-08-05 09:10:05,652 autoreload 46577 123833565474816 Watching for file changes with StatReloader
ERROR 2025-08-05 09:10:28,655 log 46577 123832763360832 Internal Server Error: /auth/subjects/
Traceback (most recent call last):
  File "/home/abhishekubuntu/RagBag/.venv/lib/python3.10/site-packages/django/core/handlers/exception.py", line 55, in inner
    response = get_response(request)
  File "/home/abhishekubuntu/RagBag/.venv/lib/python3.10/site-packages/django/core/handlers/base.py", line 197, in _get_response
    response = wrapped_callback(request, *callback_args, **callback_kwargs)
  File "/home/abhishekubuntu/RagBag/.venv/lib/python3.10/site-packages/django/views/decorators/csrf.py", line 65, in _view_wrapper
    return view_func(request, *args, **kwargs)
  File "/home/abhishekubuntu/RagBag/.venv/lib/python3.10/site-packages/django/views/generic/base.py", line 105, in view
    return self.dispatch(request, *args, **kwargs)
  File "/home/abhishekubuntu/RagBag/.venv/lib/python3.10/site-packages/rest_framework/views.py", line 515, in dispatch
    response = self.handle_exception(exc)
  File "/home/abhishekubuntu/RagBag/.venv/lib/python3.10/site-packages/rest_framework/views.py", line 475, in handle_exception
    self.raise_uncaught_exception(exc)
  File "/home/abhishekubuntu/RagBag/.venv/lib/python3.10/site-packages/rest_framework/views.py", line 486, in raise_uncaught_exception
    raise exc
  File "/home/abhishekubuntu/RagBag/.venv/lib/python3.10/site-packages/rest_framework/views.py", line 512, in dispatch
    response = handler(request, *args, **kwargs)
  File "/home/abhishekubuntu/RagBag/.venv/lib/python3.10/site-packages/rest_framework/generics.py", line 243, in get
    return self.list(request, *args, **kwargs)
  File "/home/abhishekubuntu/RagBag/.venv/lib/python3.10/site-packages/rest_framework/mixins.py", line 46, in list
    return Response(serializer.data)
  File "/home/abhishekubuntu/RagBag/.venv/lib/python3.10/site-packages/rest_framework/serializers.py", line 797, in data
    ret = super().data
  File "/home/abhishekubuntu/RagBag/.venv/lib/python3.10/site-packages/rest_framework/serializers.py", line 251, in data
    self._data = self.to_representation(self.instance)
  File "/home/abhishekubuntu/RagBag/.venv/lib/python3.10/site-packages/rest_framework/serializers.py", line 715, in to_representation
    return [
  File "/home/abhishekubuntu/RagBag/.venv/lib/python3.10/site-packages/rest_framework/serializers.py", line 716, in <listcomp>
    self.child.to_representation(item) for item in iterable
  File "/home/abhishekubuntu/RagBag/.venv/lib/python3.10/site-packages/rest_framework/serializers.py", line 525, in to_representation
    for field in fields:
  File "/home/abhishekubuntu/RagBag/.venv/lib/python3.10/site-packages/rest_framework/serializers.py", line 386, in _readable_fields
    for field in self.fields.values():
  File "/home/abhishekubuntu/RagBag/.venv/lib/python3.10/site-packages/django/utils/functional.py", line 47, in __get__
    res = instance.__dict__[self.name] = self.func(instance)
  File "/home/abhishekubuntu/RagBag/.venv/lib/python3.10/site-packages/rest_framework/serializers.py", line 374, in fields
    for key, value in self.get_fields().items():
  File "/home/abhishekubuntu/RagBag/.venv/lib/python3.10/site-packages/rest_framework/serializers.py", line 1105, in get_fields
    field_class, field_kwargs = self.build_field(
  File "/home/abhishekubuntu/RagBag/.venv/lib/python3.10/site-packages/rest_framework/serializers.py", line 1251, in build_field
    return self.build_unknown_field(field_name, model_class)
  File "/home/abhishekubuntu/RagBag/.venv/lib/python3.10/site-packages/rest_framework/serializers.py", line 1369, in build_unknown_field
    raise ImproperlyConfigured(
django.core.exceptions.ImproperlyConfigured: Field name `iduser` is not valid for model `Subject` in `accounts.serializers.SubjectSerializer`.
INFO 2025-08-05 09:14:10,046 autoreload 46577 123833565474816 /home/abhishekubuntu/RagBag/backend/RagBag-backend/accounts/serializers.py changed, reloading.
INFO 2025-08-05 09:14:11,956 autoreload 47339 136221918621696 Watching for file changes with StatReloader
INFO 2025-08-05 09:14:20,957 autoreload 47339 136221918621696 /home/abhishekubuntu/RagBag/backend/RagBag-backend/accounts/serializers.py changed, reloading.
INFO 2025-08-05 09:14:22,113 autoreload 47406 125649339195392 Watching for file changes with StatReloader
INFO 2025-08-05 09:16:15,997 autoreload 47588 140070620487680 Watching for file changes with StatReloader
WARNING 2025-08-05 09:27:19,034 log 48785 125888647603776 Unauthorized: /auth/subjects/
WARNING 2025-08-05 09:43:25,453 log 50365 133655941817920 Unauthorized: /auth/subjects/
WARNING 2025-08-05 10:01:34,601 log 52122 136007011739200 Unauthorized: /auth/subjects/
WARNING 2025-08-05 10:02:33,813 log 52122 136007011739200 Bad Request: /auth/subjects/
WARNING 2025-08-05 10:09:38,180 log 52122 136007011739200 Bad Request: /auth/subjects/
ERROR 2025-08-05 10:11:49,755 log 52799 133237482399296 Internal Server Error: /auth/subjects/
Traceback (most recent call last):
  File "/home/abhishekubuntu/RagBag/.venv/lib/python3.10/site-packages/django/db/backends/utils.py", line 105, in _execute
    return self.cursor.execute(sql, params)
psycopg2.errors.DatatypeMismatch: column "id" is of type bigint but expression is of type uuid
LINE 1: ...description", "created_at", "updated_at") VALUES ('f4e3741f-...
                                                             ^
HINT:  You will need to rewrite or cast the expression.


The above exception was the direct cause of the following exception:

Traceback (most recent call last):
  File "/home/abhishekubuntu/RagBag/.venv/lib/python3.10/site-packages/asgiref/sync.py", line 489, in thread_handler
    raise exc_info[1]
  File "/home/abhishekubuntu/RagBag/.venv/lib/python3.10/site-packages/django/core/handlers/exception.py", line 42, in inner
    response = await get_response(request)
  File "/home/abhishekubuntu/RagBag/.venv/lib/python3.10/site-packages/django/core/handlers/base.py", line 253, in _get_response_async
    response = await wrapped_callback(
  File "/home/abhishekubuntu/RagBag/.venv/lib/python3.10/site-packages/asgiref/sync.py", line 439, in __call__
    ret = await asyncio.shield(exec_coro)
  File "/home/abhishekubuntu/RagBag/.venv/lib/python3.10/site-packages/asgiref/current_thread_executor.py", line 40, in run
    result = self.fn(*self.args, **self.kwargs)
  File "/home/abhishekubuntu/RagBag/.venv/lib/python3.10/site-packages/asgiref/sync.py", line 493, in thread_handler
    return func(*args, **kwargs)
  File "/home/abhishekubuntu/RagBag/.venv/lib/python3.10/site-packages/django/views/decorators/csrf.py", line 65, in _view_wrapper
    return view_func(request, *args, **kwargs)
  File "/home/abhishekubuntu/RagBag/.venv/lib/python3.10/site-packages/django/views/generic/base.py", line 105, in view
    return self.dispatch(request, *args, **kwargs)
  File "/home/abhishekubuntu/RagBag/.venv/lib/python3.10/site-packages/rest_framework/views.py", line 515, in dispatch
    response = self.handle_exception(exc)
  File "/home/abhishekubuntu/RagBag/.venv/lib/python3.10/site-packages/rest_framework/views.py", line 475, in handle_exception
    self.raise_uncaught_exception(exc)
  File "/home/abhishekubuntu/RagBag/.venv/lib/python3.10/site-packages/rest_framework/views.py", line 486, in raise_uncaught_exception
    raise exc
  File "/home/abhishekubuntu/RagBag/.venv/lib/python3.10/site-packages/rest_framework/views.py", line 512, in dispatch
    response = handler(request, *args, **kwargs)
  File "/home/abhishekubuntu/RagBag/.venv/lib/python3.10/site-packages/rest_framework/generics.py", line 246, in post
    return self.create(request, *args, **kwargs)
  File "/home/abhishekubuntu/RagBag/.venv/lib/python3.10/site-packages/rest_framework/mixins.py", line 19, in create
    self.perform_create(serializer)
  File "/home/abhishekubuntu/RagBag/backend/RagBag-backend/accounts/views.py", line 161, in perform_create
    serializer.save(user=self.request.user)
  File "/home/abhishekubuntu/RagBag/.venv/lib/python3.10/site-packages/rest_framework/serializers.py", line 210, in save
    self.instance = self.create(validated_data)
  File "/home/abhishekubuntu/RagBag/.venv/lib/python3.10/site-packages/rest_framework/serializers.py", line 991, in create
    instance = ModelClass._default_manager.create(**validated_data)
  File "/home/abhishekubuntu/RagBag/.venv/lib/python3.10/site-packages/django/db/models/manager.py", line 87, in manager_method
    return getattr(self.get_queryset(), name)(*args, **kwargs)
  File "/home/abhishekubuntu/RagBag/.venv/lib/python3.10/site-packages/django/db/models/query.py", line 663, in create
    obj.save(force_insert=True, using=self.db)
  File "/home/abhishekubuntu/RagBag/.venv/lib/python3.10/site-packages/django/db/models/base.py", line 902, in save
    self.save_base(
  File "/home/abhishekubuntu/RagBag/.venv/lib/python3.10/site-packages/django/db/models/base.py", line 1008, in save_base
    updated = self._save_table(
  File "/home/abhishekubuntu/RagBag/.venv/lib/python3.10/site-packages/django/db/models/base.py", line 1169, in _save_table
    results = self._do_insert(
  File "/home/abhishekubuntu/RagBag/.venv/lib/python3.10/site-packages/django/db/models/base.py", line 1210, in _do_insert
    return manager._insert(
  File "/home/abhishekubuntu/RagBag/.venv/lib/python3.10/site-packages/django/db/models/manager.py", line 87, in manager_method
    return getattr(self.get_queryset(), name)(*args, **kwargs)
  File "/home/abhishekubuntu/RagBag/.venv/lib/python3.10/site-packages/django/db/models/query.py", line 1868, in _insert
    return query.get_compiler(using=using).execute_sql(returning_fields)
  File "/home/abhishekubuntu/RagBag/.venv/lib/python3.10/site-packages/django/db/models/sql/compiler.py", line 1882, in execute_sql
    cursor.execute(sql, params)
  File "/home/abhishekubuntu/RagBag/.venv/lib/python3.10/site-packages/django/db/backends/utils.py", line 122, in execute
    return super().execute(sql, params)
  File "/home/abhishekubuntu/RagBag/.venv/lib/python3.10/site-packages/django/db/backends/utils.py", line 79, in execute
    return self._execute_with_wrappers(
  File "/home/abhishekubuntu/RagBag/.venv/lib/python3.10/site-packages/django/db/backends/utils.py", line 92, in _execute_with_wrappers
    return executor(sql, params, many, context)
  File "/home/abhishekubuntu/RagBag/.venv/lib/python3.10/site-packages/django/db/backends/utils.py", line 100, in _execute
    with self.db.wrap_database_errors:
  File "/home/abhishekubuntu/RagBag/.venv/lib/python3.10/site-packages/django/db/utils.py", line 91, in __exit__
    raise dj_exc_value.with_traceback(traceback) from exc_value
  File "/home/abhishekubuntu/RagBag/.venv/lib/python3.10/site-packages/django/db/backends/utils.py", line 105, in _execute
    return self.cursor.execute(sql, params)
django.db.utils.ProgrammingError: column "id" is of type bigint but expression is of type uuid
LINE 1: ...description", "created_at", "updated_at") VALUES ('f4e3741f-...
                                                             ^
HINT:  You will need to rewrite or cast the expression.

ERROR 2025-08-05 10:14:08,788 log 53059 134065658209856 Internal Server Error: /auth/subjects/
Traceback (most recent call last):
  File "/home/abhishekubuntu/RagBag/.venv/lib/python3.10/site-packages/django/db/backends/utils.py", line 105, in _execute
    return self.cursor.execute(sql, params)
psycopg2.errors.DatatypeMismatch: column "id" is of type bigint but expression is of type uuid
LINE 1: ...description", "created_at", "updated_at") VALUES ('d805e005-...
                                                             ^
HINT:  You will need to rewrite or cast the expression.


The above exception was the direct cause of the following exception:

Traceback (most recent call last):
  File "/home/abhishekubuntu/RagBag/.venv/lib/python3.10/site-packages/asgiref/sync.py", line 489, in thread_handler
    raise exc_info[1]
  File "/home/abhishekubuntu/RagBag/.venv/lib/python3.10/site-packages/django/core/handlers/exception.py", line 42, in inner
    response = await get_response(request)
  File "/home/abhishekubuntu/RagBag/.venv/lib/python3.10/site-packages/django/core/handlers/base.py", line 253, in _get_response_async
    response = await wrapped_callback(
  File "/home/abhishekubuntu/RagBag/.venv/lib/python3.10/site-packages/asgiref/sync.py", line 439, in __call__
    ret = await asyncio.shield(exec_coro)
  File "/home/abhishekubuntu/RagBag/.venv/lib/python3.10/site-packages/asgiref/current_thread_executor.py", line 40, in run
    result = self.fn(*self.args, **self.kwargs)
  File "/home/abhishekubuntu/RagBag/.venv/lib/python3.10/site-packages/asgiref/sync.py", line 493, in thread_handler
    return func(*args, **kwargs)
  File "/home/abhishekubuntu/RagBag/.venv/lib/python3.10/site-packages/django/views/decorators/csrf.py", line 65, in _view_wrapper
    return view_func(request, *args, **kwargs)
  File "/home/abhishekubuntu/RagBag/.venv/lib/python3.10/site-packages/django/views/generic/base.py", line 105, in view
    return self.dispatch(request, *args, **kwargs)
  File "/home/abhishekubuntu/RagBag/.venv/lib/python3.10/site-packages/rest_framework/views.py", line 515, in dispatch
    response = self.handle_exception(exc)
  File "/home/abhishekubuntu/RagBag/.venv/lib/python3.10/site-packages/rest_framework/views.py", line 475, in handle_exception
    self.raise_uncaught_exception(exc)
  File "/home/abhishekubuntu/RagBag/.venv/lib/python3.10/site-packages/rest_framework/views.py", line 486, in raise_uncaught_exception
    raise exc
  File "/home/abhishekubuntu/RagBag/.venv/lib/python3.10/site-packages/rest_framework/views.py", line 512, in dispatch
    response = handler(request, *args, **kwargs)
  File "/home/abhishekubuntu/RagBag/.venv/lib/python3.10/site-packages/rest_framework/generics.py", line 246, in post
    return self.create(request, *args, **kwargs)
  File "/home/abhishekubuntu/RagBag/.venv/lib/python3.10/site-packages/rest_framework/mixins.py", line 19, in create
    self.perform_create(serializer)
  File "/home/abhishekubuntu/RagBag/backend/RagBag-backend/accounts/views.py", line 161, in perform_create
    serializer.save(user=self.request.user)
  File "/home/abhishekubuntu/RagBag/.venv/lib/python3.10/site-packages/rest_framework/serializers.py", line 210, in save
    self.instance = self.create(validated_data)
  File "/home/abhishekubuntu/RagBag/.venv/lib/python3.10/site-packages/rest_framework/serializers.py", line 991, in create
    instance = ModelClass._default_manager.create(**validated_data)
  File "/home/abhishekubuntu/RagBag/.venv/lib/python3.10/site-packages/django/db/models/manager.py", line 87, in manager_method
    return getattr(self.get_queryset(), name)(*args, **kwargs)
  File "/home/abhishekubuntu/RagBag/.venv/lib/python3.10/site-packages/django/db/models/query.py", line 663, in create
    obj.save(force_insert=True, using=self.db)
  File "/home/abhishekubuntu/RagBag/.venv/lib/python3.10/site-packages/django/db/models/base.py", line 902, in save
    self.save_base(
  File "/home/abhishekubuntu/RagBag/.venv/lib/python3.10/site-packages/django/db/models/base.py", line 1008, in save_base
    updated = self._save_table(
  File "/home/abhishekubuntu/RagBag/.venv/lib/python3.10/site-packages/django/db/models/base.py", line 1169, in _save_table
    results = self._do_insert(
  File "/home/abhishekubuntu/RagBag/.venv/lib/python3.10/site-packages/django/db/models/base.py", line 1210, in _do_insert
    return manager._insert(
  File "/home/abhishekubuntu/RagBag/.venv/lib/python3.10/site-packages/django/db/models/manager.py", line 87, in manager_method
    return getattr(self.get_queryset(), name)(*args, **kwargs)
  File "/home/abhishekubuntu/RagBag/.venv/lib/python3.10/site-packages/django/db/models/query.py", line 1868, in _insert
    return query.get_compiler(using=using).execute_sql(returning_fields)
  File "/home/abhishekubuntu/RagBag/.venv/lib/python3.10/site-packages/django/db/models/sql/compiler.py", line 1882, in execute_sql
    cursor.execute(sql, params)
  File "/home/abhishekubuntu/RagBag/.venv/lib/python3.10/site-packages/django/db/backends/utils.py", line 122, in execute
    return super().execute(sql, params)
  File "/home/abhishekubuntu/RagBag/.venv/lib/python3.10/site-packages/django/db/backends/utils.py", line 79, in execute
    return self._execute_with_wrappers(
  File "/home/abhishekubuntu/RagBag/.venv/lib/python3.10/site-packages/django/db/backends/utils.py", line 92, in _execute_with_wrappers
    return executor(sql, params, many, context)
  File "/home/abhishekubuntu/RagBag/.venv/lib/python3.10/site-packages/django/db/backends/utils.py", line 100, in _execute
    with self.db.wrap_database_errors:
  File "/home/abhishekubuntu/RagBag/.venv/lib/python3.10/site-packages/django/db/utils.py", line 91, in __exit__
    raise dj_exc_value.with_traceback(traceback) from exc_value
  File "/home/abhishekubuntu/RagBag/.venv/lib/python3.10/site-packages/django/db/backends/utils.py", line 105, in _execute
    return self.cursor.execute(sql, params)
django.db.utils.ProgrammingError: column "id" is of type bigint but expression is of type uuid
LINE 1: ...description", "created_at", "updated_at") VALUES ('d805e005-...
                                                             ^
HINT:  You will need to rewrite or cast the expression.

WARNING 2025-08-05 10:22:33,385 log 53059 134065658209856 Unauthorized: /auth/subjects/
WARNING 2025-08-05 10:55:43,985 log 57028 133936643515968 Unauthorized: /auth/subjects/
WARNING 2025-08-05 10:55:44,010 log 57028 133936643515968 Unauthorized: /auth/subjects/
WARNING 2025-08-05 11:33:42,671 log 58513 131371044382272 Unauthorized: /auth/subjects/
WARNING 2025-08-05 11:46:20,461 log 61430 138071415662144 Not Found: /admin/accounts/document/
WARNING 2025-08-05 11:46:20,727 log 61430 138071415662144 Not Found: /favicon.ico
WARNING 2025-08-05 11:49:43,103 log 61430 138071415662144 Unauthorized: /auth/subjects/
WARNING 2025-08-05 12:07:47,463 log 61430 138071415662144 Unauthorized: /auth/subjects/
WARNING 2025-08-05 12:24:31,550 log 65519 123500749596224 Unauthorized: /auth/subjects/
WARNING 2025-08-05 12:42:30,300 log 65519 123500749596224 Unauthorized: /auth/subjects/
ERROR 2025-08-06 05:55:53,998 log 11623 138660874757696 Internal Server Error: /auth/subjects/
Traceback (most recent call last):
  File "/home/abhishekubuntu/RagBag/.venv/lib/python3.10/site-packages/django/db/backends/utils.py", line 105, in _execute
    return self.cursor.execute(sql, params)
psycopg2.errors.DatatypeMismatch: column "id" is of type bigint but expression is of type uuid
LINE 1: ...description", "created_at", "updated_at") VALUES ('1ae2b108-...
                                                             ^
HINT:  You will need to rewrite or cast the expression.


The above exception was the direct cause of the following exception:

Traceback (most recent call last):
  File "/home/abhishekubuntu/RagBag/.venv/lib/python3.10/site-packages/asgiref/sync.py", line 489, in thread_handler
    raise exc_info[1]
  File "/home/abhishekubuntu/RagBag/.venv/lib/python3.10/site-packages/django/core/handlers/exception.py", line 42, in inner
    response = await get_response(request)
  File "/home/abhishekubuntu/RagBag/.venv/lib/python3.10/site-packages/django/core/handlers/base.py", line 253, in _get_response_async
    response = await wrapped_callback(
  File "/home/abhishekubuntu/RagBag/.venv/lib/python3.10/site-packages/asgiref/sync.py", line 439, in __call__
    ret = await asyncio.shield(exec_coro)
  File "/home/abhishekubuntu/RagBag/.venv/lib/python3.10/site-packages/asgiref/current_thread_executor.py", line 40, in run
    result = self.fn(*self.args, **self.kwargs)
  File "/home/abhishekubuntu/RagBag/.venv/lib/python3.10/site-packages/asgiref/sync.py", line 493, in thread_handler
    return func(*args, **kwargs)
  File "/home/abhishekubuntu/RagBag/.venv/lib/python3.10/site-packages/django/views/decorators/csrf.py", line 65, in _view_wrapper
    return view_func(request, *args, **kwargs)
  File "/home/abhishekubuntu/RagBag/.venv/lib/python3.10/site-packages/django/views/generic/base.py", line 105, in view
    return self.dispatch(request, *args, **kwargs)
  File "/home/abhishekubuntu/RagBag/.venv/lib/python3.10/site-packages/rest_framework/views.py", line 515, in dispatch
    response = self.handle_exception(exc)
  File "/home/abhishekubuntu/RagBag/.venv/lib/python3.10/site-packages/rest_framework/views.py", line 475, in handle_exception
    self.raise_uncaught_exception(exc)
  File "/home/abhishekubuntu/RagBag/.venv/lib/python3.10/site-packages/rest_framework/views.py", line 486, in raise_uncaught_exception
    raise exc
  File "/home/abhishekubuntu/RagBag/.venv/lib/python3.10/site-packages/rest_framework/views.py", line 512, in dispatch
    response = handler(request, *args, **kwargs)
  File "/home/abhishekubuntu/RagBag/.venv/lib/python3.10/site-packages/rest_framework/generics.py", line 246, in post
    return self.create(request, *args, **kwargs)
  File "/home/abhishekubuntu/RagBag/.venv/lib/python3.10/site-packages/rest_framework/mixins.py", line 19, in create
    self.perform_create(serializer)
  File "/home/abhishekubuntu/RagBag/backend/RagBag-backend/accounts/views.py", line 161, in perform_create
    serializer.save(user=self.request.user)
  File "/home/abhishekubuntu/RagBag/.venv/lib/python3.10/site-packages/rest_framework/serializers.py", line 210, in save
    self.instance = self.create(validated_data)
  File "/home/abhishekubuntu/RagBag/backend/RagBag-backend/accounts/serializers.py", line 48, in create
    return super().create(validated_data)
  File "/home/abhishekubuntu/RagBag/.venv/lib/python3.10/site-packages/rest_framework/serializers.py", line 991, in create
    instance = ModelClass._default_manager.create(**validated_data)
  File "/home/abhishekubuntu/RagBag/.venv/lib/python3.10/site-packages/django/db/models/manager.py", line 87, in manager_method
    return getattr(self.get_queryset(), name)(*args, **kwargs)
  File "/home/abhishekubuntu/RagBag/.venv/lib/python3.10/site-packages/django/db/models/query.py", line 663, in create
    obj.save(force_insert=True, using=self.db)
  File "/home/abhishekubuntu/RagBag/.venv/lib/python3.10/site-packages/django/db/models/base.py", line 902, in save
    self.save_base(
  File "/home/abhishekubuntu/RagBag/.venv/lib/python3.10/site-packages/django/db/models/base.py", line 1008, in save_base
    updated = self._save_table(
  File "/home/abhishekubuntu/RagBag/.venv/lib/python3.10/site-packages/django/db/models/base.py", line 1169, in _save_table
    results = self._do_insert(
  File "/home/abhishekubuntu/RagBag/.venv/lib/python3.10/site-packages/django/db/models/base.py", line 1210, in _do_insert
    return manager._insert(
  File "/home/abhishekubuntu/RagBag/.venv/lib/python3.10/site-packages/django/db/models/manager.py", line 87, in manager_method
    return getattr(self.get_queryset(), name)(*args, **kwargs)
  File "/home/abhishekubuntu/RagBag/.venv/lib/python3.10/site-packages/django/db/models/query.py", line 1868, in _insert
    return query.get_compiler(using=using).execute_sql(returning_fields)
  File "/home/abhishekubuntu/RagBag/.venv/lib/python3.10/site-packages/django/db/models/sql/compiler.py", line 1882, in execute_sql
    cursor.execute(sql, params)
  File "/home/abhishekubuntu/RagBag/.venv/lib/python3.10/site-packages/django/db/backends/utils.py", line 122, in execute
    return super().execute(sql, params)
  File "/home/abhishekubuntu/RagBag/.venv/lib/python3.10/site-packages/django/db/backends/utils.py", line 79, in execute
    return self._execute_with_wrappers(
  File "/home/abhishekubuntu/RagBag/.venv/lib/python3.10/site-packages/django/db/backends/utils.py", line 92, in _execute_with_wrappers
    return executor(sql, params, many, context)
  File "/home/abhishekubuntu/RagBag/.venv/lib/python3.10/site-packages/django/db/backends/utils.py", line 100, in _execute
    with self.db.wrap_database_errors:
  File "/home/abhishekubuntu/RagBag/.venv/lib/python3.10/site-packages/django/db/utils.py", line 91, in __exit__
    raise dj_exc_value.with_traceback(traceback) from exc_value
  File "/home/abhishekubuntu/RagBag/.venv/lib/python3.10/site-packages/django/db/backends/utils.py", line 105, in _execute
    return self.cursor.execute(sql, params)
django.db.utils.ProgrammingError: column "id" is of type bigint but expression is of type uuid
LINE 1: ...description", "created_at", "updated_at") VALUES ('1ae2b108-...
                                                             ^
HINT:  You will need to rewrite or cast the expression.

ERROR 2025-08-06 05:58:59,819 log 11623 138660874757696 Internal Server Error: /auth/subjects/
Traceback (most recent call last):
  File "/home/abhishekubuntu/RagBag/.venv/lib/python3.10/site-packages/django/db/backends/utils.py", line 105, in _execute
    return self.cursor.execute(sql, params)
psycopg2.errors.DatatypeMismatch: column "id" is of type bigint but expression is of type uuid
LINE 1: ...description", "created_at", "updated_at") VALUES ('bb4f5226-...
                                                             ^
HINT:  You will need to rewrite or cast the expression.


The above exception was the direct cause of the following exception:

Traceback (most recent call last):
  File "/home/abhishekubuntu/RagBag/.venv/lib/python3.10/site-packages/asgiref/sync.py", line 489, in thread_handler
    raise exc_info[1]
  File "/home/abhishekubuntu/RagBag/.venv/lib/python3.10/site-packages/django/core/handlers/exception.py", line 42, in inner
    response = await get_response(request)
  File "/home/abhishekubuntu/RagBag/.venv/lib/python3.10/site-packages/django/core/handlers/base.py", line 253, in _get_response_async
    response = await wrapped_callback(
  File "/home/abhishekubuntu/RagBag/.venv/lib/python3.10/site-packages/asgiref/sync.py", line 439, in __call__
    ret = await asyncio.shield(exec_coro)
  File "/home/abhishekubuntu/RagBag/.venv/lib/python3.10/site-packages/asgiref/current_thread_executor.py", line 40, in run
    result = self.fn(*self.args, **self.kwargs)
  File "/home/abhishekubuntu/RagBag/.venv/lib/python3.10/site-packages/asgiref/sync.py", line 493, in thread_handler
    return func(*args, **kwargs)
  File "/home/abhishekubuntu/RagBag/.venv/lib/python3.10/site-packages/django/views/decorators/csrf.py", line 65, in _view_wrapper
    return view_func(request, *args, **kwargs)
  File "/home/abhishekubuntu/RagBag/.venv/lib/python3.10/site-packages/django/views/generic/base.py", line 105, in view
    return self.dispatch(request, *args, **kwargs)
  File "/home/abhishekubuntu/RagBag/.venv/lib/python3.10/site-packages/rest_framework/views.py", line 515, in dispatch
    response = self.handle_exception(exc)
  File "/home/abhishekubuntu/RagBag/.venv/lib/python3.10/site-packages/rest_framework/views.py", line 475, in handle_exception
    self.raise_uncaught_exception(exc)
  File "/home/abhishekubuntu/RagBag/.venv/lib/python3.10/site-packages/rest_framework/views.py", line 486, in raise_uncaught_exception
    raise exc
  File "/home/abhishekubuntu/RagBag/.venv/lib/python3.10/site-packages/rest_framework/views.py", line 512, in dispatch
    response = handler(request, *args, **kwargs)
  File "/home/abhishekubuntu/RagBag/.venv/lib/python3.10/site-packages/rest_framework/generics.py", line 246, in post
    return self.create(request, *args, **kwargs)
  File "/home/abhishekubuntu/RagBag/.venv/lib/python3.10/site-packages/rest_framework/mixins.py", line 19, in create
    self.perform_create(serializer)
  File "/home/abhishekubuntu/RagBag/backend/RagBag-backend/accounts/views.py", line 161, in perform_create
    serializer.save(user=self.request.user)
  File "/home/abhishekubuntu/RagBag/.venv/lib/python3.10/site-packages/rest_framework/serializers.py", line 210, in save
    self.instance = self.create(validated_data)
  File "/home/abhishekubuntu/RagBag/backend/RagBag-backend/accounts/serializers.py", line 48, in create
    return super().create(validated_data)
  File "/home/abhishekubuntu/RagBag/.venv/lib/python3.10/site-packages/rest_framework/serializers.py", line 991, in create
    instance = ModelClass._default_manager.create(**validated_data)
  File "/home/abhishekubuntu/RagBag/.venv/lib/python3.10/site-packages/django/db/models/manager.py", line 87, in manager_method
    return getattr(self.get_queryset(), name)(*args, **kwargs)
  File "/home/abhishekubuntu/RagBag/.venv/lib/python3.10/site-packages/django/db/models/query.py", line 663, in create
    obj.save(force_insert=True, using=self.db)
  File "/home/abhishekubuntu/RagBag/.venv/lib/python3.10/site-packages/django/db/models/base.py", line 902, in save
    self.save_base(
  File "/home/abhishekubuntu/RagBag/.venv/lib/python3.10/site-packages/django/db/models/base.py", line 1008, in save_base
    updated = self._save_table(
  File "/home/abhishekubuntu/RagBag/.venv/lib/python3.10/site-packages/django/db/models/base.py", line 1169, in _save_table
    results = self._do_insert(
  File "/home/abhishekubuntu/RagBag/.venv/lib/python3.10/site-packages/django/db/models/base.py", line 1210, in _do_insert
    return manager._insert(
  File "/home/abhishekubuntu/RagBag/.venv/lib/python3.10/site-packages/django/db/models/manager.py", line 87, in manager_method
    return getattr(self.get_queryset(), name)(*args, **kwargs)
  File "/home/abhishekubuntu/RagBag/.venv/lib/python3.10/site-packages/django/db/models/query.py", line 1868, in _insert
    return query.get_compiler(using=using).execute_sql(returning_fields)
  File "/home/abhishekubuntu/RagBag/.venv/lib/python3.10/site-packages/django/db/models/sql/compiler.py", line 1882, in execute_sql
    cursor.execute(sql, params)
  File "/home/abhishekubuntu/RagBag/.venv/lib/python3.10/site-packages/django/db/backends/utils.py", line 122, in execute
    return super().execute(sql, params)
  File "/home/abhishekubuntu/RagBag/.venv/lib/python3.10/site-packages/django/db/backends/utils.py", line 79, in execute
    return self._execute_with_wrappers(
  File "/home/abhishekubuntu/RagBag/.venv/lib/python3.10/site-packages/django/db/backends/utils.py", line 92, in _execute_with_wrappers
    return executor(sql, params, many, context)
  File "/home/abhishekubuntu/RagBag/.venv/lib/python3.10/site-packages/django/db/backends/utils.py", line 100, in _execute
    with self.db.wrap_database_errors:
  File "/home/abhishekubuntu/RagBag/.venv/lib/python3.10/site-packages/django/db/utils.py", line 91, in __exit__
    raise dj_exc_value.with_traceback(traceback) from exc_value
  File "/home/abhishekubuntu/RagBag/.venv/lib/python3.10/site-packages/django/db/backends/utils.py", line 105, in _execute
    return self.cursor.execute(sql, params)
django.db.utils.ProgrammingError: column "id" is of type bigint but expression is of type uuid
LINE 1: ...description", "created_at", "updated_at") VALUES ('bb4f5226-...
                                                             ^
HINT:  You will need to rewrite or cast the expression.

ERROR 2025-08-06 06:04:08,289 log 11623 138660874757696 Internal Server Error: /auth/subjects/
Traceback (most recent call last):
  File "/home/abhishekubuntu/RagBag/.venv/lib/python3.10/site-packages/django/db/backends/utils.py", line 105, in _execute
    return self.cursor.execute(sql, params)
psycopg2.errors.DatatypeMismatch: column "id" is of type bigint but expression is of type uuid
LINE 1: ...description", "created_at", "updated_at") VALUES ('9a9057dd-...
                                                             ^
HINT:  You will need to rewrite or cast the expression.


The above exception was the direct cause of the following exception:

Traceback (most recent call last):
  File "/home/abhishekubuntu/RagBag/.venv/lib/python3.10/site-packages/asgiref/sync.py", line 489, in thread_handler
    raise exc_info[1]
  File "/home/abhishekubuntu/RagBag/.venv/lib/python3.10/site-packages/django/core/handlers/exception.py", line 42, in inner
    response = await get_response(request)
  File "/home/abhishekubuntu/RagBag/.venv/lib/python3.10/site-packages/django/core/handlers/base.py", line 253, in _get_response_async
    response = await wrapped_callback(
  File "/home/abhishekubuntu/RagBag/.venv/lib/python3.10/site-packages/asgiref/sync.py", line 439, in __call__
    ret = await asyncio.shield(exec_coro)
  File "/home/abhishekubuntu/RagBag/.venv/lib/python3.10/site-packages/asgiref/current_thread_executor.py", line 40, in run
    result = self.fn(*self.args, **self.kwargs)
  File "/home/abhishekubuntu/RagBag/.venv/lib/python3.10/site-packages/asgiref/sync.py", line 493, in thread_handler
    return func(*args, **kwargs)
  File "/home/abhishekubuntu/RagBag/.venv/lib/python3.10/site-packages/django/views/decorators/csrf.py", line 65, in _view_wrapper
    return view_func(request, *args, **kwargs)
  File "/home/abhishekubuntu/RagBag/.venv/lib/python3.10/site-packages/django/views/generic/base.py", line 105, in view
    return self.dispatch(request, *args, **kwargs)
  File "/home/abhishekubuntu/RagBag/.venv/lib/python3.10/site-packages/rest_framework/views.py", line 515, in dispatch
    response = self.handle_exception(exc)
  File "/home/abhishekubuntu/RagBag/.venv/lib/python3.10/site-packages/rest_framework/views.py", line 475, in handle_exception
    self.raise_uncaught_exception(exc)
  File "/home/abhishekubuntu/RagBag/.venv/lib/python3.10/site-packages/rest_framework/views.py", line 486, in raise_uncaught_exception
    raise exc
  File "/home/abhishekubuntu/RagBag/.venv/lib/python3.10/site-packages/rest_framework/views.py", line 512, in dispatch
    response = handler(request, *args, **kwargs)
  File "/home/abhishekubuntu/RagBag/.venv/lib/python3.10/site-packages/rest_framework/generics.py", line 246, in post
    return self.create(request, *args, **kwargs)
  File "/home/abhishekubuntu/RagBag/.venv/lib/python3.10/site-packages/rest_framework/mixins.py", line 19, in create
    self.perform_create(serializer)
  File "/home/abhishekubuntu/RagBag/backend/RagBag-backend/accounts/views.py", line 161, in perform_create
    serializer.save(user=self.request.user)
  File "/home/abhishekubuntu/RagBag/.venv/lib/python3.10/site-packages/rest_framework/serializers.py", line 210, in save
    self.instance = self.create(validated_data)
  File "/home/abhishekubuntu/RagBag/backend/RagBag-backend/accounts/serializers.py", line 48, in create
    return super().create(validated_data)
  File "/home/abhishekubuntu/RagBag/.venv/lib/python3.10/site-packages/rest_framework/serializers.py", line 991, in create
    instance = ModelClass._default_manager.create(**validated_data)
  File "/home/abhishekubuntu/RagBag/.venv/lib/python3.10/site-packages/django/db/models/manager.py", line 87, in manager_method
    return getattr(self.get_queryset(), name)(*args, **kwargs)
  File "/home/abhishekubuntu/RagBag/.venv/lib/python3.10/site-packages/django/db/models/query.py", line 663, in create
    obj.save(force_insert=True, using=self.db)
  File "/home/abhishekubuntu/RagBag/.venv/lib/python3.10/site-packages/django/db/models/base.py", line 902, in save
    self.save_base(
  File "/home/abhishekubuntu/RagBag/.venv/lib/python3.10/site-packages/django/db/models/base.py", line 1008, in save_base
    updated = self._save_table(
  File "/home/abhishekubuntu/RagBag/.venv/lib/python3.10/site-packages/django/db/models/base.py", line 1169, in _save_table
    results = self._do_insert(
  File "/home/abhishekubuntu/RagBag/.venv/lib/python3.10/site-packages/django/db/models/base.py", line 1210, in _do_insert
    return manager._insert(
  File "/home/abhishekubuntu/RagBag/.venv/lib/python3.10/site-packages/django/db/models/manager.py", line 87, in manager_method
    return getattr(self.get_queryset(), name)(*args, **kwargs)
  File "/home/abhishekubuntu/RagBag/.venv/lib/python3.10/site-packages/django/db/models/query.py", line 1868, in _insert
    return query.get_compiler(using=using).execute_sql(returning_fields)
  File "/home/abhishekubuntu/RagBag/.venv/lib/python3.10/site-packages/django/db/models/sql/compiler.py", line 1882, in execute_sql
    cursor.execute(sql, params)
  File "/home/abhishekubuntu/RagBag/.venv/lib/python3.10/site-packages/django/db/backends/utils.py", line 122, in execute
    return super().execute(sql, params)
  File "/home/abhishekubuntu/RagBag/.venv/lib/python3.10/site-packages/django/db/backends/utils.py", line 79, in execute
    return self._execute_with_wrappers(
  File "/home/abhishekubuntu/RagBag/.venv/lib/python3.10/site-packages/django/db/backends/utils.py", line 92, in _execute_with_wrappers
    return executor(sql, params, many, context)
  File "/home/abhishekubuntu/RagBag/.venv/lib/python3.10/site-packages/django/db/backends/utils.py", line 100, in _execute
    with self.db.wrap_database_errors:
  File "/home/abhishekubuntu/RagBag/.venv/lib/python3.10/site-packages/django/db/utils.py", line 91, in __exit__
    raise dj_exc_value.with_traceback(traceback) from exc_value
  File "/home/abhishekubuntu/RagBag/.venv/lib/python3.10/site-packages/django/db/backends/utils.py", line 105, in _execute
    return self.cursor.execute(sql, params)
django.db.utils.ProgrammingError: column "id" is of type bigint but expression is of type uuid
LINE 1: ...description", "created_at", "updated_at") VALUES ('9a9057dd-...
                                                             ^
HINT:  You will need to rewrite or cast the expression.

ERROR 2025-08-06 06:14:56,683 log 13548 127806280246848 Internal Server Error: /auth/subjects/
Traceback (most recent call last):
  File "/home/abhishekubuntu/RagBag/.venv/lib/python3.10/site-packages/django/db/backends/utils.py", line 105, in _execute
    return self.cursor.execute(sql, params)
psycopg2.errors.DatatypeMismatch: column "id" is of type bigint but expression is of type uuid
LINE 1: ...description", "created_at", "updated_at") VALUES ('22bc8363-...
                                                             ^
HINT:  You will need to rewrite or cast the expression.


The above exception was the direct cause of the following exception:

Traceback (most recent call last):
  File "/home/abhishekubuntu/RagBag/.venv/lib/python3.10/site-packages/asgiref/sync.py", line 489, in thread_handler
    raise exc_info[1]
  File "/home/abhishekubuntu/RagBag/.venv/lib/python3.10/site-packages/django/core/handlers/exception.py", line 42, in inner
    response = await get_response(request)
  File "/home/abhishekubuntu/RagBag/.venv/lib/python3.10/site-packages/django/core/handlers/base.py", line 253, in _get_response_async
    response = await wrapped_callback(
  File "/home/abhishekubuntu/RagBag/.venv/lib/python3.10/site-packages/asgiref/sync.py", line 439, in __call__
    ret = await asyncio.shield(exec_coro)
  File "/home/abhishekubuntu/RagBag/.venv/lib/python3.10/site-packages/asgiref/current_thread_executor.py", line 40, in run
    result = self.fn(*self.args, **self.kwargs)
  File "/home/abhishekubuntu/RagBag/.venv/lib/python3.10/site-packages/asgiref/sync.py", line 493, in thread_handler
    return func(*args, **kwargs)
  File "/home/abhishekubuntu/RagBag/.venv/lib/python3.10/site-packages/django/views/decorators/csrf.py", line 65, in _view_wrapper
    return view_func(request, *args, **kwargs)
  File "/home/abhishekubuntu/RagBag/.venv/lib/python3.10/site-packages/django/views/generic/base.py", line 105, in view
    return self.dispatch(request, *args, **kwargs)
  File "/home/abhishekubuntu/RagBag/.venv/lib/python3.10/site-packages/rest_framework/views.py", line 515, in dispatch
    response = self.handle_exception(exc)
  File "/home/abhishekubuntu/RagBag/.venv/lib/python3.10/site-packages/rest_framework/views.py", line 475, in handle_exception
    self.raise_uncaught_exception(exc)
  File "/home/abhishekubuntu/RagBag/.venv/lib/python3.10/site-packages/rest_framework/views.py", line 486, in raise_uncaught_exception
    raise exc
  File "/home/abhishekubuntu/RagBag/.venv/lib/python3.10/site-packages/rest_framework/views.py", line 512, in dispatch
    response = handler(request, *args, **kwargs)
  File "/home/abhishekubuntu/RagBag/.venv/lib/python3.10/site-packages/rest_framework/generics.py", line 246, in post
    return self.create(request, *args, **kwargs)
  File "/home/abhishekubuntu/RagBag/.venv/lib/python3.10/site-packages/rest_framework/mixins.py", line 19, in create
    self.perform_create(serializer)
  File "/home/abhishekubuntu/RagBag/backend/RagBag-backend/accounts/views.py", line 161, in perform_create
    serializer.save(user=self.request.user)
  File "/home/abhishekubuntu/RagBag/.venv/lib/python3.10/site-packages/rest_framework/serializers.py", line 210, in save
    self.instance = self.create(validated_data)
  File "/home/abhishekubuntu/RagBag/backend/RagBag-backend/accounts/serializers.py", line 48, in create
    return super().create(validated_data)
  File "/home/abhishekubuntu/RagBag/.venv/lib/python3.10/site-packages/rest_framework/serializers.py", line 991, in create
    instance = ModelClass._default_manager.create(**validated_data)
  File "/home/abhishekubuntu/RagBag/.venv/lib/python3.10/site-packages/django/db/models/manager.py", line 87, in manager_method
    return getattr(self.get_queryset(), name)(*args, **kwargs)
  File "/home/abhishekubuntu/RagBag/.venv/lib/python3.10/site-packages/django/db/models/query.py", line 663, in create
    obj.save(force_insert=True, using=self.db)
  File "/home/abhishekubuntu/RagBag/.venv/lib/python3.10/site-packages/django/db/models/base.py", line 902, in save
    self.save_base(
  File "/home/abhishekubuntu/RagBag/.venv/lib/python3.10/site-packages/django/db/models/base.py", line 1008, in save_base
    updated = self._save_table(
  File "/home/abhishekubuntu/RagBag/.venv/lib/python3.10/site-packages/django/db/models/base.py", line 1169, in _save_table
    results = self._do_insert(
  File "/home/abhishekubuntu/RagBag/.venv/lib/python3.10/site-packages/django/db/models/base.py", line 1210, in _do_insert
    return manager._insert(
  File "/home/abhishekubuntu/RagBag/.venv/lib/python3.10/site-packages/django/db/models/manager.py", line 87, in manager_method
    return getattr(self.get_queryset(), name)(*args, **kwargs)
  File "/home/abhishekubuntu/RagBag/.venv/lib/python3.10/site-packages/django/db/models/query.py", line 1868, in _insert
    return query.get_compiler(using=using).execute_sql(returning_fields)
  File "/home/abhishekubuntu/RagBag/.venv/lib/python3.10/site-packages/django/db/models/sql/compiler.py", line 1882, in execute_sql
    cursor.execute(sql, params)
  File "/home/abhishekubuntu/RagBag/.venv/lib/python3.10/site-packages/django/db/backends/utils.py", line 122, in execute
    return super().execute(sql, params)
  File "/home/abhishekubuntu/RagBag/.venv/lib/python3.10/site-packages/django/db/backends/utils.py", line 79, in execute
    return self._execute_with_wrappers(
  File "/home/abhishekubuntu/RagBag/.venv/lib/python3.10/site-packages/django/db/backends/utils.py", line 92, in _execute_with_wrappers
    return executor(sql, params, many, context)
  File "/home/abhishekubuntu/RagBag/.venv/lib/python3.10/site-packages/django/db/backends/utils.py", line 100, in _execute
    with self.db.wrap_database_errors:
  File "/home/abhishekubuntu/RagBag/.venv/lib/python3.10/site-packages/django/db/utils.py", line 91, in __exit__
    raise dj_exc_value.with_traceback(traceback) from exc_value
  File "/home/abhishekubuntu/RagBag/.venv/lib/python3.10/site-packages/django/db/backends/utils.py", line 105, in _execute
    return self.cursor.execute(sql, params)
django.db.utils.ProgrammingError: column "id" is of type bigint but expression is of type uuid
LINE 1: ...description", "created_at", "updated_at") VALUES ('22bc8363-...
                                                             ^
HINT:  You will need to rewrite or cast the expression.

WARNING 2025-08-06 06:43:31,702 log 16071 125064255108672 Not Found: /favicon.ico
WARNING 2025-08-06 08:43:37,652 log 7986 124156185089600 Not Found: /favicon.ico
WARNING 2025-08-06 09:35:42,880 log 7986 124156185089600 Unauthorized: /auth/subjects/
WARNING 2025-08-06 10:04:55,811 log 17742 124292973930048 Unauthorized: /auth/subjects/
WARNING 2025-08-06 10:24:25,230 log 17742 124292973930048 Unauthorized: /auth/subjects/
WARNING 2025-08-06 10:43:29,213 log 17742 124292973930048 Unauthorized: /auth/subjects/
WARNING 2025-08-06 11:06:02,080 log 17742 124292973930048 Unauthorized: /auth/subjects/
WARNING 2025-08-06 11:25:57,588 log 17742 124292973930048 Unauthorized: /auth/chapters/
WARNING 2025-08-06 12:09:25,318 log 17742 124292973930048 Unauthorized: /auth/subjects/
WARNING 2025-08-06 12:33:32,324 log 33898 128284594480704 Unauthorized: /auth/subjects/
WARNING 2025-08-07 04:53:00,660 log 8150 126962051782208 Unauthorized: /auth/subjects/
WARNING 2025-08-07 04:53:00,715 log 8150 126962051782208 Unauthorized: /auth/subjects/
WARNING 2025-08-07 04:53:02,987 log 8150 126962051782208 Not Found: /favicon.ico
WARNING 2025-08-07 06:07:37,728 log 17215 137732529530432 Unauthorized: /auth/subjects/
WARNING 2025-08-07 06:48:22,544 log 17215 137732529530432 Unauthorized: /auth/subjects/
WARNING 2025-08-07 07:19:51,203 log 21511 137406103627328 Unauthorized: /auth/subjects/
WARNING 2025-08-07 08:08:08,382 log 23552 123779959170624 Unauthorized: /auth/subjects/
WARNING 2025-08-07 09:15:48,550 log 29897 126508734555712 Unauthorized: /auth/subjects/
WARNING 2025-08-07 09:43:31,520 log 34876 139713118676544 Unauthorized: /auth/subjects/
WARNING 2025-08-07 10:01:38,373 log 36330 133404959909440 Unauthorized: /auth/subjects/
WARNING 2025-08-07 10:43:12,492 log 7990 126860830647872 Unauthorized: /auth/subjects/
WARNING 2025-08-07 11:00:08,375 log 7990 126860830647872 Unauthorized: /auth/subjects/
WARNING 2025-08-07 11:08:25,947 log 7990 126860830647872 Not Found: /favicon.ico
WARNING 2025-08-07 11:21:55,077 log 13967 132039621682752 Unauthorized: /auth/subjects/
WARNING 2025-08-07 11:41:56,853 log 14909 138780631574080 Unauthorized: /auth/subjects/
WARNING 2025-08-07 12:01:18,445 log 14909 138780631574080 Unauthorized: /auth/subjects/
WARNING 2025-08-07 12:18:06,091 log 14909 138780631574080 Unauthorized: /auth/subjects/
WARNING 2025-08-07 12:34:00,734 log 14909 138780631574080 Unauthorized: /auth/subjects/
WARNING 2025-08-07 13:00:53,270 log 14909 138780631574080 Unauthorized: /auth/subjects/
WARNING 2025-08-09 00:42:53,348 log 22964 16232 Unauthorized: /auth/subjects/
WARNING 2025-08-09 19:01:06,209 log 19984 8248 Not Found: /documents/
WARNING 2025-08-09 19:02:03,695 log 19984 8248 Not Found: /documents/
WARNING 2025-08-09 19:02:03,735 log 19984 8248 Not Found: /favicon.ico
WARNING 2025-08-09 19:02:11,833 log 19984 8248 Unauthorized: /auth/documents/
WARNING 2025-08-09 19:07:57,137 log 19984 8248 Bad Request: /auth/documents/
WARNING 2025-08-09 19:17:37,107 log 17404 18528 Unauthorized: /auth/subjects/
WARNING 2025-08-09 19:18:01,806 log 17404 18528 Bad Request: /auth/documents/
WARNING 2025-08-09 19:18:18,675 log 17404 18528 Unauthorized: /auth/documents/
WARNING 2025-08-09 19:18:21,167 log 17404 18528 Unauthorized: /auth/documents/
WARNING 2025-08-09 19:18:21,339 log 17404 18528 Unauthorized: /auth/documents/
WARNING 2025-08-09 19:18:22,098 log 17404 18528 Unauthorized: /auth/documents/
WARNING 2025-08-09 19:18:22,264 log 17404 18528 Unauthorized: /auth/documents/
WARNING 2025-08-09 19:18:22,442 log 17404 18528 Unauthorized: /auth/documents/
ERROR 2025-08-09 19:28:57,760 log 4824 16020 Internal Server Error: /auth/documents/
Traceback (most recent call last):
  File "C:\Users\Abhishek\Chatapp\backend\venv\Lib\site-packages\asgiref\sync.py", line 489, in thread_handler
    raise exc_info[1]
  File "C:\Users\Abhishek\Chatapp\backend\venv\Lib\site-packages\django\core\handlers\exception.py", line 42, in inner
    response = await get_response(request)
               ^^^^^^^^^^^^^^^^^^^^^^^^^^^
  File "C:\Users\Abhishek\Chatapp\backend\venv\Lib\site-packages\asgiref\sync.py", line 489, in thread_handler
    raise exc_info[1]
  File "C:\Users\Abhishek\Chatapp\backend\venv\Lib\site-packages\django\core\handlers\base.py", line 253, in _get_response_async
    response = await wrapped_callback(
               ^^^^^^^^^^^^^^^^^^^^^^^
        request, *callback_args, **callback_kwargs
        ^^^^^^^^^^^^^^^^^^^^^^^^^^^^^^^^^^^^^^^^^^
    )
    ^
  File "C:\Users\Abhishek\Chatapp\backend\venv\Lib\site-packages\asgiref\sync.py", line 439, in __call__
    ret = await asyncio.shield(exec_coro)
          ^^^^^^^^^^^^^^^^^^^^^^^^^^^^^^^
  File "C:\Users\Abhishek\Chatapp\backend\venv\Lib\site-packages\asgiref\current_thread_executor.py", line 40, in run
    result = self.fn(*self.args, **self.kwargs)
  File "C:\Users\Abhishek\Chatapp\backend\venv\Lib\site-packages\asgiref\sync.py", line 493, in thread_handler
    return func(*args, **kwargs)
  File "C:\Users\Abhishek\Chatapp\backend\venv\Lib\site-packages\django\views\decorators\csrf.py", line 65, in _view_wrapper
    return view_func(request, *args, **kwargs)
  File "C:\Users\Abhishek\Chatapp\backend\venv\Lib\site-packages\django\views\generic\base.py", line 105, in view
    return self.dispatch(request, *args, **kwargs)
           ~~~~~~~~~~~~~^^^^^^^^^^^^^^^^^^^^^^^^^^
  File "C:\Users\Abhishek\Chatapp\backend\venv\Lib\site-packages\rest_framework\views.py", line 515, in dispatch
    response = self.handle_exception(exc)
  File "C:\Users\Abhishek\Chatapp\backend\venv\Lib\site-packages\rest_framework\views.py", line 475, in handle_exception
    self.raise_uncaught_exception(exc)
    ~~~~~~~~~~~~~~~~~~~~~~~~~~~~~^^^^^
  File "C:\Users\Abhishek\Chatapp\backend\venv\Lib\site-packages\rest_framework\views.py", line 486, in raise_uncaught_exception
    raise exc
  File "C:\Users\Abhishek\Chatapp\backend\venv\Lib\site-packages\rest_framework\views.py", line 512, in dispatch
    response = handler(request, *args, **kwargs)
  File "C:\Users\Abhishek\Chatapp\backend\venv\Lib\site-packages\rest_framework\generics.py", line 246, in post
    return self.create(request, *args, **kwargs)
           ~~~~~~~~~~~^^^^^^^^^^^^^^^^^^^^^^^^^^
  File "C:\Users\Abhishek\Chatapp\backend\venv\Lib\site-packages\rest_framework\mixins.py", line 19, in create
    self.perform_create(serializer)
    ~~~~~~~~~~~~~~~~~~~^^^^^^^^^^^^
  File "C:\Users\Abhishek\Chatapp\backend\accounts\views.py", line 210, in perform_create
    document = serializer.save(user=self.request.user)
  File "C:\Users\Abhishek\Chatapp\backend\venv\Lib\site-packages\rest_framework\serializers.py", line 210, in save
    self.instance = self.create(validated_data)
                    ~~~~~~~~~~~^^^^^^^^^^^^^^^^
  File "C:\Users\Abhishek\Chatapp\backend\accounts\serializers.py", line 108, in create
    return super().create(validated_data)
           ~~~~~~~~~~~~~~^^^^^^^^^^^^^^^^
  File "C:\Users\Abhishek\Chatapp\backend\venv\Lib\site-packages\rest_framework\serializers.py", line 991, in create
    instance = ModelClass._default_manager.create(**validated_data)
  File "C:\Users\Abhishek\Chatapp\backend\venv\Lib\site-packages\django\db\models\manager.py", line 87, in manager_method
    return getattr(self.get_queryset(), name)(*args, **kwargs)
           ~~~~~~~~~~~~~~~~~~~~~~~~~~~~~~~~~~^^^^^^^^^^^^^^^^^
  File "C:\Users\Abhishek\Chatapp\backend\venv\Lib\site-packages\django\db\models\query.py", line 663, in create
    obj.save(force_insert=True, using=self.db)
    ~~~~~~~~^^^^^^^^^^^^^^^^^^^^^^^^^^^^^^^^^^
  File "C:\Users\Abhishek\Chatapp\backend\accounts\models.py", line 96, in save
    super().save(*args, **kwargs)
    ~~~~~~~~~~~~^^^^^^^^^^^^^^^^^
  File "C:\Users\Abhishek\Chatapp\backend\venv\Lib\site-packages\django\db\models\base.py", line 902, in save
    self.save_base(
    ~~~~~~~~~~~~~~^
        using=using,
        ^^^^^^^^^^^^
    ...<2 lines>...
        update_fields=update_fields,
        ^^^^^^^^^^^^^^^^^^^^^^^^^^^^
    )
    ^
  File "C:\Users\Abhishek\Chatapp\backend\venv\Lib\site-packages\django\db\models\base.py", line 1008, in save_base
    updated = self._save_table(
        raw,
    ...<4 lines>...
        update_fields,
    )
  File "C:\Users\Abhishek\Chatapp\backend\venv\Lib\site-packages\django\db\models\base.py", line 1169, in _save_table
    results = self._do_insert(
        cls._base_manager, using, fields, returning_fields, raw
    )
  File "C:\Users\Abhishek\Chatapp\backend\venv\Lib\site-packages\django\db\models\base.py", line 1210, in _do_insert
    return manager._insert(
           ~~~~~~~~~~~~~~~^
        [self],
        ^^^^^^^
    ...<3 lines>...
        raw=raw,
        ^^^^^^^^
    )
    ^
  File "C:\Users\Abhishek\Chatapp\backend\venv\Lib\site-packages\django\db\models\manager.py", line 87, in manager_method
    return getattr(self.get_queryset(), name)(*args, **kwargs)
           ~~~~~~~~~~~~~~~~~~~~~~~~~~~~~~~~~~^^^^^^^^^^^^^^^^^
  File "C:\Users\Abhishek\Chatapp\backend\venv\Lib\site-packages\django\db\models\query.py", line 1868, in _insert
    return query.get_compiler(using=using).execute_sql(returning_fields)
           ~~~~~~~~~~~~~~~~~~~~~~~~~~~~~~~~~~~~~~~~~~~^^^^^^^^^^^^^^^^^^
  File "C:\Users\Abhishek\Chatapp\backend\venv\Lib\site-packages\django\db\models\sql\compiler.py", line 1881, in execute_sql
    for sql, params in self.as_sql():
                       ~~~~~~~~~~~^^
  File "C:\Users\Abhishek\Chatapp\backend\venv\Lib\site-packages\django\db\models\sql\compiler.py", line 1806, in as_sql
    self.prepare_value(field, self.pre_save_val(field, obj))
                              ~~~~~~~~~~~~~~~~~^^^^^^^^^^^^
  File "C:\Users\Abhishek\Chatapp\backend\venv\Lib\site-packages\django\db\models\sql\compiler.py", line 1750, in pre_save_val
    return field.pre_save(obj, add=True)
           ~~~~~~~~~~~~~~^^^^^^^^^^^^^^^
  File "C:\Users\Abhishek\Chatapp\backend\venv\Lib\site-packages\django\db\models\fields\files.py", line 338, in pre_save
    file.save(file.name, file.file, save=False)
    ~~~~~~~~~^^^^^^^^^^^^^^^^^^^^^^^^^^^^^^^^^^
  File "C:\Users\Abhishek\Chatapp\backend\venv\Lib\site-packages\django\db\models\fields\files.py", line 98, in save
    name = self.field.generate_filename(self.instance, name)
  File "C:\Users\Abhishek\Chatapp\backend\venv\Lib\site-packages\django\db\models\fields\files.py", line 353, in generate_filename
    filename = self.upload_to(instance, filename)
  File "C:\Users\Abhishek\Chatapp\backend\accounts\models.py", line 12, in user_document_path
    return f'docs/{instance.user.id}/{instance.chapter.subject.id}/{instance.chapter.id}/{filename}'
                                      ^^^^^^^^^^^^^^^^^^^^^^^^
AttributeError: 'NoneType' object has no attribute 'subject'
WARNING 2025-08-09 19:58:21,473 log 32384 9524 Unauthorized: /auth/subjects/
WARNING 2025-08-10 00:09:20,183 log 32912 14464 Unauthorized: /auth/subjects/
ERROR 2025-08-10 00:09:44,167 log 32912 14464 Internal Server Error: /auth/documents/
Traceback (most recent call last):
  File "C:\Users\Abhishek\Chatapp\backend\venv\Lib\site-packages\asgiref\sync.py", line 489, in thread_handler
    raise exc_info[1]
  File "C:\Users\Abhishek\Chatapp\backend\venv\Lib\site-packages\django\core\handlers\exception.py", line 42, in inner
    response = await get_response(request)
               ^^^^^^^^^^^^^^^^^^^^^^^^^^^
  File "C:\Users\Abhishek\Chatapp\backend\venv\Lib\site-packages\asgiref\sync.py", line 489, in thread_handler
    raise exc_info[1]
  File "C:\Users\Abhishek\Chatapp\backend\venv\Lib\site-packages\django\core\handlers\base.py", line 253, in _get_response_async
    response = await wrapped_callback(
               ^^^^^^^^^^^^^^^^^^^^^^^
        request, *callback_args, **callback_kwargs
        ^^^^^^^^^^^^^^^^^^^^^^^^^^^^^^^^^^^^^^^^^^
    )
    ^
  File "C:\Users\Abhishek\Chatapp\backend\venv\Lib\site-packages\asgiref\sync.py", line 439, in __call__
    ret = await asyncio.shield(exec_coro)
          ^^^^^^^^^^^^^^^^^^^^^^^^^^^^^^^
  File "C:\Users\Abhishek\Chatapp\backend\venv\Lib\site-packages\asgiref\current_thread_executor.py", line 40, in run
    result = self.fn(*self.args, **self.kwargs)
  File "C:\Users\Abhishek\Chatapp\backend\venv\Lib\site-packages\asgiref\sync.py", line 493, in thread_handler
    return func(*args, **kwargs)
  File "C:\Users\Abhishek\Chatapp\backend\venv\Lib\site-packages\django\views\decorators\csrf.py", line 65, in _view_wrapper
    return view_func(request, *args, **kwargs)
  File "C:\Users\Abhishek\Chatapp\backend\venv\Lib\site-packages\django\views\generic\base.py", line 105, in view
    return self.dispatch(request, *args, **kwargs)
           ~~~~~~~~~~~~~^^^^^^^^^^^^^^^^^^^^^^^^^^
  File "C:\Users\Abhishek\Chatapp\backend\venv\Lib\site-packages\rest_framework\views.py", line 515, in dispatch
    response = self.handle_exception(exc)
  File "C:\Users\Abhishek\Chatapp\backend\venv\Lib\site-packages\rest_framework\views.py", line 475, in handle_exception
    self.raise_uncaught_exception(exc)
    ~~~~~~~~~~~~~~~~~~~~~~~~~~~~~^^^^^
  File "C:\Users\Abhishek\Chatapp\backend\venv\Lib\site-packages\rest_framework\views.py", line 486, in raise_uncaught_exception
    raise exc
  File "C:\Users\Abhishek\Chatapp\backend\venv\Lib\site-packages\rest_framework\views.py", line 512, in dispatch
    response = handler(request, *args, **kwargs)
  File "C:\Users\Abhishek\Chatapp\backend\venv\Lib\site-packages\rest_framework\generics.py", line 246, in post
    return self.create(request, *args, **kwargs)
           ~~~~~~~~~~~^^^^^^^^^^^^^^^^^^^^^^^^^^
  File "C:\Users\Abhishek\Chatapp\backend\venv\Lib\site-packages\rest_framework\mixins.py", line 19, in create
    self.perform_create(serializer)
    ~~~~~~~~~~~~~~~~~~~^^^^^^^^^^^^
  File "C:\Users\Abhishek\Chatapp\backend\accounts\views.py", line 212, in perform_create
    document = serializer.save(user=self.request.user)
  File "C:\Users\Abhishek\Chatapp\backend\venv\Lib\site-packages\rest_framework\serializers.py", line 210, in save
    self.instance = self.create(validated_data)
                    ~~~~~~~~~~~^^^^^^^^^^^^^^^^
  File "C:\Users\Abhishek\Chatapp\backend\accounts\serializers.py", line 108, in create
    return super().create(validated_data)
           ~~~~~~~~~~~~~~^^^^^^^^^^^^^^^^
  File "C:\Users\Abhishek\Chatapp\backend\venv\Lib\site-packages\rest_framework\serializers.py", line 991, in create
    instance = ModelClass._default_manager.create(**validated_data)
  File "C:\Users\Abhishek\Chatapp\backend\venv\Lib\site-packages\django\db\models\manager.py", line 87, in manager_method
    return getattr(self.get_queryset(), name)(*args, **kwargs)
           ~~~~~~~~~~~~~~~~~~~~~~~~~~~~~~~~~~^^^^^^^^^^^^^^^^^
  File "C:\Users\Abhishek\Chatapp\backend\venv\Lib\site-packages\django\db\models\query.py", line 663, in create
    obj.save(force_insert=True, using=self.db)
    ~~~~~~~~^^^^^^^^^^^^^^^^^^^^^^^^^^^^^^^^^^
  File "C:\Users\Abhishek\Chatapp\backend\accounts\models.py", line 96, in save
    super().save(*args, **kwargs)
    ~~~~~~~~~~~~^^^^^^^^^^^^^^^^^
  File "C:\Users\Abhishek\Chatapp\backend\venv\Lib\site-packages\django\db\models\base.py", line 902, in save
    self.save_base(
    ~~~~~~~~~~~~~~^
        using=using,
        ^^^^^^^^^^^^
    ...<2 lines>...
        update_fields=update_fields,
        ^^^^^^^^^^^^^^^^^^^^^^^^^^^^
    )
    ^
  File "C:\Users\Abhishek\Chatapp\backend\venv\Lib\site-packages\django\db\models\base.py", line 1008, in save_base
    updated = self._save_table(
        raw,
    ...<4 lines>...
        update_fields,
    )
  File "C:\Users\Abhishek\Chatapp\backend\venv\Lib\site-packages\django\db\models\base.py", line 1169, in _save_table
    results = self._do_insert(
        cls._base_manager, using, fields, returning_fields, raw
    )
  File "C:\Users\Abhishek\Chatapp\backend\venv\Lib\site-packages\django\db\models\base.py", line 1210, in _do_insert
    return manager._insert(
           ~~~~~~~~~~~~~~~^
        [self],
        ^^^^^^^
    ...<3 lines>...
        raw=raw,
        ^^^^^^^^
    )
    ^
  File "C:\Users\Abhishek\Chatapp\backend\venv\Lib\site-packages\django\db\models\manager.py", line 87, in manager_method
    return getattr(self.get_queryset(), name)(*args, **kwargs)
           ~~~~~~~~~~~~~~~~~~~~~~~~~~~~~~~~~~^^^^^^^^^^^^^^^^^
  File "C:\Users\Abhishek\Chatapp\backend\venv\Lib\site-packages\django\db\models\query.py", line 1868, in _insert
    return query.get_compiler(using=using).execute_sql(returning_fields)
           ~~~~~~~~~~~~~~~~~~~~~~~~~~~~~~~~~~~~~~~~~~~^^^^^^^^^^^^^^^^^^
  File "C:\Users\Abhishek\Chatapp\backend\venv\Lib\site-packages\django\db\models\sql\compiler.py", line 1881, in execute_sql
    for sql, params in self.as_sql():
                       ~~~~~~~~~~~^^
  File "C:\Users\Abhishek\Chatapp\backend\venv\Lib\site-packages\django\db\models\sql\compiler.py", line 1806, in as_sql
    self.prepare_value(field, self.pre_save_val(field, obj))
                              ~~~~~~~~~~~~~~~~~^^^^^^^^^^^^
  File "C:\Users\Abhishek\Chatapp\backend\venv\Lib\site-packages\django\db\models\sql\compiler.py", line 1750, in pre_save_val
    return field.pre_save(obj, add=True)
           ~~~~~~~~~~~~~~^^^^^^^^^^^^^^^
  File "C:\Users\Abhishek\Chatapp\backend\venv\Lib\site-packages\django\db\models\fields\files.py", line 338, in pre_save
    file.save(file.name, file.file, save=False)
    ~~~~~~~~~^^^^^^^^^^^^^^^^^^^^^^^^^^^^^^^^^^
  File "C:\Users\Abhishek\Chatapp\backend\venv\Lib\site-packages\django\db\models\fields\files.py", line 98, in save
    name = self.field.generate_filename(self.instance, name)
  File "C:\Users\Abhishek\Chatapp\backend\venv\Lib\site-packages\django\db\models\fields\files.py", line 353, in generate_filename
    filename = self.upload_to(instance, filename)
  File "C:\Users\Abhishek\Chatapp\backend\accounts\models.py", line 12, in user_document_path
    return f'docs/{instance.user.id}/{instance.chapter.subject.id}/{instance.chapter.id}/{filename}'
                                      ^^^^^^^^^^^^^^^^^^^^^^^^
AttributeError: 'NoneType' object has no attribute 'subject'
INFO 2025-08-10 00:17:23,962 views 19768 32948 Triggered create_chapter_from_document task for doc: eb7ec15e-7b36-48bb-9df8-738baeb39b31
INFO 2025-08-10 00:17:54,737 views 19768 39776 Triggered create_chapter_from_document task for doc: e73b956a-076f-40f9-93bd-590e9c704818
INFO 2025-08-10 00:24:38,521 views 19600 21256 Triggered create_chapter_from_document task for doc: 1fe2b5e1-c2a6-4765-9be3-042106156246
INFO 2025-08-13 06:01:37,811 views 10750 139634327680576 Triggered create_chapter_from_document task for doc: 653e2262-be17-4a19-9ec8-7d5fc70a34b8
WARNING 2025-08-13 06:23:19,893 log 15460 128014538974784 Unauthorized: /auth/subjects/
INFO 2025-08-13 06:26:59,462 views 15460 128015744890432 Triggered create_chapter_from_document task for doc: 568adc76-ff82-4d13-b835-121d3f101ab0
INFO 2025-08-13 06:35:43,021 views : Triggered create_chapter_from_document task for doc: 92e8950a-5547-44da-9b09-4301293ac7be
WARNING 2025-08-13 06:37:31,729 log : Not Found: /favicon.ico
WARNING 2025-08-13 06:56:10,081 log : Unauthorized: /auth/subjects/
INFO 2025-08-13 06:56:15,906 views : Triggered create_chapter_from_document task for doc: 9ec7a4b1-281c-423d-a41c-d06c20fad382
INFO 2025-08-13 06:57:13,948 views : Triggered create_chapter_from_document task for doc: e06d4562-8a58-4c49-b4ec-218a08c524ed
INFO 2025-08-13 07:08:18,434 views : Triggered create_chapter_from_document task for doc: c6281724-dbf1-47bc-9764-e61a448e2fb7
INFO 2025-08-13 07:11:34,023 views : Triggered create_chapter_from_document task for doc: 044e366f-aa65-4e4a-be76-15f78f670e45
WARNING 2025-08-13 08:59:17,543 log : Unauthorized: /auth/subjects/
INFO 2025-08-13 09:11:40,590 views : Triggered create_chapter_from_document task for doc: eddafc70-58cc-4d4c-b0ab-cd8b981f83eb
INFO 2025-08-13 09:26:13,285 views : Triggered create_chapter_from_document task for doc: 921c8936-3df0-451f-9041-bc69b3c434e1
INFO 2025-08-13 09:32:11,103 views : Triggered create_chapter_from_document task for doc: 9e4a7611-604c-472b-b496-e213135186e7
WARNING 2025-08-13 09:42:20,323 log : Unauthorized: /auth/subjects/
INFO 2025-08-13 09:42:42,563 views : Triggered create_chapter_from_document task for doc: 0f6d5eb1-e07c-4f91-88b2-4a31fb79a068
INFO 2025-08-13 09:44:08,747 views : Triggered create_chapter_from_document task for doc: 640528c0-584d-4890-999a-cdb589680e7c
INFO 2025-08-13 09:55:52,265 views : Triggered create_chapter_from_document task for doc: 5d376f49-5f76-48db-8d2a-985a75f11036
INFO 2025-08-13 10:10:13,291 views : Triggered create_chapter_from_document task for doc: bd304828-d22c-4817-b8be-7cf4b3db3c82
INFO 2025-08-13 10:24:48,587 views : Triggered create_chapter_from_document task for doc: a398b121-6c55-4528-86d1-c223b9f0c7f1
WARNING 2025-08-13 11:03:58,900 log : Not Found: /admin/api/hmigroup/
WARNING 2025-08-13 11:03:59,298 log : Unauthorized: /auth/subjects/
INFO 2025-08-13 11:04:22,331 views : Triggered create_chapter_from_document task for doc: 1a471e9a-8a0d-48ff-9236-77a0866ac67e
WARNING 2025-08-13 11:33:41,231 log : Unauthorized: /auth/subjects/
INFO 2025-08-13 11:35:53,809 views : Attempting to save document for user: 59ea75f8-56fc-47be-ba01-b77b2279fa3d
INFO 2025-08-13 11:35:53,844 views : Successfully saved document record eb2d6b8b-c9f4-489e-b39b-9fa87cb4fd78 to the database.
INFO 2025-08-13 11:35:53,844 views : File URL generated by storage backend: /59ea75f8-56fc-47be-ba01-b77b2279fa3d/standalone/sample_text_iCgGrbL.pdf
INFO 2025-08-13 11:35:53,924 views : Successfully triggered background task for document: eb2d6b8b-c9f4-489e-b39b-9fa87cb4fd78
INFO 2025-08-13 11:45:17,742 views : Attempting to save document for user: 59ea75f8-56fc-47be-ba01-b77b2279fa3d
INFO 2025-08-13 11:45:17,776 views : Successfully saved document record ef4c7e64-c638-4f4e-a6f3-e9886b1aaadd to the database.
INFO 2025-08-13 11:45:17,777 views : File URL generated by storage backend: https://plemeggubdfpsgfpgccu.supabase.co/storage/v1/object/public/media/59ea75f8-56fc-47be-ba01-b77b2279fa3d/standalone/sample_text_9b7rWyl.pdf
INFO 2025-08-13 11:45:17,845 views : Successfully triggered background task for document: ef4c7e64-c638-4f4e-a6f3-e9886b1aaadd
WARNING 2025-08-13 12:02:59,427 log : Forbidden: /auth/subjects/
WARNING 2025-08-13 12:08:32,510 log : Forbidden: /auth/subjects/
WARNING 2025-08-13 12:08:37,507 log : Forbidden: /auth/documents/
WARNING 2025-08-13 12:13:11,776 log : Forbidden: /auth/subjects/
WARNING 2025-08-13 12:14:11,859 log : Forbidden: /auth/documents/
WARNING 2025-08-13 12:16:11,993 log : Unauthorized: /auth/subjects/
INFO 2025-08-13 12:16:32,546 views : Attempting to save document for user: 59ea75f8-56fc-47be-ba01-b77b2279fa3d
INFO 2025-08-13 12:16:32,578 views : Successfully saved document record cb471773-a4ac-406a-9c01-e95c936ca026 to the database.
INFO 2025-08-13 12:16:32,578 views : File URL generated by storage backend: https://plemeggubdfpsgfpgccu.supabase.co/storage/v1/object/public/media/59ea75f8-56fc-47be-ba01-b77b2279fa3d/standalone/sample_text.pdf
WARNING 2025-08-13 12:16:32,612 connection : No hostname was supplied. Reverting to default 'localhost'
ERROR 2025-08-13 12:16:33,233 views : CRITICAL ERROR during document save/upload for user 59ea75f8-56fc-47be-ba01-b77b2279fa3d: [Errno 111] Connection refused
Traceback (most recent call last):
  File "/home/binaryserver/abhishek/backend /RagBag-backend/venv/lib/python3.10/site-packages/kombu/utils/functional.py", line 32, in __call__
    return self.__value__
AttributeError: 'ChannelPromise' object has no attribute '__value__'. Did you mean: '__call__'?

During handling of the above exception, another exception occurred:

Traceback (most recent call last):
  File "/home/binaryserver/abhishek/backend /RagBag-backend/venv/lib/python3.10/site-packages/kombu/connection.py", line 472, in _reraise_as_library_errors
    yield
  File "/home/binaryserver/abhishek/backend /RagBag-backend/venv/lib/python3.10/site-packages/kombu/connection.py", line 459, in _ensure_connection
    return retry_over_time(
  File "/home/binaryserver/abhishek/backend /RagBag-backend/venv/lib/python3.10/site-packages/kombu/utils/functional.py", line 318, in retry_over_time
    return fun(*args, **kwargs)
  File "/home/binaryserver/abhishek/backend /RagBag-backend/venv/lib/python3.10/site-packages/kombu/connection.py", line 938, in _connection_factory
    self._connection = self._establish_connection()
  File "/home/binaryserver/abhishek/backend /RagBag-backend/venv/lib/python3.10/site-packages/kombu/connection.py", line 860, in _establish_connection
    conn = self.transport.establish_connection()
  File "/home/binaryserver/abhishek/backend /RagBag-backend/venv/lib/python3.10/site-packages/kombu/transport/pyamqp.py", line 203, in establish_connection
    conn.connect()
  File "/home/binaryserver/abhishek/backend /RagBag-backend/venv/lib/python3.10/site-packages/amqp/connection.py", line 324, in connect
    self.transport.connect()
  File "/home/binaryserver/abhishek/backend /RagBag-backend/venv/lib/python3.10/site-packages/amqp/transport.py", line 132, in connect
    self._connect(self.host, self.port, self.connect_timeout)
  File "/home/binaryserver/abhishek/backend /RagBag-backend/venv/lib/python3.10/site-packages/amqp/transport.py", line 187, in _connect
    self.sock.connect(sa)
ConnectionRefusedError: [Errno 111] Connection refused

The above exception was the direct cause of the following exception:

Traceback (most recent call last):
  File "/home/binaryserver/abhishek/backend /RagBag-backend/accounts/views.py", line 222, in perform_create
    create_chapter_from_document.delay(str(document.id))
  File "/home/binaryserver/abhishek/backend /RagBag-backend/venv/lib/python3.10/site-packages/celery/app/task.py", line 444, in delay
    return self.apply_async(args, kwargs)
  File "/home/binaryserver/abhishek/backend /RagBag-backend/venv/lib/python3.10/site-packages/celery/app/task.py", line 601, in apply_async
    return app.send_task(
  File "/home/binaryserver/abhishek/backend /RagBag-backend/venv/lib/python3.10/site-packages/celery/app/base.py", line 930, in send_task
    amqp.send_task_message(P, name, message, **options)
  File "/home/binaryserver/abhishek/backend /RagBag-backend/venv/lib/python3.10/site-packages/celery/app/amqp.py", line 523, in send_task_message
    ret = producer.publish(
  File "/home/binaryserver/abhishek/backend /RagBag-backend/venv/lib/python3.10/site-packages/kombu/messaging.py", line 190, in publish
    return _publish(
  File "/home/binaryserver/abhishek/backend /RagBag-backend/venv/lib/python3.10/site-packages/kombu/connection.py", line 556, in _ensured
    return fun(*args, **kwargs)
  File "/home/binaryserver/abhishek/backend /RagBag-backend/venv/lib/python3.10/site-packages/kombu/messaging.py", line 200, in _publish
    channel = self.channel
  File "/home/binaryserver/abhishek/backend /RagBag-backend/venv/lib/python3.10/site-packages/kombu/messaging.py", line 224, in _get_channel
    channel = self._channel = channel()
  File "/home/binaryserver/abhishek/backend /RagBag-backend/venv/lib/python3.10/site-packages/kombu/utils/functional.py", line 34, in __call__
    value = self.__value__ = self.__contract__()
  File "/home/binaryserver/abhishek/backend /RagBag-backend/venv/lib/python3.10/site-packages/kombu/messaging.py", line 240, in <lambda>
    channel = ChannelPromise(lambda: connection.default_channel)
  File "/home/binaryserver/abhishek/backend /RagBag-backend/venv/lib/python3.10/site-packages/kombu/connection.py", line 957, in default_channel
    self._ensure_connection(**conn_opts)
  File "/home/binaryserver/abhishek/backend /RagBag-backend/venv/lib/python3.10/site-packages/kombu/connection.py", line 458, in _ensure_connection
    with ctx():
  File "/usr/lib/python3.10/contextlib.py", line 153, in __exit__
    self.gen.throw(typ, value, traceback)
  File "/home/binaryserver/abhishek/backend /RagBag-backend/venv/lib/python3.10/site-packages/kombu/connection.py", line 476, in _reraise_as_library_errors
    raise ConnectionError(str(exc)) from exc
kombu.exceptions.OperationalError: [Errno 111] Connection refused
ERROR 2025-08-13 12:16:33,288 log : Internal Server Error: /auth/documents/
Traceback (most recent call last):
  File "/home/binaryserver/abhishek/backend /RagBag-backend/venv/lib/python3.10/site-packages/kombu/utils/functional.py", line 32, in __call__
    return self.__value__
AttributeError: 'ChannelPromise' object has no attribute '__value__'. Did you mean: '__call__'?

During handling of the above exception, another exception occurred:

Traceback (most recent call last):
  File "/home/binaryserver/abhishek/backend /RagBag-backend/venv/lib/python3.10/site-packages/kombu/connection.py", line 472, in _reraise_as_library_errors
    yield
  File "/home/binaryserver/abhishek/backend /RagBag-backend/venv/lib/python3.10/site-packages/kombu/connection.py", line 459, in _ensure_connection
    return retry_over_time(
  File "/home/binaryserver/abhishek/backend /RagBag-backend/venv/lib/python3.10/site-packages/kombu/utils/functional.py", line 318, in retry_over_time
    return fun(*args, **kwargs)
  File "/home/binaryserver/abhishek/backend /RagBag-backend/venv/lib/python3.10/site-packages/kombu/connection.py", line 938, in _connection_factory
    self._connection = self._establish_connection()
  File "/home/binaryserver/abhishek/backend /RagBag-backend/venv/lib/python3.10/site-packages/kombu/connection.py", line 860, in _establish_connection
    conn = self.transport.establish_connection()
  File "/home/binaryserver/abhishek/backend /RagBag-backend/venv/lib/python3.10/site-packages/kombu/transport/pyamqp.py", line 203, in establish_connection
    conn.connect()
  File "/home/binaryserver/abhishek/backend /RagBag-backend/venv/lib/python3.10/site-packages/amqp/connection.py", line 324, in connect
    self.transport.connect()
  File "/home/binaryserver/abhishek/backend /RagBag-backend/venv/lib/python3.10/site-packages/amqp/transport.py", line 132, in connect
    self._connect(self.host, self.port, self.connect_timeout)
  File "/home/binaryserver/abhishek/backend /RagBag-backend/venv/lib/python3.10/site-packages/amqp/transport.py", line 187, in _connect
    self.sock.connect(sa)
ConnectionRefusedError: [Errno 111] Connection refused

The above exception was the direct cause of the following exception:

Traceback (most recent call last):
  File "/home/binaryserver/abhishek/backend /RagBag-backend/venv/lib/python3.10/site-packages/asgiref/sync.py", line 489, in thread_handler
    raise exc_info[1]
  File "/home/binaryserver/abhishek/backend /RagBag-backend/venv/lib/python3.10/site-packages/django/core/handlers/exception.py", line 42, in inner
    response = await get_response(request)
  File "/home/binaryserver/abhishek/backend /RagBag-backend/venv/lib/python3.10/site-packages/django/core/handlers/base.py", line 253, in _get_response_async
    response = await wrapped_callback(
  File "/home/binaryserver/abhishek/backend /RagBag-backend/venv/lib/python3.10/site-packages/asgiref/sync.py", line 439, in __call__
    ret = await asyncio.shield(exec_coro)
  File "/home/binaryserver/abhishek/backend /RagBag-backend/venv/lib/python3.10/site-packages/asgiref/current_thread_executor.py", line 40, in run
    result = self.fn(*self.args, **self.kwargs)
  File "/home/binaryserver/abhishek/backend /RagBag-backend/venv/lib/python3.10/site-packages/asgiref/sync.py", line 493, in thread_handler
    return func(*args, **kwargs)
  File "/home/binaryserver/abhishek/backend /RagBag-backend/venv/lib/python3.10/site-packages/django/views/decorators/csrf.py", line 65, in _view_wrapper
    return view_func(request, *args, **kwargs)
  File "/home/binaryserver/abhishek/backend /RagBag-backend/venv/lib/python3.10/site-packages/django/views/generic/base.py", line 105, in view
    return self.dispatch(request, *args, **kwargs)
  File "/home/binaryserver/abhishek/backend /RagBag-backend/venv/lib/python3.10/site-packages/rest_framework/views.py", line 515, in dispatch
    response = self.handle_exception(exc)
  File "/home/binaryserver/abhishek/backend /RagBag-backend/venv/lib/python3.10/site-packages/rest_framework/views.py", line 475, in handle_exception
    self.raise_uncaught_exception(exc)
  File "/home/binaryserver/abhishek/backend /RagBag-backend/venv/lib/python3.10/site-packages/rest_framework/views.py", line 486, in raise_uncaught_exception
    raise exc
  File "/home/binaryserver/abhishek/backend /RagBag-backend/venv/lib/python3.10/site-packages/rest_framework/views.py", line 512, in dispatch
    response = handler(request, *args, **kwargs)
  File "/home/binaryserver/abhishek/backend /RagBag-backend/venv/lib/python3.10/site-packages/rest_framework/generics.py", line 246, in post
    return self.create(request, *args, **kwargs)
  File "/home/binaryserver/abhishek/backend /RagBag-backend/venv/lib/python3.10/site-packages/rest_framework/mixins.py", line 19, in create
    self.perform_create(serializer)
  File "/home/binaryserver/abhishek/backend /RagBag-backend/accounts/views.py", line 229, in perform_create
    raise e
  File "/home/binaryserver/abhishek/backend /RagBag-backend/accounts/views.py", line 222, in perform_create
    create_chapter_from_document.delay(str(document.id))
  File "/home/binaryserver/abhishek/backend /RagBag-backend/venv/lib/python3.10/site-packages/celery/app/task.py", line 444, in delay
    return self.apply_async(args, kwargs)
  File "/home/binaryserver/abhishek/backend /RagBag-backend/venv/lib/python3.10/site-packages/celery/app/task.py", line 601, in apply_async
    return app.send_task(
  File "/home/binaryserver/abhishek/backend /RagBag-backend/venv/lib/python3.10/site-packages/celery/app/base.py", line 930, in send_task
    amqp.send_task_message(P, name, message, **options)
  File "/home/binaryserver/abhishek/backend /RagBag-backend/venv/lib/python3.10/site-packages/celery/app/amqp.py", line 523, in send_task_message
    ret = producer.publish(
  File "/home/binaryserver/abhishek/backend /RagBag-backend/venv/lib/python3.10/site-packages/kombu/messaging.py", line 190, in publish
    return _publish(
  File "/home/binaryserver/abhishek/backend /RagBag-backend/venv/lib/python3.10/site-packages/kombu/connection.py", line 556, in _ensured
    return fun(*args, **kwargs)
  File "/home/binaryserver/abhishek/backend /RagBag-backend/venv/lib/python3.10/site-packages/kombu/messaging.py", line 200, in _publish
    channel = self.channel
  File "/home/binaryserver/abhishek/backend /RagBag-backend/venv/lib/python3.10/site-packages/kombu/messaging.py", line 224, in _get_channel
    channel = self._channel = channel()
  File "/home/binaryserver/abhishek/backend /RagBag-backend/venv/lib/python3.10/site-packages/kombu/utils/functional.py", line 34, in __call__
    value = self.__value__ = self.__contract__()
  File "/home/binaryserver/abhishek/backend /RagBag-backend/venv/lib/python3.10/site-packages/kombu/messaging.py", line 240, in <lambda>
    channel = ChannelPromise(lambda: connection.default_channel)
  File "/home/binaryserver/abhishek/backend /RagBag-backend/venv/lib/python3.10/site-packages/kombu/connection.py", line 957, in default_channel
    self._ensure_connection(**conn_opts)
  File "/home/binaryserver/abhishek/backend /RagBag-backend/venv/lib/python3.10/site-packages/kombu/connection.py", line 458, in _ensure_connection
    with ctx():
  File "/usr/lib/python3.10/contextlib.py", line 153, in __exit__
    self.gen.throw(typ, value, traceback)
  File "/home/binaryserver/abhishek/backend /RagBag-backend/venv/lib/python3.10/site-packages/kombu/connection.py", line 476, in _reraise_as_library_errors
    raise ConnectionError(str(exc)) from exc
kombu.exceptions.OperationalError: [Errno 111] Connection refused
INFO 2025-08-13 12:17:27,233 views : Attempting to save document for user: 59ea75f8-56fc-47be-ba01-b77b2279fa3d
INFO 2025-08-13 12:17:27,265 views : Successfully saved document record aef7bad8-aed4-407a-80af-3e1cc3ee0a05 to the database.
INFO 2025-08-13 12:17:27,265 views : File URL generated by storage backend: https://plemeggubdfpsgfpgccu.supabase.co/storage/v1/object/public/media/59ea75f8-56fc-47be-ba01-b77b2279fa3d/standalone/sample_text_o4n1iwN.pdf
WARNING 2025-08-13 12:17:27,296 connection : No hostname was supplied. Reverting to default 'localhost'
ERROR 2025-08-13 12:17:27,921 views : CRITICAL ERROR during document save/upload for user 59ea75f8-56fc-47be-ba01-b77b2279fa3d: [Errno 111] Connection refused
Traceback (most recent call last):
  File "/home/binaryserver/abhishek/backend /RagBag-backend/venv/lib/python3.10/site-packages/kombu/utils/functional.py", line 32, in __call__
    return self.__value__
AttributeError: 'ChannelPromise' object has no attribute '__value__'. Did you mean: '__call__'?

During handling of the above exception, another exception occurred:

Traceback (most recent call last):
  File "/home/binaryserver/abhishek/backend /RagBag-backend/venv/lib/python3.10/site-packages/kombu/connection.py", line 472, in _reraise_as_library_errors
    yield
  File "/home/binaryserver/abhishek/backend /RagBag-backend/venv/lib/python3.10/site-packages/kombu/connection.py", line 459, in _ensure_connection
    return retry_over_time(
  File "/home/binaryserver/abhishek/backend /RagBag-backend/venv/lib/python3.10/site-packages/kombu/utils/functional.py", line 318, in retry_over_time
    return fun(*args, **kwargs)
  File "/home/binaryserver/abhishek/backend /RagBag-backend/venv/lib/python3.10/site-packages/kombu/connection.py", line 938, in _connection_factory
    self._connection = self._establish_connection()
  File "/home/binaryserver/abhishek/backend /RagBag-backend/venv/lib/python3.10/site-packages/kombu/connection.py", line 860, in _establish_connection
    conn = self.transport.establish_connection()
  File "/home/binaryserver/abhishek/backend /RagBag-backend/venv/lib/python3.10/site-packages/kombu/transport/pyamqp.py", line 203, in establish_connection
    conn.connect()
  File "/home/binaryserver/abhishek/backend /RagBag-backend/venv/lib/python3.10/site-packages/amqp/connection.py", line 324, in connect
    self.transport.connect()
  File "/home/binaryserver/abhishek/backend /RagBag-backend/venv/lib/python3.10/site-packages/amqp/transport.py", line 132, in connect
    self._connect(self.host, self.port, self.connect_timeout)
  File "/home/binaryserver/abhishek/backend /RagBag-backend/venv/lib/python3.10/site-packages/amqp/transport.py", line 187, in _connect
    self.sock.connect(sa)
ConnectionRefusedError: [Errno 111] Connection refused

The above exception was the direct cause of the following exception:

Traceback (most recent call last):
  File "/home/binaryserver/abhishek/backend /RagBag-backend/accounts/views.py", line 222, in perform_create
    create_chapter_from_document.delay(str(document.id))
  File "/home/binaryserver/abhishek/backend /RagBag-backend/venv/lib/python3.10/site-packages/celery/app/task.py", line 444, in delay
    return self.apply_async(args, kwargs)
  File "/home/binaryserver/abhishek/backend /RagBag-backend/venv/lib/python3.10/site-packages/celery/app/task.py", line 601, in apply_async
    return app.send_task(
  File "/home/binaryserver/abhishek/backend /RagBag-backend/venv/lib/python3.10/site-packages/celery/app/base.py", line 930, in send_task
    amqp.send_task_message(P, name, message, **options)
  File "/home/binaryserver/abhishek/backend /RagBag-backend/venv/lib/python3.10/site-packages/celery/app/amqp.py", line 523, in send_task_message
    ret = producer.publish(
  File "/home/binaryserver/abhishek/backend /RagBag-backend/venv/lib/python3.10/site-packages/kombu/messaging.py", line 190, in publish
    return _publish(
  File "/home/binaryserver/abhishek/backend /RagBag-backend/venv/lib/python3.10/site-packages/kombu/connection.py", line 556, in _ensured
    return fun(*args, **kwargs)
  File "/home/binaryserver/abhishek/backend /RagBag-backend/venv/lib/python3.10/site-packages/kombu/messaging.py", line 200, in _publish
    channel = self.channel
  File "/home/binaryserver/abhishek/backend /RagBag-backend/venv/lib/python3.10/site-packages/kombu/messaging.py", line 224, in _get_channel
    channel = self._channel = channel()
  File "/home/binaryserver/abhishek/backend /RagBag-backend/venv/lib/python3.10/site-packages/kombu/utils/functional.py", line 34, in __call__
    value = self.__value__ = self.__contract__()
  File "/home/binaryserver/abhishek/backend /RagBag-backend/venv/lib/python3.10/site-packages/kombu/messaging.py", line 240, in <lambda>
    channel = ChannelPromise(lambda: connection.default_channel)
  File "/home/binaryserver/abhishek/backend /RagBag-backend/venv/lib/python3.10/site-packages/kombu/connection.py", line 957, in default_channel
    self._ensure_connection(**conn_opts)
  File "/home/binaryserver/abhishek/backend /RagBag-backend/venv/lib/python3.10/site-packages/kombu/connection.py", line 458, in _ensure_connection
    with ctx():
  File "/usr/lib/python3.10/contextlib.py", line 153, in __exit__
    self.gen.throw(typ, value, traceback)
  File "/home/binaryserver/abhishek/backend /RagBag-backend/venv/lib/python3.10/site-packages/kombu/connection.py", line 476, in _reraise_as_library_errors
    raise ConnectionError(str(exc)) from exc
kombu.exceptions.OperationalError: [Errno 111] Connection refused
ERROR 2025-08-13 12:17:27,988 log : Internal Server Error: /auth/documents/
Traceback (most recent call last):
  File "/home/binaryserver/abhishek/backend /RagBag-backend/venv/lib/python3.10/site-packages/kombu/utils/functional.py", line 32, in __call__
    return self.__value__
AttributeError: 'ChannelPromise' object has no attribute '__value__'. Did you mean: '__call__'?

During handling of the above exception, another exception occurred:

Traceback (most recent call last):
  File "/home/binaryserver/abhishek/backend /RagBag-backend/venv/lib/python3.10/site-packages/kombu/connection.py", line 472, in _reraise_as_library_errors
    yield
  File "/home/binaryserver/abhishek/backend /RagBag-backend/venv/lib/python3.10/site-packages/kombu/connection.py", line 459, in _ensure_connection
    return retry_over_time(
  File "/home/binaryserver/abhishek/backend /RagBag-backend/venv/lib/python3.10/site-packages/kombu/utils/functional.py", line 318, in retry_over_time
    return fun(*args, **kwargs)
  File "/home/binaryserver/abhishek/backend /RagBag-backend/venv/lib/python3.10/site-packages/kombu/connection.py", line 938, in _connection_factory
    self._connection = self._establish_connection()
  File "/home/binaryserver/abhishek/backend /RagBag-backend/venv/lib/python3.10/site-packages/kombu/connection.py", line 860, in _establish_connection
    conn = self.transport.establish_connection()
  File "/home/binaryserver/abhishek/backend /RagBag-backend/venv/lib/python3.10/site-packages/kombu/transport/pyamqp.py", line 203, in establish_connection
    conn.connect()
  File "/home/binaryserver/abhishek/backend /RagBag-backend/venv/lib/python3.10/site-packages/amqp/connection.py", line 324, in connect
    self.transport.connect()
  File "/home/binaryserver/abhishek/backend /RagBag-backend/venv/lib/python3.10/site-packages/amqp/transport.py", line 132, in connect
    self._connect(self.host, self.port, self.connect_timeout)
  File "/home/binaryserver/abhishek/backend /RagBag-backend/venv/lib/python3.10/site-packages/amqp/transport.py", line 187, in _connect
    self.sock.connect(sa)
ConnectionRefusedError: [Errno 111] Connection refused

The above exception was the direct cause of the following exception:

Traceback (most recent call last):
  File "/home/binaryserver/abhishek/backend /RagBag-backend/venv/lib/python3.10/site-packages/asgiref/sync.py", line 489, in thread_handler
    raise exc_info[1]
  File "/home/binaryserver/abhishek/backend /RagBag-backend/venv/lib/python3.10/site-packages/django/core/handlers/exception.py", line 42, in inner
    response = await get_response(request)
  File "/home/binaryserver/abhishek/backend /RagBag-backend/venv/lib/python3.10/site-packages/django/core/handlers/base.py", line 253, in _get_response_async
    response = await wrapped_callback(
  File "/home/binaryserver/abhishek/backend /RagBag-backend/venv/lib/python3.10/site-packages/asgiref/sync.py", line 439, in __call__
    ret = await asyncio.shield(exec_coro)
  File "/home/binaryserver/abhishek/backend /RagBag-backend/venv/lib/python3.10/site-packages/asgiref/current_thread_executor.py", line 40, in run
    result = self.fn(*self.args, **self.kwargs)
  File "/home/binaryserver/abhishek/backend /RagBag-backend/venv/lib/python3.10/site-packages/asgiref/sync.py", line 493, in thread_handler
    return func(*args, **kwargs)
  File "/home/binaryserver/abhishek/backend /RagBag-backend/venv/lib/python3.10/site-packages/django/views/decorators/csrf.py", line 65, in _view_wrapper
    return view_func(request, *args, **kwargs)
  File "/home/binaryserver/abhishek/backend /RagBag-backend/venv/lib/python3.10/site-packages/django/views/generic/base.py", line 105, in view
    return self.dispatch(request, *args, **kwargs)
  File "/home/binaryserver/abhishek/backend /RagBag-backend/venv/lib/python3.10/site-packages/rest_framework/views.py", line 515, in dispatch
    response = self.handle_exception(exc)
  File "/home/binaryserver/abhishek/backend /RagBag-backend/venv/lib/python3.10/site-packages/rest_framework/views.py", line 475, in handle_exception
    self.raise_uncaught_exception(exc)
  File "/home/binaryserver/abhishek/backend /RagBag-backend/venv/lib/python3.10/site-packages/rest_framework/views.py", line 486, in raise_uncaught_exception
    raise exc
  File "/home/binaryserver/abhishek/backend /RagBag-backend/venv/lib/python3.10/site-packages/rest_framework/views.py", line 512, in dispatch
    response = handler(request, *args, **kwargs)
  File "/home/binaryserver/abhishek/backend /RagBag-backend/venv/lib/python3.10/site-packages/rest_framework/generics.py", line 246, in post
    return self.create(request, *args, **kwargs)
  File "/home/binaryserver/abhishek/backend /RagBag-backend/venv/lib/python3.10/site-packages/rest_framework/mixins.py", line 19, in create
    self.perform_create(serializer)
  File "/home/binaryserver/abhishek/backend /RagBag-backend/accounts/views.py", line 229, in perform_create
    raise e
  File "/home/binaryserver/abhishek/backend /RagBag-backend/accounts/views.py", line 222, in perform_create
    create_chapter_from_document.delay(str(document.id))
  File "/home/binaryserver/abhishek/backend /RagBag-backend/venv/lib/python3.10/site-packages/celery/app/task.py", line 444, in delay
    return self.apply_async(args, kwargs)
  File "/home/binaryserver/abhishek/backend /RagBag-backend/venv/lib/python3.10/site-packages/celery/app/task.py", line 601, in apply_async
    return app.send_task(
  File "/home/binaryserver/abhishek/backend /RagBag-backend/venv/lib/python3.10/site-packages/celery/app/base.py", line 930, in send_task
    amqp.send_task_message(P, name, message, **options)
  File "/home/binaryserver/abhishek/backend /RagBag-backend/venv/lib/python3.10/site-packages/celery/app/amqp.py", line 523, in send_task_message
    ret = producer.publish(
  File "/home/binaryserver/abhishek/backend /RagBag-backend/venv/lib/python3.10/site-packages/kombu/messaging.py", line 190, in publish
    return _publish(
  File "/home/binaryserver/abhishek/backend /RagBag-backend/venv/lib/python3.10/site-packages/kombu/connection.py", line 556, in _ensured
    return fun(*args, **kwargs)
  File "/home/binaryserver/abhishek/backend /RagBag-backend/venv/lib/python3.10/site-packages/kombu/messaging.py", line 200, in _publish
    channel = self.channel
  File "/home/binaryserver/abhishek/backend /RagBag-backend/venv/lib/python3.10/site-packages/kombu/messaging.py", line 224, in _get_channel
    channel = self._channel = channel()
  File "/home/binaryserver/abhishek/backend /RagBag-backend/venv/lib/python3.10/site-packages/kombu/utils/functional.py", line 34, in __call__
    value = self.__value__ = self.__contract__()
  File "/home/binaryserver/abhishek/backend /RagBag-backend/venv/lib/python3.10/site-packages/kombu/messaging.py", line 240, in <lambda>
    channel = ChannelPromise(lambda: connection.default_channel)
  File "/home/binaryserver/abhishek/backend /RagBag-backend/venv/lib/python3.10/site-packages/kombu/connection.py", line 957, in default_channel
    self._ensure_connection(**conn_opts)
  File "/home/binaryserver/abhishek/backend /RagBag-backend/venv/lib/python3.10/site-packages/kombu/connection.py", line 458, in _ensure_connection
    with ctx():
  File "/usr/lib/python3.10/contextlib.py", line 153, in __exit__
    self.gen.throw(typ, value, traceback)
  File "/home/binaryserver/abhishek/backend /RagBag-backend/venv/lib/python3.10/site-packages/kombu/connection.py", line 476, in _reraise_as_library_errors
    raise ConnectionError(str(exc)) from exc
kombu.exceptions.OperationalError: [Errno 111] Connection refused
INFO 2025-08-13 12:20:39,453 views : Attempting to save document for user: 59ea75f8-56fc-47be-ba01-b77b2279fa3d
INFO 2025-08-13 12:20:39,485 views : Successfully saved document record 6ceadf91-849a-40e2-a4cb-10d8009cf900 to the database.
INFO 2025-08-13 12:20:39,485 views : File URL generated by storage backend: https://plemeggubdfpsgfpgccu.supabase.co/storage/v1/object/public/media/59ea75f8-56fc-47be-ba01-b77b2279fa3d/standalone/sample_text_grR9jaM.pdf
WARNING 2025-08-13 12:20:39,512 connection : No hostname was supplied. Reverting to default 'localhost'
ERROR 2025-08-13 12:20:40,133 views : CRITICAL ERROR during document save/upload for user 59ea75f8-56fc-47be-ba01-b77b2279fa3d: [Errno 111] Connection refused
Traceback (most recent call last):
  File "/home/binaryserver/abhishek/backend /RagBag-backend/venv/lib/python3.10/site-packages/kombu/utils/functional.py", line 32, in __call__
    return self.__value__
AttributeError: 'ChannelPromise' object has no attribute '__value__'. Did you mean: '__call__'?

During handling of the above exception, another exception occurred:

Traceback (most recent call last):
  File "/home/binaryserver/abhishek/backend /RagBag-backend/venv/lib/python3.10/site-packages/kombu/connection.py", line 472, in _reraise_as_library_errors
    yield
  File "/home/binaryserver/abhishek/backend /RagBag-backend/venv/lib/python3.10/site-packages/kombu/connection.py", line 459, in _ensure_connection
    return retry_over_time(
  File "/home/binaryserver/abhishek/backend /RagBag-backend/venv/lib/python3.10/site-packages/kombu/utils/functional.py", line 318, in retry_over_time
    return fun(*args, **kwargs)
  File "/home/binaryserver/abhishek/backend /RagBag-backend/venv/lib/python3.10/site-packages/kombu/connection.py", line 938, in _connection_factory
    self._connection = self._establish_connection()
  File "/home/binaryserver/abhishek/backend /RagBag-backend/venv/lib/python3.10/site-packages/kombu/connection.py", line 860, in _establish_connection
    conn = self.transport.establish_connection()
  File "/home/binaryserver/abhishek/backend /RagBag-backend/venv/lib/python3.10/site-packages/kombu/transport/pyamqp.py", line 203, in establish_connection
    conn.connect()
  File "/home/binaryserver/abhishek/backend /RagBag-backend/venv/lib/python3.10/site-packages/amqp/connection.py", line 324, in connect
    self.transport.connect()
  File "/home/binaryserver/abhishek/backend /RagBag-backend/venv/lib/python3.10/site-packages/amqp/transport.py", line 132, in connect
    self._connect(self.host, self.port, self.connect_timeout)
  File "/home/binaryserver/abhishek/backend /RagBag-backend/venv/lib/python3.10/site-packages/amqp/transport.py", line 187, in _connect
    self.sock.connect(sa)
ConnectionRefusedError: [Errno 111] Connection refused

The above exception was the direct cause of the following exception:

Traceback (most recent call last):
  File "/home/binaryserver/abhishek/backend /RagBag-backend/accounts/views.py", line 222, in perform_create
    create_chapter_from_document.delay(str(document.id))
  File "/home/binaryserver/abhishek/backend /RagBag-backend/venv/lib/python3.10/site-packages/celery/app/task.py", line 444, in delay
    return self.apply_async(args, kwargs)
  File "/home/binaryserver/abhishek/backend /RagBag-backend/venv/lib/python3.10/site-packages/celery/app/task.py", line 601, in apply_async
    return app.send_task(
  File "/home/binaryserver/abhishek/backend /RagBag-backend/venv/lib/python3.10/site-packages/celery/app/base.py", line 930, in send_task
    amqp.send_task_message(P, name, message, **options)
  File "/home/binaryserver/abhishek/backend /RagBag-backend/venv/lib/python3.10/site-packages/celery/app/amqp.py", line 523, in send_task_message
    ret = producer.publish(
  File "/home/binaryserver/abhishek/backend /RagBag-backend/venv/lib/python3.10/site-packages/kombu/messaging.py", line 190, in publish
    return _publish(
  File "/home/binaryserver/abhishek/backend /RagBag-backend/venv/lib/python3.10/site-packages/kombu/connection.py", line 556, in _ensured
    return fun(*args, **kwargs)
  File "/home/binaryserver/abhishek/backend /RagBag-backend/venv/lib/python3.10/site-packages/kombu/messaging.py", line 200, in _publish
    channel = self.channel
  File "/home/binaryserver/abhishek/backend /RagBag-backend/venv/lib/python3.10/site-packages/kombu/messaging.py", line 224, in _get_channel
    channel = self._channel = channel()
  File "/home/binaryserver/abhishek/backend /RagBag-backend/venv/lib/python3.10/site-packages/kombu/utils/functional.py", line 34, in __call__
    value = self.__value__ = self.__contract__()
  File "/home/binaryserver/abhishek/backend /RagBag-backend/venv/lib/python3.10/site-packages/kombu/messaging.py", line 240, in <lambda>
    channel = ChannelPromise(lambda: connection.default_channel)
  File "/home/binaryserver/abhishek/backend /RagBag-backend/venv/lib/python3.10/site-packages/kombu/connection.py", line 957, in default_channel
    self._ensure_connection(**conn_opts)
  File "/home/binaryserver/abhishek/backend /RagBag-backend/venv/lib/python3.10/site-packages/kombu/connection.py", line 458, in _ensure_connection
    with ctx():
  File "/usr/lib/python3.10/contextlib.py", line 153, in __exit__
    self.gen.throw(typ, value, traceback)
  File "/home/binaryserver/abhishek/backend /RagBag-backend/venv/lib/python3.10/site-packages/kombu/connection.py", line 476, in _reraise_as_library_errors
    raise ConnectionError(str(exc)) from exc
kombu.exceptions.OperationalError: [Errno 111] Connection refused
ERROR 2025-08-13 12:20:40,190 log : Internal Server Error: /auth/documents/
Traceback (most recent call last):
  File "/home/binaryserver/abhishek/backend /RagBag-backend/venv/lib/python3.10/site-packages/kombu/utils/functional.py", line 32, in __call__
    return self.__value__
AttributeError: 'ChannelPromise' object has no attribute '__value__'. Did you mean: '__call__'?

During handling of the above exception, another exception occurred:

Traceback (most recent call last):
  File "/home/binaryserver/abhishek/backend /RagBag-backend/venv/lib/python3.10/site-packages/kombu/connection.py", line 472, in _reraise_as_library_errors
    yield
  File "/home/binaryserver/abhishek/backend /RagBag-backend/venv/lib/python3.10/site-packages/kombu/connection.py", line 459, in _ensure_connection
    return retry_over_time(
  File "/home/binaryserver/abhishek/backend /RagBag-backend/venv/lib/python3.10/site-packages/kombu/utils/functional.py", line 318, in retry_over_time
    return fun(*args, **kwargs)
  File "/home/binaryserver/abhishek/backend /RagBag-backend/venv/lib/python3.10/site-packages/kombu/connection.py", line 938, in _connection_factory
    self._connection = self._establish_connection()
  File "/home/binaryserver/abhishek/backend /RagBag-backend/venv/lib/python3.10/site-packages/kombu/connection.py", line 860, in _establish_connection
    conn = self.transport.establish_connection()
  File "/home/binaryserver/abhishek/backend /RagBag-backend/venv/lib/python3.10/site-packages/kombu/transport/pyamqp.py", line 203, in establish_connection
    conn.connect()
  File "/home/binaryserver/abhishek/backend /RagBag-backend/venv/lib/python3.10/site-packages/amqp/connection.py", line 324, in connect
    self.transport.connect()
  File "/home/binaryserver/abhishek/backend /RagBag-backend/venv/lib/python3.10/site-packages/amqp/transport.py", line 132, in connect
    self._connect(self.host, self.port, self.connect_timeout)
  File "/home/binaryserver/abhishek/backend /RagBag-backend/venv/lib/python3.10/site-packages/amqp/transport.py", line 187, in _connect
    self.sock.connect(sa)
ConnectionRefusedError: [Errno 111] Connection refused

The above exception was the direct cause of the following exception:

Traceback (most recent call last):
  File "/home/binaryserver/abhishek/backend /RagBag-backend/venv/lib/python3.10/site-packages/asgiref/sync.py", line 489, in thread_handler
    raise exc_info[1]
  File "/home/binaryserver/abhishek/backend /RagBag-backend/venv/lib/python3.10/site-packages/django/core/handlers/exception.py", line 42, in inner
    response = await get_response(request)
  File "/home/binaryserver/abhishek/backend /RagBag-backend/venv/lib/python3.10/site-packages/django/core/handlers/base.py", line 253, in _get_response_async
    response = await wrapped_callback(
  File "/home/binaryserver/abhishek/backend /RagBag-backend/venv/lib/python3.10/site-packages/asgiref/sync.py", line 439, in __call__
    ret = await asyncio.shield(exec_coro)
  File "/home/binaryserver/abhishek/backend /RagBag-backend/venv/lib/python3.10/site-packages/asgiref/current_thread_executor.py", line 40, in run
    result = self.fn(*self.args, **self.kwargs)
  File "/home/binaryserver/abhishek/backend /RagBag-backend/venv/lib/python3.10/site-packages/asgiref/sync.py", line 493, in thread_handler
    return func(*args, **kwargs)
  File "/home/binaryserver/abhishek/backend /RagBag-backend/venv/lib/python3.10/site-packages/django/views/decorators/csrf.py", line 65, in _view_wrapper
    return view_func(request, *args, **kwargs)
  File "/home/binaryserver/abhishek/backend /RagBag-backend/venv/lib/python3.10/site-packages/django/views/generic/base.py", line 105, in view
    return self.dispatch(request, *args, **kwargs)
  File "/home/binaryserver/abhishek/backend /RagBag-backend/venv/lib/python3.10/site-packages/rest_framework/views.py", line 515, in dispatch
    response = self.handle_exception(exc)
  File "/home/binaryserver/abhishek/backend /RagBag-backend/venv/lib/python3.10/site-packages/rest_framework/views.py", line 475, in handle_exception
    self.raise_uncaught_exception(exc)
  File "/home/binaryserver/abhishek/backend /RagBag-backend/venv/lib/python3.10/site-packages/rest_framework/views.py", line 486, in raise_uncaught_exception
    raise exc
  File "/home/binaryserver/abhishek/backend /RagBag-backend/venv/lib/python3.10/site-packages/rest_framework/views.py", line 512, in dispatch
    response = handler(request, *args, **kwargs)
  File "/home/binaryserver/abhishek/backend /RagBag-backend/venv/lib/python3.10/site-packages/rest_framework/generics.py", line 246, in post
    return self.create(request, *args, **kwargs)
  File "/home/binaryserver/abhishek/backend /RagBag-backend/venv/lib/python3.10/site-packages/rest_framework/mixins.py", line 19, in create
    self.perform_create(serializer)
  File "/home/binaryserver/abhishek/backend /RagBag-backend/accounts/views.py", line 229, in perform_create
    raise e
  File "/home/binaryserver/abhishek/backend /RagBag-backend/accounts/views.py", line 222, in perform_create
    create_chapter_from_document.delay(str(document.id))
  File "/home/binaryserver/abhishek/backend /RagBag-backend/venv/lib/python3.10/site-packages/celery/app/task.py", line 444, in delay
    return self.apply_async(args, kwargs)
  File "/home/binaryserver/abhishek/backend /RagBag-backend/venv/lib/python3.10/site-packages/celery/app/task.py", line 601, in apply_async
    return app.send_task(
  File "/home/binaryserver/abhishek/backend /RagBag-backend/venv/lib/python3.10/site-packages/celery/app/base.py", line 930, in send_task
    amqp.send_task_message(P, name, message, **options)
  File "/home/binaryserver/abhishek/backend /RagBag-backend/venv/lib/python3.10/site-packages/celery/app/amqp.py", line 523, in send_task_message
    ret = producer.publish(
  File "/home/binaryserver/abhishek/backend /RagBag-backend/venv/lib/python3.10/site-packages/kombu/messaging.py", line 190, in publish
    return _publish(
  File "/home/binaryserver/abhishek/backend /RagBag-backend/venv/lib/python3.10/site-packages/kombu/connection.py", line 556, in _ensured
    return fun(*args, **kwargs)
  File "/home/binaryserver/abhishek/backend /RagBag-backend/venv/lib/python3.10/site-packages/kombu/messaging.py", line 200, in _publish
    channel = self.channel
  File "/home/binaryserver/abhishek/backend /RagBag-backend/venv/lib/python3.10/site-packages/kombu/messaging.py", line 224, in _get_channel
    channel = self._channel = channel()
  File "/home/binaryserver/abhishek/backend /RagBag-backend/venv/lib/python3.10/site-packages/kombu/utils/functional.py", line 34, in __call__
    value = self.__value__ = self.__contract__()
  File "/home/binaryserver/abhishek/backend /RagBag-backend/venv/lib/python3.10/site-packages/kombu/messaging.py", line 240, in <lambda>
    channel = ChannelPromise(lambda: connection.default_channel)
  File "/home/binaryserver/abhishek/backend /RagBag-backend/venv/lib/python3.10/site-packages/kombu/connection.py", line 957, in default_channel
    self._ensure_connection(**conn_opts)
  File "/home/binaryserver/abhishek/backend /RagBag-backend/venv/lib/python3.10/site-packages/kombu/connection.py", line 458, in _ensure_connection
    with ctx():
  File "/usr/lib/python3.10/contextlib.py", line 153, in __exit__
    self.gen.throw(typ, value, traceback)
  File "/home/binaryserver/abhishek/backend /RagBag-backend/venv/lib/python3.10/site-packages/kombu/connection.py", line 476, in _reraise_as_library_errors
    raise ConnectionError(str(exc)) from exc
kombu.exceptions.OperationalError: [Errno 111] Connection refused
WARNING 2025-08-13 12:25:21,787 log : Unauthorized: /auth/subjects/
INFO 2025-08-13 12:25:42,143 views : Attempting to save document for user: 59ea75f8-56fc-47be-ba01-b77b2279fa3d
INFO 2025-08-13 12:25:42,174 views : Successfully saved document record 9e033e2d-9a28-4f72-b31b-0a8197652f07 to the database.
INFO 2025-08-13 12:25:42,175 views : File URL generated by storage backend: https://plemeggubdfpsgfpgccu.supabase.co/storage/v1/object/public/media/59ea75f8-56fc-47be-ba01-b77b2279fa3d/standalone/sample_text_0AcVzvB.pdf
WARNING 2025-08-13 12:25:42,207 connection : No hostname was supplied. Reverting to default 'localhost'
ERROR 2025-08-13 12:25:42,830 views : CRITICAL ERROR during document save/upload for user 59ea75f8-56fc-47be-ba01-b77b2279fa3d: [Errno 111] Connection refused
Traceback (most recent call last):
  File "/home/binaryserver/abhishek/backend /RagBag-backend/venv/lib/python3.10/site-packages/kombu/utils/functional.py", line 32, in __call__
    return self.__value__
AttributeError: 'ChannelPromise' object has no attribute '__value__'. Did you mean: '__call__'?

During handling of the above exception, another exception occurred:

Traceback (most recent call last):
  File "/home/binaryserver/abhishek/backend /RagBag-backend/venv/lib/python3.10/site-packages/kombu/connection.py", line 472, in _reraise_as_library_errors
    yield
  File "/home/binaryserver/abhishek/backend /RagBag-backend/venv/lib/python3.10/site-packages/kombu/connection.py", line 459, in _ensure_connection
    return retry_over_time(
  File "/home/binaryserver/abhishek/backend /RagBag-backend/venv/lib/python3.10/site-packages/kombu/utils/functional.py", line 318, in retry_over_time
    return fun(*args, **kwargs)
  File "/home/binaryserver/abhishek/backend /RagBag-backend/venv/lib/python3.10/site-packages/kombu/connection.py", line 938, in _connection_factory
    self._connection = self._establish_connection()
  File "/home/binaryserver/abhishek/backend /RagBag-backend/venv/lib/python3.10/site-packages/kombu/connection.py", line 860, in _establish_connection
    conn = self.transport.establish_connection()
  File "/home/binaryserver/abhishek/backend /RagBag-backend/venv/lib/python3.10/site-packages/kombu/transport/pyamqp.py", line 203, in establish_connection
    conn.connect()
  File "/home/binaryserver/abhishek/backend /RagBag-backend/venv/lib/python3.10/site-packages/amqp/connection.py", line 324, in connect
    self.transport.connect()
  File "/home/binaryserver/abhishek/backend /RagBag-backend/venv/lib/python3.10/site-packages/amqp/transport.py", line 132, in connect
    self._connect(self.host, self.port, self.connect_timeout)
  File "/home/binaryserver/abhishek/backend /RagBag-backend/venv/lib/python3.10/site-packages/amqp/transport.py", line 187, in _connect
    self.sock.connect(sa)
ConnectionRefusedError: [Errno 111] Connection refused

The above exception was the direct cause of the following exception:

Traceback (most recent call last):
  File "/home/binaryserver/abhishek/backend /RagBag-backend/accounts/views.py", line 222, in perform_create
    create_chapter_from_document.delay(str(document.id))
  File "/home/binaryserver/abhishek/backend /RagBag-backend/venv/lib/python3.10/site-packages/celery/app/task.py", line 444, in delay
    return self.apply_async(args, kwargs)
  File "/home/binaryserver/abhishek/backend /RagBag-backend/venv/lib/python3.10/site-packages/celery/app/task.py", line 601, in apply_async
    return app.send_task(
  File "/home/binaryserver/abhishek/backend /RagBag-backend/venv/lib/python3.10/site-packages/celery/app/base.py", line 930, in send_task
    amqp.send_task_message(P, name, message, **options)
  File "/home/binaryserver/abhishek/backend /RagBag-backend/venv/lib/python3.10/site-packages/celery/app/amqp.py", line 523, in send_task_message
    ret = producer.publish(
  File "/home/binaryserver/abhishek/backend /RagBag-backend/venv/lib/python3.10/site-packages/kombu/messaging.py", line 190, in publish
    return _publish(
  File "/home/binaryserver/abhishek/backend /RagBag-backend/venv/lib/python3.10/site-packages/kombu/connection.py", line 556, in _ensured
    return fun(*args, **kwargs)
  File "/home/binaryserver/abhishek/backend /RagBag-backend/venv/lib/python3.10/site-packages/kombu/messaging.py", line 200, in _publish
    channel = self.channel
  File "/home/binaryserver/abhishek/backend /RagBag-backend/venv/lib/python3.10/site-packages/kombu/messaging.py", line 224, in _get_channel
    channel = self._channel = channel()
  File "/home/binaryserver/abhishek/backend /RagBag-backend/venv/lib/python3.10/site-packages/kombu/utils/functional.py", line 34, in __call__
    value = self.__value__ = self.__contract__()
  File "/home/binaryserver/abhishek/backend /RagBag-backend/venv/lib/python3.10/site-packages/kombu/messaging.py", line 240, in <lambda>
    channel = ChannelPromise(lambda: connection.default_channel)
  File "/home/binaryserver/abhishek/backend /RagBag-backend/venv/lib/python3.10/site-packages/kombu/connection.py", line 957, in default_channel
    self._ensure_connection(**conn_opts)
  File "/home/binaryserver/abhishek/backend /RagBag-backend/venv/lib/python3.10/site-packages/kombu/connection.py", line 458, in _ensure_connection
    with ctx():
  File "/usr/lib/python3.10/contextlib.py", line 153, in __exit__
    self.gen.throw(typ, value, traceback)
  File "/home/binaryserver/abhishek/backend /RagBag-backend/venv/lib/python3.10/site-packages/kombu/connection.py", line 476, in _reraise_as_library_errors
    raise ConnectionError(str(exc)) from exc
kombu.exceptions.OperationalError: [Errno 111] Connection refused
ERROR 2025-08-13 12:25:42,894 log : Internal Server Error: /auth/documents/
Traceback (most recent call last):
  File "/home/binaryserver/abhishek/backend /RagBag-backend/venv/lib/python3.10/site-packages/kombu/utils/functional.py", line 32, in __call__
    return self.__value__
AttributeError: 'ChannelPromise' object has no attribute '__value__'. Did you mean: '__call__'?

During handling of the above exception, another exception occurred:

Traceback (most recent call last):
  File "/home/binaryserver/abhishek/backend /RagBag-backend/venv/lib/python3.10/site-packages/kombu/connection.py", line 472, in _reraise_as_library_errors
    yield
  File "/home/binaryserver/abhishek/backend /RagBag-backend/venv/lib/python3.10/site-packages/kombu/connection.py", line 459, in _ensure_connection
    return retry_over_time(
  File "/home/binaryserver/abhishek/backend /RagBag-backend/venv/lib/python3.10/site-packages/kombu/utils/functional.py", line 318, in retry_over_time
    return fun(*args, **kwargs)
  File "/home/binaryserver/abhishek/backend /RagBag-backend/venv/lib/python3.10/site-packages/kombu/connection.py", line 938, in _connection_factory
    self._connection = self._establish_connection()
  File "/home/binaryserver/abhishek/backend /RagBag-backend/venv/lib/python3.10/site-packages/kombu/connection.py", line 860, in _establish_connection
    conn = self.transport.establish_connection()
  File "/home/binaryserver/abhishek/backend /RagBag-backend/venv/lib/python3.10/site-packages/kombu/transport/pyamqp.py", line 203, in establish_connection
    conn.connect()
  File "/home/binaryserver/abhishek/backend /RagBag-backend/venv/lib/python3.10/site-packages/amqp/connection.py", line 324, in connect
    self.transport.connect()
  File "/home/binaryserver/abhishek/backend /RagBag-backend/venv/lib/python3.10/site-packages/amqp/transport.py", line 132, in connect
    self._connect(self.host, self.port, self.connect_timeout)
  File "/home/binaryserver/abhishek/backend /RagBag-backend/venv/lib/python3.10/site-packages/amqp/transport.py", line 187, in _connect
    self.sock.connect(sa)
ConnectionRefusedError: [Errno 111] Connection refused

The above exception was the direct cause of the following exception:

Traceback (most recent call last):
  File "/home/binaryserver/abhishek/backend /RagBag-backend/venv/lib/python3.10/site-packages/asgiref/sync.py", line 489, in thread_handler
    raise exc_info[1]
  File "/home/binaryserver/abhishek/backend /RagBag-backend/venv/lib/python3.10/site-packages/django/core/handlers/exception.py", line 42, in inner
    response = await get_response(request)
  File "/home/binaryserver/abhishek/backend /RagBag-backend/venv/lib/python3.10/site-packages/django/core/handlers/base.py", line 253, in _get_response_async
    response = await wrapped_callback(
  File "/home/binaryserver/abhishek/backend /RagBag-backend/venv/lib/python3.10/site-packages/asgiref/sync.py", line 439, in __call__
    ret = await asyncio.shield(exec_coro)
  File "/home/binaryserver/abhishek/backend /RagBag-backend/venv/lib/python3.10/site-packages/asgiref/current_thread_executor.py", line 40, in run
    result = self.fn(*self.args, **self.kwargs)
  File "/home/binaryserver/abhishek/backend /RagBag-backend/venv/lib/python3.10/site-packages/asgiref/sync.py", line 493, in thread_handler
    return func(*args, **kwargs)
  File "/home/binaryserver/abhishek/backend /RagBag-backend/venv/lib/python3.10/site-packages/django/views/decorators/csrf.py", line 65, in _view_wrapper
    return view_func(request, *args, **kwargs)
  File "/home/binaryserver/abhishek/backend /RagBag-backend/venv/lib/python3.10/site-packages/django/views/generic/base.py", line 105, in view
    return self.dispatch(request, *args, **kwargs)
  File "/home/binaryserver/abhishek/backend /RagBag-backend/venv/lib/python3.10/site-packages/rest_framework/views.py", line 515, in dispatch
    response = self.handle_exception(exc)
  File "/home/binaryserver/abhishek/backend /RagBag-backend/venv/lib/python3.10/site-packages/rest_framework/views.py", line 475, in handle_exception
    self.raise_uncaught_exception(exc)
  File "/home/binaryserver/abhishek/backend /RagBag-backend/venv/lib/python3.10/site-packages/rest_framework/views.py", line 486, in raise_uncaught_exception
    raise exc
  File "/home/binaryserver/abhishek/backend /RagBag-backend/venv/lib/python3.10/site-packages/rest_framework/views.py", line 512, in dispatch
    response = handler(request, *args, **kwargs)
  File "/home/binaryserver/abhishek/backend /RagBag-backend/venv/lib/python3.10/site-packages/rest_framework/generics.py", line 246, in post
    return self.create(request, *args, **kwargs)
  File "/home/binaryserver/abhishek/backend /RagBag-backend/venv/lib/python3.10/site-packages/rest_framework/mixins.py", line 19, in create
    self.perform_create(serializer)
  File "/home/binaryserver/abhishek/backend /RagBag-backend/accounts/views.py", line 229, in perform_create
    raise e
  File "/home/binaryserver/abhishek/backend /RagBag-backend/accounts/views.py", line 222, in perform_create
    create_chapter_from_document.delay(str(document.id))
  File "/home/binaryserver/abhishek/backend /RagBag-backend/venv/lib/python3.10/site-packages/celery/app/task.py", line 444, in delay
    return self.apply_async(args, kwargs)
  File "/home/binaryserver/abhishek/backend /RagBag-backend/venv/lib/python3.10/site-packages/celery/app/task.py", line 601, in apply_async
    return app.send_task(
  File "/home/binaryserver/abhishek/backend /RagBag-backend/venv/lib/python3.10/site-packages/celery/app/base.py", line 930, in send_task
    amqp.send_task_message(P, name, message, **options)
  File "/home/binaryserver/abhishek/backend /RagBag-backend/venv/lib/python3.10/site-packages/celery/app/amqp.py", line 523, in send_task_message
    ret = producer.publish(
  File "/home/binaryserver/abhishek/backend /RagBag-backend/venv/lib/python3.10/site-packages/kombu/messaging.py", line 190, in publish
    return _publish(
  File "/home/binaryserver/abhishek/backend /RagBag-backend/venv/lib/python3.10/site-packages/kombu/connection.py", line 556, in _ensured
    return fun(*args, **kwargs)
  File "/home/binaryserver/abhishek/backend /RagBag-backend/venv/lib/python3.10/site-packages/kombu/messaging.py", line 200, in _publish
    channel = self.channel
  File "/home/binaryserver/abhishek/backend /RagBag-backend/venv/lib/python3.10/site-packages/kombu/messaging.py", line 224, in _get_channel
    channel = self._channel = channel()
  File "/home/binaryserver/abhishek/backend /RagBag-backend/venv/lib/python3.10/site-packages/kombu/utils/functional.py", line 34, in __call__
    value = self.__value__ = self.__contract__()
  File "/home/binaryserver/abhishek/backend /RagBag-backend/venv/lib/python3.10/site-packages/kombu/messaging.py", line 240, in <lambda>
    channel = ChannelPromise(lambda: connection.default_channel)
  File "/home/binaryserver/abhishek/backend /RagBag-backend/venv/lib/python3.10/site-packages/kombu/connection.py", line 957, in default_channel
    self._ensure_connection(**conn_opts)
  File "/home/binaryserver/abhishek/backend /RagBag-backend/venv/lib/python3.10/site-packages/kombu/connection.py", line 458, in _ensure_connection
    with ctx():
  File "/usr/lib/python3.10/contextlib.py", line 153, in __exit__
    self.gen.throw(typ, value, traceback)
  File "/home/binaryserver/abhishek/backend /RagBag-backend/venv/lib/python3.10/site-packages/kombu/connection.py", line 476, in _reraise_as_library_errors
    raise ConnectionError(str(exc)) from exc
kombu.exceptions.OperationalError: [Errno 111] Connection refused
WARNING 2025-08-14 05:27:56,885 log : Not Found: /admin/api/hmigroup/
ERROR 2025-08-14 05:27:56,944 log : Internal Server Error: /admin/
Traceback (most recent call last):
  File "/home/binaryserver/abhishek/backend /RagBag-backend/venv/lib/python3.10/site-packages/asgiref/sync.py", line 489, in thread_handler
    raise exc_info[1]
  File "/home/binaryserver/abhishek/backend /RagBag-backend/venv/lib/python3.10/site-packages/django/core/handlers/exception.py", line 42, in inner
    response = await get_response(request)
  File "/home/binaryserver/abhishek/backend /RagBag-backend/venv/lib/python3.10/site-packages/django/core/handlers/base.py", line 284, in _get_response_async
    response = await sync_to_async(
  File "/home/binaryserver/abhishek/backend /RagBag-backend/venv/lib/python3.10/site-packages/asgiref/sync.py", line 439, in __call__
    ret = await asyncio.shield(exec_coro)
  File "/home/binaryserver/abhishek/backend /RagBag-backend/venv/lib/python3.10/site-packages/asgiref/current_thread_executor.py", line 40, in run
    result = self.fn(*self.args, **self.kwargs)
  File "/home/binaryserver/abhishek/backend /RagBag-backend/venv/lib/python3.10/site-packages/asgiref/sync.py", line 493, in thread_handler
    return func(*args, **kwargs)
  File "/home/binaryserver/abhishek/backend /RagBag-backend/venv/lib/python3.10/site-packages/django/template/response.py", line 114, in render
    self.content = self.rendered_content
  File "/home/binaryserver/abhishek/backend /RagBag-backend/venv/lib/python3.10/site-packages/django/template/response.py", line 90, in rendered_content
    template = self.resolve_template(self.template_name)
  File "/home/binaryserver/abhishek/backend /RagBag-backend/venv/lib/python3.10/site-packages/django/template/response.py", line 74, in resolve_template
    return get_template(template, using=self.using)
  File "/home/binaryserver/abhishek/backend /RagBag-backend/venv/lib/python3.10/site-packages/django/template/loader.py", line 19, in get_template
    raise TemplateDoesNotExist(template_name, chain=chain)
django.template.exceptions.TemplateDoesNotExist: admin/index.html
WARNING 2025-08-14 05:27:57,103 log : Not Found: /favicon.ico
INFO 2025-08-14 05:45:18,420 views : Attempting to save document for user: 59ea75f8-56fc-47be-ba01-b77b2279fa3d
INFO 2025-08-14 05:45:18,459 views : Successfully saved document record 95177cc8-6685-415a-a53b-8e8cf35c9bb3 to the database.
INFO 2025-08-14 05:45:18,459 views : File URL generated by storage backend: https://plemeggubdfpsgfpgccu.supabase.co/storage/v1/object/public/media/59ea75f8-56fc-47be-ba01-b77b2279fa3d/standalone/sample_text_4uVspTk.pdf
WARNING 2025-08-14 05:45:18,497 connection : No hostname was supplied. Reverting to default 'localhost'
ERROR 2025-08-14 05:45:19,124 views : CRITICAL ERROR during document save/upload for user 59ea75f8-56fc-47be-ba01-b77b2279fa3d: [Errno 111] Connection refused
Traceback (most recent call last):
  File "/home/binaryserver/abhishek/backend /RagBag-backend/venv/lib/python3.10/site-packages/kombu/utils/functional.py", line 32, in __call__
    return self.__value__
AttributeError: 'ChannelPromise' object has no attribute '__value__'. Did you mean: '__call__'?

During handling of the above exception, another exception occurred:

Traceback (most recent call last):
  File "/home/binaryserver/abhishek/backend /RagBag-backend/venv/lib/python3.10/site-packages/kombu/connection.py", line 472, in _reraise_as_library_errors
    yield
  File "/home/binaryserver/abhishek/backend /RagBag-backend/venv/lib/python3.10/site-packages/kombu/connection.py", line 459, in _ensure_connection
    return retry_over_time(
  File "/home/binaryserver/abhishek/backend /RagBag-backend/venv/lib/python3.10/site-packages/kombu/utils/functional.py", line 318, in retry_over_time
    return fun(*args, **kwargs)
  File "/home/binaryserver/abhishek/backend /RagBag-backend/venv/lib/python3.10/site-packages/kombu/connection.py", line 938, in _connection_factory
    self._connection = self._establish_connection()
  File "/home/binaryserver/abhishek/backend /RagBag-backend/venv/lib/python3.10/site-packages/kombu/connection.py", line 860, in _establish_connection
    conn = self.transport.establish_connection()
  File "/home/binaryserver/abhishek/backend /RagBag-backend/venv/lib/python3.10/site-packages/kombu/transport/pyamqp.py", line 203, in establish_connection
    conn.connect()
  File "/home/binaryserver/abhishek/backend /RagBag-backend/venv/lib/python3.10/site-packages/amqp/connection.py", line 324, in connect
    self.transport.connect()
  File "/home/binaryserver/abhishek/backend /RagBag-backend/venv/lib/python3.10/site-packages/amqp/transport.py", line 132, in connect
    self._connect(self.host, self.port, self.connect_timeout)
  File "/home/binaryserver/abhishek/backend /RagBag-backend/venv/lib/python3.10/site-packages/amqp/transport.py", line 187, in _connect
    self.sock.connect(sa)
ConnectionRefusedError: [Errno 111] Connection refused

The above exception was the direct cause of the following exception:

Traceback (most recent call last):
  File "/home/binaryserver/abhishek/backend /RagBag-backend/accounts/views.py", line 222, in perform_create
    create_chapter_from_document.delay(str(document.id))
  File "/home/binaryserver/abhishek/backend /RagBag-backend/venv/lib/python3.10/site-packages/celery/app/task.py", line 444, in delay
    return self.apply_async(args, kwargs)
  File "/home/binaryserver/abhishek/backend /RagBag-backend/venv/lib/python3.10/site-packages/celery/app/task.py", line 601, in apply_async
    return app.send_task(
  File "/home/binaryserver/abhishek/backend /RagBag-backend/venv/lib/python3.10/site-packages/celery/app/base.py", line 930, in send_task
    amqp.send_task_message(P, name, message, **options)
  File "/home/binaryserver/abhishek/backend /RagBag-backend/venv/lib/python3.10/site-packages/celery/app/amqp.py", line 523, in send_task_message
    ret = producer.publish(
  File "/home/binaryserver/abhishek/backend /RagBag-backend/venv/lib/python3.10/site-packages/kombu/messaging.py", line 190, in publish
    return _publish(
  File "/home/binaryserver/abhishek/backend /RagBag-backend/venv/lib/python3.10/site-packages/kombu/connection.py", line 556, in _ensured
    return fun(*args, **kwargs)
  File "/home/binaryserver/abhishek/backend /RagBag-backend/venv/lib/python3.10/site-packages/kombu/messaging.py", line 200, in _publish
    channel = self.channel
  File "/home/binaryserver/abhishek/backend /RagBag-backend/venv/lib/python3.10/site-packages/kombu/messaging.py", line 224, in _get_channel
    channel = self._channel = channel()
  File "/home/binaryserver/abhishek/backend /RagBag-backend/venv/lib/python3.10/site-packages/kombu/utils/functional.py", line 34, in __call__
    value = self.__value__ = self.__contract__()
  File "/home/binaryserver/abhishek/backend /RagBag-backend/venv/lib/python3.10/site-packages/kombu/messaging.py", line 240, in <lambda>
    channel = ChannelPromise(lambda: connection.default_channel)
  File "/home/binaryserver/abhishek/backend /RagBag-backend/venv/lib/python3.10/site-packages/kombu/connection.py", line 957, in default_channel
    self._ensure_connection(**conn_opts)
  File "/home/binaryserver/abhishek/backend /RagBag-backend/venv/lib/python3.10/site-packages/kombu/connection.py", line 458, in _ensure_connection
    with ctx():
  File "/usr/lib/python3.10/contextlib.py", line 153, in __exit__
    self.gen.throw(typ, value, traceback)
  File "/home/binaryserver/abhishek/backend /RagBag-backend/venv/lib/python3.10/site-packages/kombu/connection.py", line 476, in _reraise_as_library_errors
    raise ConnectionError(str(exc)) from exc
kombu.exceptions.OperationalError: [Errno 111] Connection refused
ERROR 2025-08-14 05:45:19,187 log : Internal Server Error: /auth/documents/
Traceback (most recent call last):
  File "/home/binaryserver/abhishek/backend /RagBag-backend/venv/lib/python3.10/site-packages/kombu/utils/functional.py", line 32, in __call__
    return self.__value__
AttributeError: 'ChannelPromise' object has no attribute '__value__'. Did you mean: '__call__'?

During handling of the above exception, another exception occurred:

Traceback (most recent call last):
  File "/home/binaryserver/abhishek/backend /RagBag-backend/venv/lib/python3.10/site-packages/kombu/connection.py", line 472, in _reraise_as_library_errors
    yield
  File "/home/binaryserver/abhishek/backend /RagBag-backend/venv/lib/python3.10/site-packages/kombu/connection.py", line 459, in _ensure_connection
    return retry_over_time(
  File "/home/binaryserver/abhishek/backend /RagBag-backend/venv/lib/python3.10/site-packages/kombu/utils/functional.py", line 318, in retry_over_time
    return fun(*args, **kwargs)
  File "/home/binaryserver/abhishek/backend /RagBag-backend/venv/lib/python3.10/site-packages/kombu/connection.py", line 938, in _connection_factory
    self._connection = self._establish_connection()
  File "/home/binaryserver/abhishek/backend /RagBag-backend/venv/lib/python3.10/site-packages/kombu/connection.py", line 860, in _establish_connection
    conn = self.transport.establish_connection()
  File "/home/binaryserver/abhishek/backend /RagBag-backend/venv/lib/python3.10/site-packages/kombu/transport/pyamqp.py", line 203, in establish_connection
    conn.connect()
  File "/home/binaryserver/abhishek/backend /RagBag-backend/venv/lib/python3.10/site-packages/amqp/connection.py", line 324, in connect
    self.transport.connect()
  File "/home/binaryserver/abhishek/backend /RagBag-backend/venv/lib/python3.10/site-packages/amqp/transport.py", line 132, in connect
    self._connect(self.host, self.port, self.connect_timeout)
  File "/home/binaryserver/abhishek/backend /RagBag-backend/venv/lib/python3.10/site-packages/amqp/transport.py", line 187, in _connect
    self.sock.connect(sa)
ConnectionRefusedError: [Errno 111] Connection refused

The above exception was the direct cause of the following exception:

Traceback (most recent call last):
  File "/home/binaryserver/abhishek/backend /RagBag-backend/venv/lib/python3.10/site-packages/asgiref/sync.py", line 489, in thread_handler
    raise exc_info[1]
  File "/home/binaryserver/abhishek/backend /RagBag-backend/venv/lib/python3.10/site-packages/django/core/handlers/exception.py", line 42, in inner
    response = await get_response(request)
  File "/home/binaryserver/abhishek/backend /RagBag-backend/venv/lib/python3.10/site-packages/django/core/handlers/base.py", line 253, in _get_response_async
    response = await wrapped_callback(
  File "/home/binaryserver/abhishek/backend /RagBag-backend/venv/lib/python3.10/site-packages/asgiref/sync.py", line 439, in __call__
    ret = await asyncio.shield(exec_coro)
  File "/home/binaryserver/abhishek/backend /RagBag-backend/venv/lib/python3.10/site-packages/asgiref/current_thread_executor.py", line 40, in run
    result = self.fn(*self.args, **self.kwargs)
  File "/home/binaryserver/abhishek/backend /RagBag-backend/venv/lib/python3.10/site-packages/asgiref/sync.py", line 493, in thread_handler
    return func(*args, **kwargs)
  File "/home/binaryserver/abhishek/backend /RagBag-backend/venv/lib/python3.10/site-packages/django/views/decorators/csrf.py", line 65, in _view_wrapper
    return view_func(request, *args, **kwargs)
  File "/home/binaryserver/abhishek/backend /RagBag-backend/venv/lib/python3.10/site-packages/django/views/generic/base.py", line 105, in view
    return self.dispatch(request, *args, **kwargs)
  File "/home/binaryserver/abhishek/backend /RagBag-backend/venv/lib/python3.10/site-packages/rest_framework/views.py", line 515, in dispatch
    response = self.handle_exception(exc)
  File "/home/binaryserver/abhishek/backend /RagBag-backend/venv/lib/python3.10/site-packages/rest_framework/views.py", line 475, in handle_exception
    self.raise_uncaught_exception(exc)
  File "/home/binaryserver/abhishek/backend /RagBag-backend/venv/lib/python3.10/site-packages/rest_framework/views.py", line 486, in raise_uncaught_exception
    raise exc
  File "/home/binaryserver/abhishek/backend /RagBag-backend/venv/lib/python3.10/site-packages/rest_framework/views.py", line 512, in dispatch
    response = handler(request, *args, **kwargs)
  File "/home/binaryserver/abhishek/backend /RagBag-backend/venv/lib/python3.10/site-packages/rest_framework/generics.py", line 246, in post
    return self.create(request, *args, **kwargs)
  File "/home/binaryserver/abhishek/backend /RagBag-backend/venv/lib/python3.10/site-packages/rest_framework/mixins.py", line 19, in create
    self.perform_create(serializer)
  File "/home/binaryserver/abhishek/backend /RagBag-backend/accounts/views.py", line 229, in perform_create
    raise e
  File "/home/binaryserver/abhishek/backend /RagBag-backend/accounts/views.py", line 222, in perform_create
    create_chapter_from_document.delay(str(document.id))
  File "/home/binaryserver/abhishek/backend /RagBag-backend/venv/lib/python3.10/site-packages/celery/app/task.py", line 444, in delay
    return self.apply_async(args, kwargs)
  File "/home/binaryserver/abhishek/backend /RagBag-backend/venv/lib/python3.10/site-packages/celery/app/task.py", line 601, in apply_async
    return app.send_task(
  File "/home/binaryserver/abhishek/backend /RagBag-backend/venv/lib/python3.10/site-packages/celery/app/base.py", line 930, in send_task
    amqp.send_task_message(P, name, message, **options)
  File "/home/binaryserver/abhishek/backend /RagBag-backend/venv/lib/python3.10/site-packages/celery/app/amqp.py", line 523, in send_task_message
    ret = producer.publish(
  File "/home/binaryserver/abhishek/backend /RagBag-backend/venv/lib/python3.10/site-packages/kombu/messaging.py", line 190, in publish
    return _publish(
  File "/home/binaryserver/abhishek/backend /RagBag-backend/venv/lib/python3.10/site-packages/kombu/connection.py", line 556, in _ensured
    return fun(*args, **kwargs)
  File "/home/binaryserver/abhishek/backend /RagBag-backend/venv/lib/python3.10/site-packages/kombu/messaging.py", line 200, in _publish
    channel = self.channel
  File "/home/binaryserver/abhishek/backend /RagBag-backend/venv/lib/python3.10/site-packages/kombu/messaging.py", line 224, in _get_channel
    channel = self._channel = channel()
  File "/home/binaryserver/abhishek/backend /RagBag-backend/venv/lib/python3.10/site-packages/kombu/utils/functional.py", line 34, in __call__
    value = self.__value__ = self.__contract__()
  File "/home/binaryserver/abhishek/backend /RagBag-backend/venv/lib/python3.10/site-packages/kombu/messaging.py", line 240, in <lambda>
    channel = ChannelPromise(lambda: connection.default_channel)
  File "/home/binaryserver/abhishek/backend /RagBag-backend/venv/lib/python3.10/site-packages/kombu/connection.py", line 957, in default_channel
    self._ensure_connection(**conn_opts)
  File "/home/binaryserver/abhishek/backend /RagBag-backend/venv/lib/python3.10/site-packages/kombu/connection.py", line 458, in _ensure_connection
    with ctx():
  File "/usr/lib/python3.10/contextlib.py", line 153, in __exit__
    self.gen.throw(typ, value, traceback)
  File "/home/binaryserver/abhishek/backend /RagBag-backend/venv/lib/python3.10/site-packages/kombu/connection.py", line 476, in _reraise_as_library_errors
    raise ConnectionError(str(exc)) from exc
kombu.exceptions.OperationalError: [Errno 111] Connection refused
WARNING 2025-08-14 05:53:31,257 log : Unauthorized: /auth/subjects/
INFO 2025-08-14 05:53:46,124 views : Attempting to save document for user: 59ea75f8-56fc-47be-ba01-b77b2279fa3d
INFO 2025-08-14 05:53:46,155 views : Successfully saved document record 596cbad6-0a4f-4697-a4be-4d5d5616bb50 to the database.
INFO 2025-08-14 05:53:46,155 views : File URL generated by storage backend: https://plemeggubdfpsgfpgccu.supabase.co/storage/v1/object/public/media/59ea75f8-56fc-47be-ba01-b77b2279fa3d/standalone/sample_text_2U3JPQg.pdf
INFO 2025-08-14 05:53:46,223 views : Successfully triggered background task for document: 596cbad6-0a4f-4697-a4be-4d5d5616bb50
WARNING 2025-08-14 06:04:39,441 log : Unauthorized: /auth/subjects/
WARNING 2025-08-14 06:04:51,677 log : Unauthorized: /auth/jwt/create/
INFO 2025-08-14 06:05:08,282 views : Attempting to save document for user: 59ea75f8-56fc-47be-ba01-b77b2279fa3d
INFO 2025-08-14 06:05:08,312 views : Successfully saved document record 2a3ffdfe-e679-40d3-99ca-1403dabcb9b1 to the database.
INFO 2025-08-14 06:05:08,312 views : File URL generated by storage backend: https://plemeggubdfpsgfpgccu.supabase.co/storage/v1/object/public/media/59ea75f8-56fc-47be-ba01-b77b2279fa3d/standalone/sample_text_12FJE2K.pdf
INFO 2025-08-14 06:05:08,391 views : Successfully triggered background task for document: 2a3ffdfe-e679-40d3-99ca-1403dabcb9b1
INFO 2025-08-14 06:06:37,510 views : Attempting to save document for user: 59ea75f8-56fc-47be-ba01-b77b2279fa3d
INFO 2025-08-14 06:06:37,540 views : Successfully saved document record 1838a0b9-e4f8-4785-bc35-5b7911de1b27 to the database.
INFO 2025-08-14 06:06:37,540 views : File URL generated by storage backend: https://plemeggubdfpsgfpgccu.supabase.co/storage/v1/object/public/media/59ea75f8-56fc-47be-ba01-b77b2279fa3d/standalone/final.pdf
INFO 2025-08-14 06:06:37,556 views : Successfully triggered background task for document: 1838a0b9-e4f8-4785-bc35-5b7911de1b27
ERROR 2025-08-14 06:09:39,953 signal : Signal handler <bound method DjangoFixup.on_import_modules of <celery.fixups.django.DjangoFixup object at 0x78901143ead0>> raised: ModuleNotFoundError("No module named 'pytesseract'")
Traceback (most recent call last):
  File "/home/binaryserver/abhishek/backend /RagBag-backend/venv/lib/python3.10/site-packages/celery/utils/dispatch/signal.py", line 280, in send
    response = receiver(signal=self, sender=sender, **named)
  File "/home/binaryserver/abhishek/backend /RagBag-backend/venv/lib/python3.10/site-packages/celery/fixups/django.py", line 101, in on_import_modules
    self.worker_fixup.validate_models()
  File "/home/binaryserver/abhishek/backend /RagBag-backend/venv/lib/python3.10/site-packages/celery/fixups/django.py", line 141, in validate_models
    run_checks()
  File "/home/binaryserver/abhishek/backend /RagBag-backend/venv/lib/python3.10/site-packages/django/core/checks/registry.py", line 89, in run_checks
    new_errors = check(app_configs=app_configs, databases=databases)
  File "/home/binaryserver/abhishek/backend /RagBag-backend/venv/lib/python3.10/site-packages/django/core/checks/urls.py", line 16, in check_url_config
    return check_resolver(resolver)
  File "/home/binaryserver/abhishek/backend /RagBag-backend/venv/lib/python3.10/site-packages/django/core/checks/urls.py", line 26, in check_resolver
    return check_method()
  File "/home/binaryserver/abhishek/backend /RagBag-backend/venv/lib/python3.10/site-packages/django/urls/resolvers.py", line 531, in check
    for pattern in self.url_patterns:
  File "/home/binaryserver/abhishek/backend /RagBag-backend/venv/lib/python3.10/site-packages/django/utils/functional.py", line 47, in __get__
    res = instance.__dict__[self.name] = self.func(instance)
  File "/home/binaryserver/abhishek/backend /RagBag-backend/venv/lib/python3.10/site-packages/django/urls/resolvers.py", line 718, in url_patterns
    patterns = getattr(self.urlconf_module, "urlpatterns", self.urlconf_module)
  File "/home/binaryserver/abhishek/backend /RagBag-backend/venv/lib/python3.10/site-packages/django/utils/functional.py", line 47, in __get__
    res = instance.__dict__[self.name] = self.func(instance)
  File "/home/binaryserver/abhishek/backend /RagBag-backend/venv/lib/python3.10/site-packages/django/urls/resolvers.py", line 711, in urlconf_module
    return import_module(self.urlconf_name)
  File "/usr/lib/python3.10/importlib/__init__.py", line 126, in import_module
    return _bootstrap._gcd_import(name[level:], package, level)
  File "<frozen importlib._bootstrap>", line 1050, in _gcd_import
  File "<frozen importlib._bootstrap>", line 1027, in _find_and_load
  File "<frozen importlib._bootstrap>", line 1006, in _find_and_load_unlocked
  File "<frozen importlib._bootstrap>", line 688, in _load_unlocked
  File "<frozen importlib._bootstrap_external>", line 883, in exec_module
  File "<frozen importlib._bootstrap>", line 241, in _call_with_frames_removed
  File "/home/binaryserver/abhishek/backend /RagBag-backend/core/urls.py", line 8, in <module>
    path('auth/', include('accounts.urls')),
  File "/home/binaryserver/abhishek/backend /RagBag-backend/venv/lib/python3.10/site-packages/django/urls/conf.py", line 39, in include
    urlconf_module = import_module(urlconf_module)
  File "/usr/lib/python3.10/importlib/__init__.py", line 126, in import_module
    return _bootstrap._gcd_import(name[level:], package, level)
  File "<frozen importlib._bootstrap>", line 1050, in _gcd_import
  File "<frozen importlib._bootstrap>", line 1027, in _find_and_load
  File "<frozen importlib._bootstrap>", line 1006, in _find_and_load_unlocked
  File "<frozen importlib._bootstrap>", line 688, in _load_unlocked
  File "<frozen importlib._bootstrap_external>", line 883, in exec_module
  File "<frozen importlib._bootstrap>", line 241, in _call_with_frames_removed
  File "/home/binaryserver/abhishek/backend /RagBag-backend/accounts/urls.py", line 2, in <module>
    from .views import RegisterAPIView, ChatSessionRetriveView, ChatMessageView, ChatSessionView,  SubjectListCreateView, SubjectListCreateView, ChapterListCreateView, DocumentListCreateView, DocumentDetailView
  File "/home/binaryserver/abhishek/backend /RagBag-backend/accounts/views.py", line 18, in <module>
    from .tasks import process_document_ingestion, create_chapter_from_document
  File "/home/binaryserver/abhishek/backend /RagBag-backend/accounts/tasks.py", line 19, in <module>
    import pytesseract
ModuleNotFoundError: No module named 'pytesseract'
ERROR 2025-08-14 06:09:39,960 signal : Signal handler <promise@0x78901140d940 --> <bound method Celery._autodiscover_tasks of <Celery core at 0x78901143eef0>>> raised: ModuleNotFoundError("No module named 'pytesseract'")
Traceback (most recent call last):
  File "/home/binaryserver/abhishek/backend /RagBag-backend/venv/lib/python3.10/site-packages/celery/utils/dispatch/signal.py", line 280, in send
    response = receiver(signal=self, sender=sender, **named)
  File "/home/binaryserver/abhishek/backend /RagBag-backend/venv/lib/python3.10/site-packages/vine/promises.py", line 161, in __call__
    return self.throw()
  File "/home/binaryserver/abhishek/backend /RagBag-backend/venv/lib/python3.10/site-packages/vine/promises.py", line 158, in __call__
    retval = fun(*final_args, **final_kwargs)
  File "/home/binaryserver/abhishek/backend /RagBag-backend/venv/lib/python3.10/site-packages/celery/app/base.py", line 788, in _autodiscover_tasks
    return self._autodiscover_tasks_from_fixups(related_name)
  File "/home/binaryserver/abhishek/backend /RagBag-backend/venv/lib/python3.10/site-packages/celery/app/base.py", line 797, in _autodiscover_tasks_from_fixups
    return self._autodiscover_tasks_from_names([
  File "/home/binaryserver/abhishek/backend /RagBag-backend/venv/lib/python3.10/site-packages/celery/app/base.py", line 792, in _autodiscover_tasks_from_names
    return self.loader.autodiscover_tasks(
  File "/home/binaryserver/abhishek/backend /RagBag-backend/venv/lib/python3.10/site-packages/celery/loaders/base.py", line 220, in autodiscover_tasks
    mod.__name__ for mod in autodiscover_tasks(packages or (),
  File "/home/binaryserver/abhishek/backend /RagBag-backend/venv/lib/python3.10/site-packages/celery/loaders/base.py", line 246, in autodiscover_tasks
    return [find_related_module(pkg, related_name) for pkg in packages]
  File "/home/binaryserver/abhishek/backend /RagBag-backend/venv/lib/python3.10/site-packages/celery/loaders/base.py", line 246, in <listcomp>
    return [find_related_module(pkg, related_name) for pkg in packages]
  File "/home/binaryserver/abhishek/backend /RagBag-backend/venv/lib/python3.10/site-packages/celery/loaders/base.py", line 278, in find_related_module
    raise e
  File "/home/binaryserver/abhishek/backend /RagBag-backend/venv/lib/python3.10/site-packages/celery/loaders/base.py", line 270, in find_related_module
    return importlib.import_module(module_name)
  File "/usr/lib/python3.10/importlib/__init__.py", line 126, in import_module
    return _bootstrap._gcd_import(name[level:], package, level)
  File "<frozen importlib._bootstrap>", line 1050, in _gcd_import
  File "<frozen importlib._bootstrap>", line 1027, in _find_and_load
  File "<frozen importlib._bootstrap>", line 1006, in _find_and_load_unlocked
  File "<frozen importlib._bootstrap>", line 688, in _load_unlocked
  File "<frozen importlib._bootstrap_external>", line 883, in exec_module
  File "<frozen importlib._bootstrap>", line 241, in _call_with_frames_removed
  File "/home/binaryserver/abhishek/backend /RagBag-backend/accounts/tasks.py", line 19, in <module>
    import pytesseract
ModuleNotFoundError: No module named 'pytesseract'
ERROR 2025-08-14 06:10:46,730 signal : Signal handler <bound method DjangoFixup.on_import_modules of <celery.fixups.django.DjangoFixup object at 0x73f51673ead0>> raised: ModuleNotFoundError("No module named 'pytesseract'")
Traceback (most recent call last):
  File "/home/binaryserver/abhishek/backend /RagBag-backend/venv/lib/python3.10/site-packages/celery/utils/dispatch/signal.py", line 280, in send
    response = receiver(signal=self, sender=sender, **named)
  File "/home/binaryserver/abhishek/backend /RagBag-backend/venv/lib/python3.10/site-packages/celery/fixups/django.py", line 101, in on_import_modules
    self.worker_fixup.validate_models()
  File "/home/binaryserver/abhishek/backend /RagBag-backend/venv/lib/python3.10/site-packages/celery/fixups/django.py", line 141, in validate_models
    run_checks()
  File "/home/binaryserver/abhishek/backend /RagBag-backend/venv/lib/python3.10/site-packages/django/core/checks/registry.py", line 89, in run_checks
    new_errors = check(app_configs=app_configs, databases=databases)
  File "/home/binaryserver/abhishek/backend /RagBag-backend/venv/lib/python3.10/site-packages/django/core/checks/urls.py", line 16, in check_url_config
    return check_resolver(resolver)
  File "/home/binaryserver/abhishek/backend /RagBag-backend/venv/lib/python3.10/site-packages/django/core/checks/urls.py", line 26, in check_resolver
    return check_method()
  File "/home/binaryserver/abhishek/backend /RagBag-backend/venv/lib/python3.10/site-packages/django/urls/resolvers.py", line 531, in check
    for pattern in self.url_patterns:
  File "/home/binaryserver/abhishek/backend /RagBag-backend/venv/lib/python3.10/site-packages/django/utils/functional.py", line 47, in __get__
    res = instance.__dict__[self.name] = self.func(instance)
  File "/home/binaryserver/abhishek/backend /RagBag-backend/venv/lib/python3.10/site-packages/django/urls/resolvers.py", line 718, in url_patterns
    patterns = getattr(self.urlconf_module, "urlpatterns", self.urlconf_module)
  File "/home/binaryserver/abhishek/backend /RagBag-backend/venv/lib/python3.10/site-packages/django/utils/functional.py", line 47, in __get__
    res = instance.__dict__[self.name] = self.func(instance)
  File "/home/binaryserver/abhishek/backend /RagBag-backend/venv/lib/python3.10/site-packages/django/urls/resolvers.py", line 711, in urlconf_module
    return import_module(self.urlconf_name)
  File "/usr/lib/python3.10/importlib/__init__.py", line 126, in import_module
    return _bootstrap._gcd_import(name[level:], package, level)
  File "<frozen importlib._bootstrap>", line 1050, in _gcd_import
  File "<frozen importlib._bootstrap>", line 1027, in _find_and_load
  File "<frozen importlib._bootstrap>", line 1006, in _find_and_load_unlocked
  File "<frozen importlib._bootstrap>", line 688, in _load_unlocked
  File "<frozen importlib._bootstrap_external>", line 883, in exec_module
  File "<frozen importlib._bootstrap>", line 241, in _call_with_frames_removed
  File "/home/binaryserver/abhishek/backend /RagBag-backend/core/urls.py", line 8, in <module>
    path('auth/', include('accounts.urls')),
  File "/home/binaryserver/abhishek/backend /RagBag-backend/venv/lib/python3.10/site-packages/django/urls/conf.py", line 39, in include
    urlconf_module = import_module(urlconf_module)
  File "/usr/lib/python3.10/importlib/__init__.py", line 126, in import_module
    return _bootstrap._gcd_import(name[level:], package, level)
  File "<frozen importlib._bootstrap>", line 1050, in _gcd_import
  File "<frozen importlib._bootstrap>", line 1027, in _find_and_load
  File "<frozen importlib._bootstrap>", line 1006, in _find_and_load_unlocked
  File "<frozen importlib._bootstrap>", line 688, in _load_unlocked
  File "<frozen importlib._bootstrap_external>", line 883, in exec_module
  File "<frozen importlib._bootstrap>", line 241, in _call_with_frames_removed
  File "/home/binaryserver/abhishek/backend /RagBag-backend/accounts/urls.py", line 2, in <module>
    from .views import RegisterAPIView, ChatSessionRetriveView, ChatMessageView, ChatSessionView,  SubjectListCreateView, SubjectListCreateView, ChapterListCreateView, DocumentListCreateView, DocumentDetailView
  File "/home/binaryserver/abhishek/backend /RagBag-backend/accounts/views.py", line 18, in <module>
    from .tasks import process_document_ingestion, create_chapter_from_document
  File "/home/binaryserver/abhishek/backend /RagBag-backend/accounts/tasks.py", line 19, in <module>
    import pytesseract
ModuleNotFoundError: No module named 'pytesseract'
ERROR 2025-08-14 06:10:46,736 signal : Signal handler <promise@0x73f51670d940 --> <bound method Celery._autodiscover_tasks of <Celery core at 0x73f51673eef0>>> raised: ModuleNotFoundError("No module named 'pytesseract'")
Traceback (most recent call last):
  File "/home/binaryserver/abhishek/backend /RagBag-backend/venv/lib/python3.10/site-packages/celery/utils/dispatch/signal.py", line 280, in send
    response = receiver(signal=self, sender=sender, **named)
  File "/home/binaryserver/abhishek/backend /RagBag-backend/venv/lib/python3.10/site-packages/vine/promises.py", line 161, in __call__
    return self.throw()
  File "/home/binaryserver/abhishek/backend /RagBag-backend/venv/lib/python3.10/site-packages/vine/promises.py", line 158, in __call__
    retval = fun(*final_args, **final_kwargs)
  File "/home/binaryserver/abhishek/backend /RagBag-backend/venv/lib/python3.10/site-packages/celery/app/base.py", line 788, in _autodiscover_tasks
    return self._autodiscover_tasks_from_fixups(related_name)
  File "/home/binaryserver/abhishek/backend /RagBag-backend/venv/lib/python3.10/site-packages/celery/app/base.py", line 797, in _autodiscover_tasks_from_fixups
    return self._autodiscover_tasks_from_names([
  File "/home/binaryserver/abhishek/backend /RagBag-backend/venv/lib/python3.10/site-packages/celery/app/base.py", line 792, in _autodiscover_tasks_from_names
    return self.loader.autodiscover_tasks(
  File "/home/binaryserver/abhishek/backend /RagBag-backend/venv/lib/python3.10/site-packages/celery/loaders/base.py", line 220, in autodiscover_tasks
    mod.__name__ for mod in autodiscover_tasks(packages or (),
  File "/home/binaryserver/abhishek/backend /RagBag-backend/venv/lib/python3.10/site-packages/celery/loaders/base.py", line 246, in autodiscover_tasks
    return [find_related_module(pkg, related_name) for pkg in packages]
  File "/home/binaryserver/abhishek/backend /RagBag-backend/venv/lib/python3.10/site-packages/celery/loaders/base.py", line 246, in <listcomp>
    return [find_related_module(pkg, related_name) for pkg in packages]
  File "/home/binaryserver/abhishek/backend /RagBag-backend/venv/lib/python3.10/site-packages/celery/loaders/base.py", line 278, in find_related_module
    raise e
  File "/home/binaryserver/abhishek/backend /RagBag-backend/venv/lib/python3.10/site-packages/celery/loaders/base.py", line 270, in find_related_module
    return importlib.import_module(module_name)
  File "/usr/lib/python3.10/importlib/__init__.py", line 126, in import_module
    return _bootstrap._gcd_import(name[level:], package, level)
  File "<frozen importlib._bootstrap>", line 1050, in _gcd_import
  File "<frozen importlib._bootstrap>", line 1027, in _find_and_load
  File "<frozen importlib._bootstrap>", line 1006, in _find_and_load_unlocked
  File "<frozen importlib._bootstrap>", line 688, in _load_unlocked
  File "<frozen importlib._bootstrap_external>", line 883, in exec_module
  File "<frozen importlib._bootstrap>", line 241, in _call_with_frames_removed
  File "/home/binaryserver/abhishek/backend /RagBag-backend/accounts/tasks.py", line 19, in <module>
    import pytesseract
ModuleNotFoundError: No module named 'pytesseract'
ERROR 2025-08-14 06:11:58,641 signal : Signal handler <bound method DjangoFixup.on_import_modules of <celery.fixups.django.DjangoFixup object at 0x73a42ab3ead0>> raised: ModuleNotFoundError("No module named 'pytesseract'")
Traceback (most recent call last):
  File "/home/binaryserver/abhishek/backend /RagBag-backend/venv/lib/python3.10/site-packages/celery/utils/dispatch/signal.py", line 280, in send
    response = receiver(signal=self, sender=sender, **named)
  File "/home/binaryserver/abhishek/backend /RagBag-backend/venv/lib/python3.10/site-packages/celery/fixups/django.py", line 101, in on_import_modules
    self.worker_fixup.validate_models()
  File "/home/binaryserver/abhishek/backend /RagBag-backend/venv/lib/python3.10/site-packages/celery/fixups/django.py", line 141, in validate_models
    run_checks()
  File "/home/binaryserver/abhishek/backend /RagBag-backend/venv/lib/python3.10/site-packages/django/core/checks/registry.py", line 89, in run_checks
    new_errors = check(app_configs=app_configs, databases=databases)
  File "/home/binaryserver/abhishek/backend /RagBag-backend/venv/lib/python3.10/site-packages/django/core/checks/urls.py", line 16, in check_url_config
    return check_resolver(resolver)
  File "/home/binaryserver/abhishek/backend /RagBag-backend/venv/lib/python3.10/site-packages/django/core/checks/urls.py", line 26, in check_resolver
    return check_method()
  File "/home/binaryserver/abhishek/backend /RagBag-backend/venv/lib/python3.10/site-packages/django/urls/resolvers.py", line 531, in check
    for pattern in self.url_patterns:
  File "/home/binaryserver/abhishek/backend /RagBag-backend/venv/lib/python3.10/site-packages/django/utils/functional.py", line 47, in __get__
    res = instance.__dict__[self.name] = self.func(instance)
  File "/home/binaryserver/abhishek/backend /RagBag-backend/venv/lib/python3.10/site-packages/django/urls/resolvers.py", line 718, in url_patterns
    patterns = getattr(self.urlconf_module, "urlpatterns", self.urlconf_module)
  File "/home/binaryserver/abhishek/backend /RagBag-backend/venv/lib/python3.10/site-packages/django/utils/functional.py", line 47, in __get__
    res = instance.__dict__[self.name] = self.func(instance)
  File "/home/binaryserver/abhishek/backend /RagBag-backend/venv/lib/python3.10/site-packages/django/urls/resolvers.py", line 711, in urlconf_module
    return import_module(self.urlconf_name)
  File "/usr/lib/python3.10/importlib/__init__.py", line 126, in import_module
    return _bootstrap._gcd_import(name[level:], package, level)
  File "<frozen importlib._bootstrap>", line 1050, in _gcd_import
  File "<frozen importlib._bootstrap>", line 1027, in _find_and_load
  File "<frozen importlib._bootstrap>", line 1006, in _find_and_load_unlocked
  File "<frozen importlib._bootstrap>", line 688, in _load_unlocked
  File "<frozen importlib._bootstrap_external>", line 883, in exec_module
  File "<frozen importlib._bootstrap>", line 241, in _call_with_frames_removed
  File "/home/binaryserver/abhishek/backend /RagBag-backend/core/urls.py", line 8, in <module>
    path('auth/', include('accounts.urls')),
  File "/home/binaryserver/abhishek/backend /RagBag-backend/venv/lib/python3.10/site-packages/django/urls/conf.py", line 39, in include
    urlconf_module = import_module(urlconf_module)
  File "/usr/lib/python3.10/importlib/__init__.py", line 126, in import_module
    return _bootstrap._gcd_import(name[level:], package, level)
  File "<frozen importlib._bootstrap>", line 1050, in _gcd_import
  File "<frozen importlib._bootstrap>", line 1027, in _find_and_load
  File "<frozen importlib._bootstrap>", line 1006, in _find_and_load_unlocked
  File "<frozen importlib._bootstrap>", line 688, in _load_unlocked
  File "<frozen importlib._bootstrap_external>", line 883, in exec_module
  File "<frozen importlib._bootstrap>", line 241, in _call_with_frames_removed
  File "/home/binaryserver/abhishek/backend /RagBag-backend/accounts/urls.py", line 2, in <module>
    from .views import RegisterAPIView, ChatSessionRetriveView, ChatMessageView, ChatSessionView,  SubjectListCreateView, SubjectListCreateView, ChapterListCreateView, DocumentListCreateView, DocumentDetailView
  File "/home/binaryserver/abhishek/backend /RagBag-backend/accounts/views.py", line 18, in <module>
    from .tasks import process_document_ingestion, create_chapter_from_document
  File "/home/binaryserver/abhishek/backend /RagBag-backend/accounts/tasks.py", line 19, in <module>
    import pytesseract
ModuleNotFoundError: No module named 'pytesseract'
ERROR 2025-08-14 06:11:58,646 signal : Signal handler <promise@0x73a42ab0d940 --> <bound method Celery._autodiscover_tasks of <Celery core at 0x73a42ab3eef0>>> raised: ModuleNotFoundError("No module named 'pytesseract'")
Traceback (most recent call last):
  File "/home/binaryserver/abhishek/backend /RagBag-backend/venv/lib/python3.10/site-packages/celery/utils/dispatch/signal.py", line 280, in send
    response = receiver(signal=self, sender=sender, **named)
  File "/home/binaryserver/abhishek/backend /RagBag-backend/venv/lib/python3.10/site-packages/vine/promises.py", line 161, in __call__
    return self.throw()
  File "/home/binaryserver/abhishek/backend /RagBag-backend/venv/lib/python3.10/site-packages/vine/promises.py", line 158, in __call__
    retval = fun(*final_args, **final_kwargs)
  File "/home/binaryserver/abhishek/backend /RagBag-backend/venv/lib/python3.10/site-packages/celery/app/base.py", line 788, in _autodiscover_tasks
    return self._autodiscover_tasks_from_fixups(related_name)
  File "/home/binaryserver/abhishek/backend /RagBag-backend/venv/lib/python3.10/site-packages/celery/app/base.py", line 797, in _autodiscover_tasks_from_fixups
    return self._autodiscover_tasks_from_names([
  File "/home/binaryserver/abhishek/backend /RagBag-backend/venv/lib/python3.10/site-packages/celery/app/base.py", line 792, in _autodiscover_tasks_from_names
    return self.loader.autodiscover_tasks(
  File "/home/binaryserver/abhishek/backend /RagBag-backend/venv/lib/python3.10/site-packages/celery/loaders/base.py", line 220, in autodiscover_tasks
    mod.__name__ for mod in autodiscover_tasks(packages or (),
  File "/home/binaryserver/abhishek/backend /RagBag-backend/venv/lib/python3.10/site-packages/celery/loaders/base.py", line 246, in autodiscover_tasks
    return [find_related_module(pkg, related_name) for pkg in packages]
  File "/home/binaryserver/abhishek/backend /RagBag-backend/venv/lib/python3.10/site-packages/celery/loaders/base.py", line 246, in <listcomp>
    return [find_related_module(pkg, related_name) for pkg in packages]
  File "/home/binaryserver/abhishek/backend /RagBag-backend/venv/lib/python3.10/site-packages/celery/loaders/base.py", line 278, in find_related_module
    raise e
  File "/home/binaryserver/abhishek/backend /RagBag-backend/venv/lib/python3.10/site-packages/celery/loaders/base.py", line 270, in find_related_module
    return importlib.import_module(module_name)
  File "/usr/lib/python3.10/importlib/__init__.py", line 126, in import_module
    return _bootstrap._gcd_import(name[level:], package, level)
  File "<frozen importlib._bootstrap>", line 1050, in _gcd_import
  File "<frozen importlib._bootstrap>", line 1027, in _find_and_load
  File "<frozen importlib._bootstrap>", line 1006, in _find_and_load_unlocked
  File "<frozen importlib._bootstrap>", line 688, in _load_unlocked
  File "<frozen importlib._bootstrap_external>", line 883, in exec_module
  File "<frozen importlib._bootstrap>", line 241, in _call_with_frames_removed
  File "/home/binaryserver/abhishek/backend /RagBag-backend/accounts/tasks.py", line 19, in <module>
    import pytesseract
ModuleNotFoundError: No module named 'pytesseract'
ERROR 2025-08-14 06:13:54,827 signal : Signal handler <bound method DjangoFixup.on_import_modules of <celery.fixups.django.DjangoFixup object at 0x7d9439c3eb60>> raised: ModuleNotFoundError("No module named 'pdf2image'")
Traceback (most recent call last):
  File "/home/binaryserver/abhishek/backend /RagBag-backend/venv/lib/python3.10/site-packages/celery/utils/dispatch/signal.py", line 280, in send
    response = receiver(signal=self, sender=sender, **named)
  File "/home/binaryserver/abhishek/backend /RagBag-backend/venv/lib/python3.10/site-packages/celery/fixups/django.py", line 101, in on_import_modules
    self.worker_fixup.validate_models()
  File "/home/binaryserver/abhishek/backend /RagBag-backend/venv/lib/python3.10/site-packages/celery/fixups/django.py", line 141, in validate_models
    run_checks()
  File "/home/binaryserver/abhishek/backend /RagBag-backend/venv/lib/python3.10/site-packages/django/core/checks/registry.py", line 89, in run_checks
    new_errors = check(app_configs=app_configs, databases=databases)
  File "/home/binaryserver/abhishek/backend /RagBag-backend/venv/lib/python3.10/site-packages/django/core/checks/urls.py", line 16, in check_url_config
    return check_resolver(resolver)
  File "/home/binaryserver/abhishek/backend /RagBag-backend/venv/lib/python3.10/site-packages/django/core/checks/urls.py", line 26, in check_resolver
    return check_method()
  File "/home/binaryserver/abhishek/backend /RagBag-backend/venv/lib/python3.10/site-packages/django/urls/resolvers.py", line 531, in check
    for pattern in self.url_patterns:
  File "/home/binaryserver/abhishek/backend /RagBag-backend/venv/lib/python3.10/site-packages/django/utils/functional.py", line 47, in __get__
    res = instance.__dict__[self.name] = self.func(instance)
  File "/home/binaryserver/abhishek/backend /RagBag-backend/venv/lib/python3.10/site-packages/django/urls/resolvers.py", line 718, in url_patterns
    patterns = getattr(self.urlconf_module, "urlpatterns", self.urlconf_module)
  File "/home/binaryserver/abhishek/backend /RagBag-backend/venv/lib/python3.10/site-packages/django/utils/functional.py", line 47, in __get__
    res = instance.__dict__[self.name] = self.func(instance)
  File "/home/binaryserver/abhishek/backend /RagBag-backend/venv/lib/python3.10/site-packages/django/urls/resolvers.py", line 711, in urlconf_module
    return import_module(self.urlconf_name)
  File "/usr/lib/python3.10/importlib/__init__.py", line 126, in import_module
    return _bootstrap._gcd_import(name[level:], package, level)
  File "<frozen importlib._bootstrap>", line 1050, in _gcd_import
  File "<frozen importlib._bootstrap>", line 1027, in _find_and_load
  File "<frozen importlib._bootstrap>", line 1006, in _find_and_load_unlocked
  File "<frozen importlib._bootstrap>", line 688, in _load_unlocked
  File "<frozen importlib._bootstrap_external>", line 883, in exec_module
  File "<frozen importlib._bootstrap>", line 241, in _call_with_frames_removed
  File "/home/binaryserver/abhishek/backend /RagBag-backend/core/urls.py", line 8, in <module>
    path('auth/', include('accounts.urls')),
  File "/home/binaryserver/abhishek/backend /RagBag-backend/venv/lib/python3.10/site-packages/django/urls/conf.py", line 39, in include
    urlconf_module = import_module(urlconf_module)
  File "/usr/lib/python3.10/importlib/__init__.py", line 126, in import_module
    return _bootstrap._gcd_import(name[level:], package, level)
  File "<frozen importlib._bootstrap>", line 1050, in _gcd_import
  File "<frozen importlib._bootstrap>", line 1027, in _find_and_load
  File "<frozen importlib._bootstrap>", line 1006, in _find_and_load_unlocked
  File "<frozen importlib._bootstrap>", line 688, in _load_unlocked
  File "<frozen importlib._bootstrap_external>", line 883, in exec_module
  File "<frozen importlib._bootstrap>", line 241, in _call_with_frames_removed
  File "/home/binaryserver/abhishek/backend /RagBag-backend/accounts/urls.py", line 2, in <module>
    from .views import RegisterAPIView, ChatSessionRetriveView, ChatMessageView, ChatSessionView,  SubjectListCreateView, SubjectListCreateView, ChapterListCreateView, DocumentListCreateView, DocumentDetailView
  File "/home/binaryserver/abhishek/backend /RagBag-backend/accounts/views.py", line 18, in <module>
    from .tasks import process_document_ingestion, create_chapter_from_document
  File "/home/binaryserver/abhishek/backend /RagBag-backend/accounts/tasks.py", line 20, in <module>
    from pdf2image import convert_from_bytes
ModuleNotFoundError: No module named 'pdf2image'
ERROR 2025-08-14 06:13:54,834 signal : Signal handler <promise@0x7d9439c0d940 --> <bound method Celery._autodiscover_tasks of <Celery core at 0x7d9439c3ef80>>> raised: ModuleNotFoundError("No module named 'pdf2image'")
Traceback (most recent call last):
  File "/home/binaryserver/abhishek/backend /RagBag-backend/venv/lib/python3.10/site-packages/celery/utils/dispatch/signal.py", line 280, in send
    response = receiver(signal=self, sender=sender, **named)
  File "/home/binaryserver/abhishek/backend /RagBag-backend/venv/lib/python3.10/site-packages/vine/promises.py", line 161, in __call__
    return self.throw()
  File "/home/binaryserver/abhishek/backend /RagBag-backend/venv/lib/python3.10/site-packages/vine/promises.py", line 158, in __call__
    retval = fun(*final_args, **final_kwargs)
  File "/home/binaryserver/abhishek/backend /RagBag-backend/venv/lib/python3.10/site-packages/celery/app/base.py", line 788, in _autodiscover_tasks
    return self._autodiscover_tasks_from_fixups(related_name)
  File "/home/binaryserver/abhishek/backend /RagBag-backend/venv/lib/python3.10/site-packages/celery/app/base.py", line 797, in _autodiscover_tasks_from_fixups
    return self._autodiscover_tasks_from_names([
  File "/home/binaryserver/abhishek/backend /RagBag-backend/venv/lib/python3.10/site-packages/celery/app/base.py", line 792, in _autodiscover_tasks_from_names
    return self.loader.autodiscover_tasks(
  File "/home/binaryserver/abhishek/backend /RagBag-backend/venv/lib/python3.10/site-packages/celery/loaders/base.py", line 220, in autodiscover_tasks
    mod.__name__ for mod in autodiscover_tasks(packages or (),
  File "/home/binaryserver/abhishek/backend /RagBag-backend/venv/lib/python3.10/site-packages/celery/loaders/base.py", line 246, in autodiscover_tasks
    return [find_related_module(pkg, related_name) for pkg in packages]
  File "/home/binaryserver/abhishek/backend /RagBag-backend/venv/lib/python3.10/site-packages/celery/loaders/base.py", line 246, in <listcomp>
    return [find_related_module(pkg, related_name) for pkg in packages]
  File "/home/binaryserver/abhishek/backend /RagBag-backend/venv/lib/python3.10/site-packages/celery/loaders/base.py", line 278, in find_related_module
    raise e
  File "/home/binaryserver/abhishek/backend /RagBag-backend/venv/lib/python3.10/site-packages/celery/loaders/base.py", line 270, in find_related_module
    return importlib.import_module(module_name)
  File "/usr/lib/python3.10/importlib/__init__.py", line 126, in import_module
    return _bootstrap._gcd_import(name[level:], package, level)
  File "<frozen importlib._bootstrap>", line 1050, in _gcd_import
  File "<frozen importlib._bootstrap>", line 1027, in _find_and_load
  File "<frozen importlib._bootstrap>", line 1006, in _find_and_load_unlocked
  File "<frozen importlib._bootstrap>", line 688, in _load_unlocked
  File "<frozen importlib._bootstrap_external>", line 883, in exec_module
  File "<frozen importlib._bootstrap>", line 241, in _call_with_frames_removed
  File "/home/binaryserver/abhishek/backend /RagBag-backend/accounts/tasks.py", line 20, in <module>
    from pdf2image import convert_from_bytes
ModuleNotFoundError: No module named 'pdf2image'
INFO 2025-08-14 06:19:43,335 views : Attempting to save document for user: 59ea75f8-56fc-47be-ba01-b77b2279fa3d
INFO 2025-08-14 06:19:43,366 views : Successfully saved document record 66d626d2-b5c5-4bdc-aae6-6c8dff0c4737 to the database.
INFO 2025-08-14 06:19:43,366 views : File URL generated by storage backend: https://plemeggubdfpsgfpgccu.supabase.co/storage/v1/object/public/media/59ea75f8-56fc-47be-ba01-b77b2279fa3d/standalone/sample_text_Pqc3IIZ.pdf
INFO 2025-08-14 06:19:43,421 views : Successfully triggered background task for document: 66d626d2-b5c5-4bdc-aae6-6c8dff0c4737
INFO 2025-08-14 06:24:25,864 views : Attempting to save document for user: 59ea75f8-56fc-47be-ba01-b77b2279fa3d
INFO 2025-08-14 06:24:25,895 views : Successfully saved document record 53f943a8-3c02-4e8e-9023-d209b8158c07 to the database.
INFO 2025-08-14 06:24:25,896 views : File URL generated by storage backend: https://plemeggubdfpsgfpgccu.supabase.co/storage/v1/object/public/media/59ea75f8-56fc-47be-ba01-b77b2279fa3d/standalone/sample_text_wq0GlhL.pdf
INFO 2025-08-14 06:24:25,961 views : Successfully triggered background task for document: 53f943a8-3c02-4e8e-9023-d209b8158c07
INFO 2025-08-14 06:27:32,862 views : Attempting to save document for user: 59ea75f8-56fc-47be-ba01-b77b2279fa3d
INFO 2025-08-14 06:27:32,894 views : Successfully saved document record b13a20fa-0f38-4d04-b9c7-790cce52935c to the database.
INFO 2025-08-14 06:27:32,894 views : File URL generated by storage backend: https://plemeggubdfpsgfpgccu.supabase.co/storage/v1/object/public/media/59ea75f8-56fc-47be-ba01-b77b2279fa3d/standalone/final_KKSzx6o.pdf
INFO 2025-08-14 06:27:32,910 views : Successfully triggered background task for document: b13a20fa-0f38-4d04-b9c7-790cce52935c
INFO 2025-08-14 06:29:06,864 views : Attempting to save document for user: 59ea75f8-56fc-47be-ba01-b77b2279fa3d
INFO 2025-08-14 06:29:06,894 views : Successfully saved document record 2a919c56-dda4-4285-8e1e-6833c1a2bba6 to the database.
INFO 2025-08-14 06:29:06,894 views : File URL generated by storage backend: https://plemeggubdfpsgfpgccu.supabase.co/storage/v1/object/public/media/59ea75f8-56fc-47be-ba01-b77b2279fa3d/standalone/Material-Usage-Report_2025-07-03_to_2025-07-31.pdf
INFO 2025-08-14 06:29:06,948 views : Successfully triggered background task for document: 2a919c56-dda4-4285-8e1e-6833c1a2bba6
WARNING 2025-08-14 06:37:11,379 log : Unauthorized: /auth/subjects/
INFO 2025-08-14 06:37:52,461 views : Attempting to save document for user: 59ea75f8-56fc-47be-ba01-b77b2279fa3d
INFO 2025-08-14 06:37:52,492 views : Successfully saved document record c469852f-7d7a-4b39-8f3a-cb00288c75af to the database.
INFO 2025-08-14 06:37:52,493 views : File URL generated by storage backend: https://plemeggubdfpsgfpgccu.supabase.co/storage/v1/object/public/media/59ea75f8-56fc-47be-ba01-b77b2279fa3d/standalone/sample_text.pdf
INFO 2025-08-14 06:37:52,554 views : Successfully triggered background task for document: c469852f-7d7a-4b39-8f3a-cb00288c75af
INFO 2025-08-14 06:41:22,181 views : Attempting to save document for user: 59ea75f8-56fc-47be-ba01-b77b2279fa3d
INFO 2025-08-14 06:41:22,212 views : Successfully saved document record eca59f8a-847d-4a4e-a27b-10ebd735373d to the database.
INFO 2025-08-14 06:41:22,213 views : File URL generated by storage backend: https://plemeggubdfpsgfpgccu.supabase.co/storage/v1/object/public/media/59ea75f8-56fc-47be-ba01-b77b2279fa3d/standalone/sample_text_ZEmLpPa.pdf
INFO 2025-08-14 06:41:22,281 views : Successfully triggered background task for document: eca59f8a-847d-4a4e-a27b-10ebd735373d
WARNING 2025-08-14 06:58:51,408 log : Unauthorized: /auth/subjects/
INFO 2025-08-14 06:59:07,376 views : Attempting to save document for user: 59ea75f8-56fc-47be-ba01-b77b2279fa3d
INFO 2025-08-14 06:59:07,408 views : Successfully saved document record f5a30713-24de-42f5-85e5-144024a3ab1b to the database.
INFO 2025-08-14 06:59:07,408 views : File URL generated by storage backend: https://plemeggubdfpsgfpgccu.supabase.co/storage/v1/object/public/media/59ea75f8-56fc-47be-ba01-b77b2279fa3d/standalone/sample_text_DRBEhrP.pdf
INFO 2025-08-14 06:59:07,459 views : Successfully triggered background task for document: f5a30713-24de-42f5-85e5-144024a3ab1b
WARNING 2025-08-14 07:04:15,136 log : Unauthorized: /auth/subjects/
WARNING 2025-08-14 07:04:27,901 log : Unauthorized: /auth/jwt/create/
WARNING 2025-08-14 07:04:37,912 log : Unauthorized: /auth/jwt/create/
INFO 2025-08-14 07:04:52,971 views : Attempting to save document for user: 59ea75f8-56fc-47be-ba01-b77b2279fa3d
INFO 2025-08-14 07:04:53,003 views : Successfully saved document record 619fae09-6a59-47a4-92eb-bc01f20da0ff to the database.
INFO 2025-08-14 07:04:53,003 views : File URL generated by storage backend: https://plemeggubdfpsgfpgccu.supabase.co/storage/v1/object/public/media/59ea75f8-56fc-47be-ba01-b77b2279fa3d/standalone/sample_text_sqE754T.pdf
INFO 2025-08-14 07:04:53,062 views : Successfully triggered background task for document: 619fae09-6a59-47a4-92eb-bc01f20da0ff
INFO 2025-08-14 07:05:11,465 views : Attempting to save document for user: 59ea75f8-56fc-47be-ba01-b77b2279fa3d
INFO 2025-08-14 07:05:11,495 views : Successfully saved document record 2c64344c-9734-4a2d-9470-c6500e4daebb to the database.
INFO 2025-08-14 07:05:11,495 views : File URL generated by storage backend: https://plemeggubdfpsgfpgccu.supabase.co/storage/v1/object/public/media/59ea75f8-56fc-47be-ba01-b77b2279fa3d/standalone/sample_text_sYWu58F.pdf
INFO 2025-08-14 07:05:11,516 views : Successfully triggered background task for document: 2c64344c-9734-4a2d-9470-c6500e4daebb
INFO 2025-08-14 07:34:11,859 _client : HTTP Request: GET http://localhost:6333 "HTTP/1.1 200 OK"
WARNING 2025-08-14 07:34:11,877 log : Unauthorized: /auth/subjects/
INFO 2025-08-14 07:34:37,888 views : Attempting to save document for user: 59ea75f8-56fc-47be-ba01-b77b2279fa3d
INFO 2025-08-14 07:34:37,919 views : Successfully saved document record a4adfb8a-2f82-4ba2-83eb-ac0ce4131715 to the database.
INFO 2025-08-14 07:34:37,920 views : File URL generated by storage backend: https://plemeggubdfpsgfpgccu.supabase.co/storage/v1/object/public/media/59ea75f8-56fc-47be-ba01-b77b2279fa3d/standalone/sample_text_yrdV6wi.pdf
INFO 2025-08-14 07:34:37,983 views : Successfully triggered background task for document: a4adfb8a-2f82-4ba2-83eb-ac0ce4131715
INFO 2025-08-14 08:27:45,882 _client : HTTP Request: GET http://localhost:6333 "HTTP/1.1 200 OK"
INFO 2025-08-14 08:27:56,794 _client : HTTP Request: GET http://localhost:6333 "HTTP/1.1 200 OK"
WARNING 2025-08-14 08:27:56,806 log : Unauthorized: /auth/subjects/
INFO 2025-08-14 08:28:11,226 views : Attempting to save document for user: 59ea75f8-56fc-47be-ba01-b77b2279fa3d
INFO 2025-08-14 08:28:11,257 views : Successfully saved document record 62f0ee67-e369-4db3-badc-07bcaca34c61 to the database.
INFO 2025-08-14 08:28:11,258 views : File URL generated by storage backend: https://plemeggubdfpsgfpgccu.supabase.co/storage/v1/object/public/media/59ea75f8-56fc-47be-ba01-b77b2279fa3d/standalone/sample_text_D1Dx6A9.pdf
INFO 2025-08-14 08:28:11,320 views : Successfully triggered background task for document: 62f0ee67-e369-4db3-badc-07bcaca34c61
WARNING 2025-08-14 08:32:11,406 log : Not Found: /favicon.ico
WARNING 2025-08-14 08:33:08,040 log : Not Found: /auth/generate-questions/
WARNING 2025-08-14 08:38:39,437 log : Unauthorized: /auth/subjects/
WARNING 2025-08-14 08:39:04,081 log : Unauthorized: /auth/register/
WARNING 2025-08-14 08:39:43,031 log : Unauthorized: /auth/register/
WARNING 2025-08-14 08:40:04,769 log : Unauthorized: /auth/jwt/create/
WARNING 2025-08-14 08:41:03,012 log : Unauthorized: /auth/register/
INFO 2025-08-14 08:44:56,189 _client : HTTP Request: GET http://localhost:6333 "HTTP/1.1 200 OK"
ERROR 2025-08-14 08:44:56,200 views : Unexpected error during registration: The field 'name' was declared on serializer RegisterSerializers, but has not been included in the 'fields' option.
ERROR 2025-08-14 08:44:56,206 log : Internal Server Error: /auth/register/
WARNING 2025-08-14 08:45:30,356 log : Method Not Allowed: /auth/register/
INFO 2025-08-14 08:50:06,784 _client : HTTP Request: GET http://localhost:6333 "HTTP/1.1 200 OK"
ERROR 2025-08-14 08:50:06,797 views : Unexpected error during registration: The field 'name' was declared on serializer RegisterSerializers, but has not been included in the 'fields' option.
ERROR 2025-08-14 08:50:06,803 log : Internal Server Error: /auth/register/
ERROR 2025-08-14 08:52:50,350 views : Unexpected error during registration: The field 'name' was declared on serializer RegisterSerializers, but has not been included in the 'fields' option.
ERROR 2025-08-14 08:52:50,355 log : Internal Server Error: /auth/register/
INFO 2025-08-14 09:02:05,736 _client : HTTP Request: GET http://localhost:6333 "HTTP/1.1 200 OK"
WARNING 2025-08-14 09:02:06,062 views : Registration failed: {'name': [ErrorDetail(string='This field is required.', code='required')]}
WARNING 2025-08-14 09:02:06,068 log : Bad Request: /auth/register/
INFO 2025-08-14 09:11:54,483 views : User registered successfully: hmi@gmail.com
WARNING 2025-08-14 09:17:34,251 log : Unauthorized: /auth/chapters/
INFO 2025-08-14 09:18:58,417 views : Attempting to save document for user: dd01b74b-8223-4e1e-aa6b-3ac8abd67fd0
INFO 2025-08-14 09:18:58,449 views : Successfully saved document record fa699a04-6517-4363-93d5-ba5944d1cfb5 to the database.
INFO 2025-08-14 09:18:58,449 views : File URL generated by storage backend: https://plemeggubdfpsgfpgccu.supabase.co/storage/v1/object/public/media/dd01b74b-8223-4e1e-aa6b-3ac8abd67fd0/standalone/consumer_behaviour_and_demand.pdf
INFO 2025-08-14 09:18:58,512 views : Successfully triggered background task for document: fa699a04-6517-4363-93d5-ba5944d1cfb5
INFO 2025-08-14 09:35:02,035 _client : HTTP Request: GET http://localhost:6333 "HTTP/1.1 200 OK"
WARNING 2025-08-14 09:35:20,749 log : Unauthorized: /auth/documents/
INFO 2025-08-14 09:35:21,333 views : Attempting to save document for user: dd01b74b-8223-4e1e-aa6b-3ac8abd67fd0
INFO 2025-08-14 09:35:21,362 views : Successfully saved document record 4477391a-98f4-4323-af95-748776772875 to the database.
INFO 2025-08-14 09:35:21,363 views : File URL generated by storage backend: https://plemeggubdfpsgfpgccu.supabase.co/storage/v1/object/public/media/dd01b74b-8223-4e1e-aa6b-3ac8abd67fd0/standalone/consumer_behaviour_and_demand_rWssHft.pdf
INFO 2025-08-14 09:35:21,383 views : Successfully triggered background task for document: 4477391a-98f4-4323-af95-748776772875
INFO 2025-08-14 10:02:03,697 _client : HTTP Request: GET http://localhost:6333 "HTTP/1.1 200 OK"
INFO 2025-08-14 10:02:37,633 views : Attempting to save document for user: dd01b74b-8223-4e1e-aa6b-3ac8abd67fd0
INFO 2025-08-14 10:02:37,665 views : Successfully saved document record 7c4bfda3-9849-4f75-938a-4afa6b845f44 to the database.
INFO 2025-08-14 10:02:37,665 views : File URL generated by storage backend: https://plemeggubdfpsgfpgccu.supabase.co/storage/v1/object/public/media/dd01b74b-8223-4e1e-aa6b-3ac8abd67fd0/standalone/consumer_behaviour_and_demand_DKKmEFi.pdf
INFO 2025-08-14 10:02:37,747 views : Successfully triggered background task for document: 7c4bfda3-9849-4f75-938a-4afa6b845f44
INFO 2025-08-14 10:06:32,043 views : Attempting to save document for user: dd01b74b-8223-4e1e-aa6b-3ac8abd67fd0
INFO 2025-08-14 10:06:32,075 views : Successfully saved document record 932c979a-225a-4abc-b4c3-d5703707358a to the database.
INFO 2025-08-14 10:06:32,076 views : File URL generated by storage backend: https://plemeggubdfpsgfpgccu.supabase.co/storage/v1/object/public/media/dd01b74b-8223-4e1e-aa6b-3ac8abd67fd0/standalone/dsa_basics.pdf
INFO 2025-08-14 10:06:32,097 views : Successfully triggered background task for document: 932c979a-225a-4abc-b4c3-d5703707358a
INFO 2025-08-14 10:06:48,019 views : Attempting to save document for user: dd01b74b-8223-4e1e-aa6b-3ac8abd67fd0
INFO 2025-08-14 10:06:48,051 views : Successfully saved document record 2e0b09de-810a-4bc1-a24b-5425a28c48ad to the database.
INFO 2025-08-14 10:06:48,051 views : File URL generated by storage backend: https://plemeggubdfpsgfpgccu.supabase.co/storage/v1/object/public/media/dd01b74b-8223-4e1e-aa6b-3ac8abd67fd0/standalone/sample_text.pdf
INFO 2025-08-14 10:06:48,071 views : Successfully triggered background task for document: 2e0b09de-810a-4bc1-a24b-5425a28c48ad
INFO 2025-08-14 10:24:35,877 _client : HTTP Request: GET http://localhost:6333 "HTTP/1.1 200 OK"
WARNING 2025-08-14 10:24:35,894 log : Unauthorized: /auth/subjects/
WARNING 2025-08-14 10:45:51,302 log : Unauthorized: /auth/subjects/
WARNING 2025-08-14 10:50:38,583 log : Not Found: /ws/notifications/
WARNING 2025-08-14 10:52:15,583 log : Not Found: /ws/notifications/
WARNING 2025-08-14 10:52:15,628 log : Unauthorized: /auth/subjects/
INFO 2025-08-14 11:03:03,372 _client : HTTP Request: GET http://localhost:6333 "HTTP/1.1 200 OK"
INFO 2025-08-14 11:09:43,555 _client : HTTP Request: GET http://localhost:6333 "HTTP/1.1 200 OK"
WARNING 2025-08-14 11:09:43,572 log : Unauthorized: /auth/subjects/
WARNING 2025-08-14 11:09:52,713 log : Not Found: /ws/notifications/
INFO 2025-08-14 11:16:14,997 _client : HTTP Request: GET http://localhost:6333 "HTTP/1.1 200 OK"
INFO 2025-08-14 11:16:29,613 _client : HTTP Request: GET http://localhost:6333 "HTTP/1.1 200 OK"
INFO 2025-08-14 11:20:59,604 _client : HTTP Request: GET http://localhost:6333 "HTTP/1.1 200 OK"
WARNING 2025-08-14 11:20:59,687 log : Not Found: /ws/notifications/
WARNING 2025-08-14 11:20:59,698 log : Unauthorized: /auth/subjects/
WARNING 2025-08-14 11:21:16,537 log : Not Found: /ws/notifications/
INFO 2025-08-14 11:21:34,384 _client : HTTP Request: GET http://localhost:6333 "HTTP/1.1 200 OK"
INFO 2025-08-14 11:21:43,764 _client : HTTP Request: GET http://localhost:6333 "HTTP/1.1 200 OK"
INFO 2025-08-14 11:21:59,520 _client : HTTP Request: GET http://localhost:6333 "HTTP/1.1 200 OK"
WARNING 2025-08-14 11:21:59,593 log : Not Found: /ws/notifications/
INFO 2025-08-14 11:24:04,650 _client : HTTP Request: GET http://localhost:6333 "HTTP/1.1 200 OK"
INFO 2025-08-14 11:34:21,246 _client : HTTP Request: GET http://localhost:6333 "HTTP/1.1 200 OK"
INFO 2025-08-14 11:34:50,482 _client : HTTP Request: GET http://localhost:6333 "HTTP/1.1 200 OK"
INFO 2025-08-14 11:36:15,864 _client : HTTP Request: GET http://localhost:6333 "HTTP/1.1 200 OK"
INFO 2025-08-14 11:48:48,078 _client : HTTP Request: GET http://localhost:6333 "HTTP/1.1 200 OK"
WARNING 2025-08-14 11:48:48,095 log : Unauthorized: /auth/subjects/
INFO 2025-08-14 11:53:05,307 _client : HTTP Request: GET http://localhost:6333 "HTTP/1.1 200 OK"
INFO 2025-08-14 11:57:30,899 _client : HTTP Request: GET http://localhost:6333 "HTTP/1.1 200 OK"
WARNING 2025-08-14 11:57:30,912 log : Unauthorized: /auth/subjects/
INFO 2025-08-14 11:59:51,661 _client : HTTP Request: GET http://localhost:6333 "HTTP/1.1 200 OK"
INFO 2025-08-14 12:20:21,051 _client : HTTP Request: GET http://localhost:6333 "HTTP/1.1 200 OK"
WARNING 2025-08-14 12:20:21,068 log : Unauthorized: /auth/subjects/
INFO 2025-08-14 12:25:50,527 _client : HTTP Request: GET http://localhost:6333 "HTTP/1.1 200 OK"
INFO 2025-08-14 12:26:01,527 _client : HTTP Request: GET http://localhost:6333 "HTTP/1.1 200 OK"
INFO 2025-08-14 12:28:28,465 _client : HTTP Request: GET http://localhost:6333 "HTTP/1.1 200 OK"
WARNING 2025-08-14 12:28:28,477 log : Unauthorized: /auth/subjects/
WARNING 2025-08-14 12:28:38,848 log : Unauthorized: /auth/jwt/create/
WARNING 2025-08-14 12:28:46,864 log : Unauthorized: /auth/jwt/create/
INFO 2025-08-14 12:29:17,468 _client : HTTP Request: GET http://localhost:6333 "HTTP/1.1 200 OK"
WARNING 2025-08-14 12:29:19,607 log : Unauthorized: /auth/jwt/create/
INFO 2025-08-14 12:29:57,856 _client : HTTP Request: GET http://localhost:6333 "HTTP/1.1 200 OK"
WARNING 2025-08-14 12:29:59,703 log : Unauthorized: /auth/jwt/create/
INFO 2025-08-14 12:30:18,988 _client : HTTP Request: GET http://localhost:6333 "HTTP/1.1 200 OK"
WARNING 2025-08-14 12:30:20,578 log : Unauthorized: /auth/jwt/create/
WARNING 2025-08-14 12:31:03,990 log : Unauthorized: /auth/jwt/create/
INFO 2025-08-14 12:31:58,381 _client : HTTP Request: GET http://localhost:6333 "HTTP/1.1 200 OK"
WARNING 2025-08-14 12:32:00,020 log : Unauthorized: /auth/jwt/create/
INFO 2025-08-14 12:32:22,150 _client : HTTP Request: GET http://localhost:6333 "HTTP/1.1 200 OK"
INFO 2025-08-14 12:32:32,029 _client : HTTP Request: GET http://localhost:6333 "HTTP/1.1 200 OK"
INFO 2025-08-14 12:32:41,462 views : Attempting to save document for user: dd01b74b-8223-4e1e-aa6b-3ac8abd67fd0
INFO 2025-08-14 12:32:41,494 views : Successfully saved document record fdff6ec0-98e6-4dab-9ad4-a048de3bcd09 to the database.
INFO 2025-08-14 12:32:41,494 views : File URL generated by storage backend: https://plemeggubdfpsgfpgccu.supabase.co/storage/v1/object/public/media/dd01b74b-8223-4e1e-aa6b-3ac8abd67fd0/standalone/dsa_basics_vXf8LQT.pdf
INFO 2025-08-14 12:32:41,558 views : Successfully triggered background task for document: fdff6ec0-98e6-4dab-9ad4-a048de3bcd09
INFO 2025-08-14 12:32:56,368 views : Attempting to save document for user: dd01b74b-8223-4e1e-aa6b-3ac8abd67fd0
INFO 2025-08-14 12:32:56,398 views : Successfully saved document record c664d787-fc5c-4c81-96a8-cbe6ff4cbda8 to the database.
INFO 2025-08-14 12:32:56,399 views : File URL generated by storage backend: https://plemeggubdfpsgfpgccu.supabase.co/storage/v1/object/public/media/dd01b74b-8223-4e1e-aa6b-3ac8abd67fd0/standalone/consumer_behaviour_and_demand_Jal9e3O.pdf
INFO 2025-08-14 12:32:56,415 views : Successfully triggered background task for document: c664d787-fc5c-4c81-96a8-cbe6ff4cbda8
INFO 2025-08-14 12:33:59,523 views : Attempting to save document for user: dd01b74b-8223-4e1e-aa6b-3ac8abd67fd0
INFO 2025-08-14 12:33:59,552 views : Successfully saved document record f105be06-9cee-4bfb-8d0e-ebd78b41c600 to the database.
INFO 2025-08-14 12:33:59,553 views : File URL generated by storage backend: https://plemeggubdfpsgfpgccu.supabase.co/storage/v1/object/public/media/dd01b74b-8223-4e1e-aa6b-3ac8abd67fd0/standalone/final.pdf
INFO 2025-08-14 12:33:59,577 views : Successfully triggered background task for document: f105be06-9cee-4bfb-8d0e-ebd78b41c600
INFO 2025-08-14 12:34:21,169 views : Attempting to save document for user: dd01b74b-8223-4e1e-aa6b-3ac8abd67fd0
INFO 2025-08-14 12:34:21,198 views : Successfully saved document record b37de003-6ce0-4ebe-8c23-65e75726af26 to the database.
INFO 2025-08-14 12:34:21,198 views : File URL generated by storage backend: https://plemeggubdfpsgfpgccu.supabase.co/storage/v1/object/public/media/dd01b74b-8223-4e1e-aa6b-3ac8abd67fd0/standalone/dsa_basics_yL5fA8a.pdf
INFO 2025-08-14 12:34:21,214 views : Successfully triggered background task for document: b37de003-6ce0-4ebe-8c23-65e75726af26
INFO 2025-08-14 12:34:37,671 views : Attempting to save document for user: dd01b74b-8223-4e1e-aa6b-3ac8abd67fd0
INFO 2025-08-14 12:34:37,701 views : Successfully saved document record fa9e558c-c4ae-47d2-af90-0b2620edfc12 to the database.
INFO 2025-08-14 12:34:37,702 views : File URL generated by storage backend: https://plemeggubdfpsgfpgccu.supabase.co/storage/v1/object/public/media/dd01b74b-8223-4e1e-aa6b-3ac8abd67fd0/standalone/dsa_basics_KiPS2Ay.pdf
INFO 2025-08-14 12:34:37,723 views : Successfully triggered background task for document: fa9e558c-c4ae-47d2-af90-0b2620edfc12
INFO 2025-08-14 12:34:38,074 _client : HTTP Request: GET http://localhost:6333 "HTTP/1.1 200 OK"
WARNING 2025-08-14 12:37:20,429 log : Unauthorized: /auth/subjects/
INFO 2025-08-14 12:37:29,637 views : Attempting to save document for user: dd01b74b-8223-4e1e-aa6b-3ac8abd67fd0
INFO 2025-08-14 12:37:29,667 views : Successfully saved document record 09b9c8ef-56e7-46be-98fe-5f4cafd5b413 to the database.
INFO 2025-08-14 12:37:29,667 views : File URL generated by storage backend: https://plemeggubdfpsgfpgccu.supabase.co/storage/v1/object/public/media/dd01b74b-8223-4e1e-aa6b-3ac8abd67fd0/standalone/sample_subject.pdf
INFO 2025-08-14 12:37:29,689 views : Successfully triggered background task for document: 09b9c8ef-56e7-46be-98fe-5f4cafd5b413
INFO 2025-08-14 12:37:40,585 views : Attempting to save document for user: dd01b74b-8223-4e1e-aa6b-3ac8abd67fd0
INFO 2025-08-14 12:37:40,614 views : Successfully saved document record bf186acd-c319-4517-a590-878fcf357d58 to the database.
INFO 2025-08-14 12:37:40,614 views : File URL generated by storage backend: https://plemeggubdfpsgfpgccu.supabase.co/storage/v1/object/public/media/dd01b74b-8223-4e1e-aa6b-3ac8abd67fd0/standalone/sample_subject_TTWTeJT.pdf
INFO 2025-08-14 12:37:40,636 views : Successfully triggered background task for document: bf186acd-c319-4517-a590-878fcf357d58
WARNING 2025-08-14 12:45:56,051 log : Not Found: /admin/api/hmigroup/
